Start testing: Oct 27 22:20 ?D1迆㊣那℅?那㊣??
----------------------------------------------------------
1/249 Testing: sofa-test
1/249 Test: sofa-test
Command: "D:/S/sofa/bin/sofa-test.exe"
Directory: D:/S/debug/sofa/src
"sofa-test" start time: Oct 27 22:20 ?D1迆㊣那℅?那㊣??
Output:
----------------------------------------------------------
t_sofa_c validation successful
<end of output>
Test time =   0.02 sec
----------------------------------------------------------
Test Passed.
"sofa-test" end time: Oct 27 22:20 ?D1迆㊣那℅?那㊣??
"sofa-test" time elapsed: 00:00:00
----------------------------------------------------------

2/249 Testing: test_AerodynamicMomentAndAerodynamicForce
2/249 Test: test_AerodynamicMomentAndAerodynamicForce
Command: "D:/S/tudat/bin/unit_tests/test_AerodynamicMomentAndAerodynamicForce.exe"
Directory: D:/S/debug/tudat/Tudat/Astrodynamics/Aerodynamics
"test_AerodynamicMomentAndAerodynamicForce" start time: Oct 27 22:20 ?D1迆㊣那℅?那㊣??
Output:
----------------------------------------------------------
Running 3 test cases...
Assertion failed!

Program: D:\S\tudat\bin\unit_tests\test_AerodynamicMomentAndAerodynamicForce.exe
File: D:/S/eigen/Eigen/src/Core/DenseStorage.h, Line 109

Expression: (internal::UIntPtr(eigen_unaligned_array_assert_workaround_gcc47(array)) & (15)) == 0 && "this assertion is explained here: " "http://eigen.tuxfamily.org/dox-devel/group__TopicUnalignedArrayAssert.html" " **** READ THIS WEB PAGE !!! ****"
<end of output>
Test time =   0.11 sec
----------------------------------------------------------
Test Failed.
"test_AerodynamicMomentAndAerodynamicForce" end time: Oct 27 22:20 ?D1迆㊣那℅?那㊣??
"test_AerodynamicMomentAndAerodynamicForce" time elapsed: 00:00:00
----------------------------------------------------------

3/249 Testing: test_AerodynamicsNamespace
3/249 Test: test_AerodynamicsNamespace
Command: "D:/S/tudat/bin/unit_tests/test_AerodynamicsNamespace.exe"
Directory: D:/S/debug/tudat/Tudat/Astrodynamics/Aerodynamics
"test_AerodynamicsNamespace" start time: Oct 27 22:20 ?D1迆㊣那℅?那㊣??
Output:
----------------------------------------------------------
Running 2 test cases...

*** No errors detected
<end of output>
Test time =   0.01 sec
----------------------------------------------------------
Test Passed.
"test_AerodynamicsNamespace" end time: Oct 27 22:20 ?D1迆㊣那℅?那㊣??
"test_AerodynamicsNamespace" time elapsed: 00:00:00
----------------------------------------------------------

4/249 Testing: test_AerodynamicCoefficientGenerator
4/249 Test: test_AerodynamicCoefficientGenerator
Command: "D:/S/tudat/bin/unit_tests/test_AerodynamicCoefficientGenerator.exe"
Directory: D:/S/debug/tudat/Tudat/Astrodynamics/Aerodynamics
"test_AerodynamicCoefficientGenerator" start time: Oct 27 22:20 ?D1迆㊣那℅?那㊣??
Output:
----------------------------------------------------------
Running 2 test cases...

*** No errors detected
<end of output>
Test time =   0.07 sec
----------------------------------------------------------
Test Passed.
"test_AerodynamicCoefficientGenerator" end time: Oct 27 22:20 ?D1迆㊣那℅?那㊣??
"test_AerodynamicCoefficientGenerator" time elapsed: 00:00:00
----------------------------------------------------------

5/249 Testing: test_ExponentialAtmosphere
5/249 Test: test_ExponentialAtmosphere
Command: "D:/S/tudat/bin/unit_tests/test_ExponentialAtmosphere.exe"
Directory: D:/S/debug/tudat/Tudat/Astrodynamics/Aerodynamics
"test_ExponentialAtmosphere" start time: Oct 27 22:20 ?D1迆㊣那℅?那㊣??
Output:
----------------------------------------------------------
Running 4 test cases...

*** No errors detected
<end of output>
Test time =   0.01 sec
----------------------------------------------------------
Test Passed.
"test_ExponentialAtmosphere" end time: Oct 27 22:20 ?D1迆㊣那℅?那㊣??
"test_ExponentialAtmosphere" time elapsed: 00:00:00
----------------------------------------------------------

6/249 Testing: test_CustomConstantTemperatureAtmosphere
6/249 Test: test_CustomConstantTemperatureAtmosphere
Command: "D:/S/tudat/bin/unit_tests/test_CustomConstantTemperatureAtmosphere.exe"
Directory: D:/S/debug/tudat/Tudat/Astrodynamics/Aerodynamics
"test_CustomConstantTemperatureAtmosphere" start time: Oct 27 22:20 ?D1迆㊣那℅?那㊣??
Output:
----------------------------------------------------------
Running 4 test cases...

*** No errors detected
<end of output>
Test time =   0.01 sec
----------------------------------------------------------
Test Passed.
"test_CustomConstantTemperatureAtmosphere" end time: Oct 27 22:20 ?D1迆㊣那℅?那㊣??
"test_CustomConstantTemperatureAtmosphere" time elapsed: 00:00:00
----------------------------------------------------------

7/249 Testing: test_TabulatedAtmosphere
7/249 Test: test_TabulatedAtmosphere
Command: "D:/S/tudat/bin/unit_tests/test_TabulatedAtmosphere.exe"
Directory: D:/S/debug/tudat/Tudat/Astrodynamics/Aerodynamics
"test_TabulatedAtmosphere" start time: Oct 27 22:20 ?D1迆㊣那℅?那㊣??
Output:
----------------------------------------------------------
Running 10 test cases...
Warning in interpolator, requesting data point outside of boundaries, requested data of dimension 2 at 50000000.000000 but limit values are 50000.000000 and 10000000.000000, taking default value instead.
Warning in interpolator, requesting data point outside of boundaries, requested data of dimension 2 at 50000000.000000 but limit values are 50000.000000 and 10000000.000000, taking default value instead.
Warning in interpolator, requesting data point outside of boundaries, requested data of dimension 2 at 50000000.000000 but limit values are 50000.000000 and 10000000.000000, taking default value instead.
Warning in interpolator, requesting data point outside of boundaries, requested data of dimension 2 at 50000000.000000 but limit values are 50000.000000 and 10000000.000000, taking default value instead.
Warning in interpolator, requesting data point outside of boundaries, requested data of dimension 1 at 10.000000 but limit values are -1.570796 and 1.570796, taking boundary value instead.
Warning in interpolator, requesting data point outside of boundaries, requested data of dimension 1 at 10.000000 but limit values are -1.570796 and 1.570796, taking boundary value instead.
Warning in interpolator, requesting data point outside of boundaries, requested data of dimension 1 at 10.000000 but limit values are -1.570796 and 1.570796, taking boundary value instead.
Warning in interpolator, requesting data point outside of boundaries, requested data of dimension 1 at 10.000000 but limit values are -1.570796 and 1.570796, taking boundary value instead.

*** No errors detected
<end of output>
Test time =  84.44 sec
----------------------------------------------------------
Test Passed.
"test_TabulatedAtmosphere" end time: Oct 27 22:21 ?D1迆㊣那℅?那㊣??
"test_TabulatedAtmosphere" time elapsed: 00:01:24
----------------------------------------------------------

8/249 Testing: test_TabulatedAerodynamicCoefficients
8/249 Test: test_TabulatedAerodynamicCoefficients
Command: "D:/S/tudat/bin/unit_tests/test_TabulatedAerodynamicCoefficients.exe"
Directory: D:/S/debug/tudat/Tudat/Astrodynamics/Aerodynamics
"test_TabulatedAerodynamicCoefficients" start time: Oct 27 22:21 ?D1迆㊣那℅?那㊣??
Output:
----------------------------------------------------------
Running 1 test case...
Assertion failed!

Program: D:\S\tudat\bin\unit_tests\test_TabulatedAerodynamicCoefficients.exe
File: D:/S/eigen/Eigen/src/Core/DenseStorage.h, Line 109

Expression: (internal::UIntPtr(eigen_unaligned_array_assert_workaround_gcc47(array)) & (15)) == 0 && "this assertion is explained here: " "http://eigen.tuxfamily.org/dox-devel/group__TopicUnalignedArrayAssert.html" " **** READ THIS WEB PAGE !!! ****"
<end of output>
Test time =   0.08 sec
----------------------------------------------------------
Test Failed.
"test_TabulatedAerodynamicCoefficients" end time: Oct 27 22:21 ?D1迆㊣那℅?那㊣??
"test_TabulatedAerodynamicCoefficients" time elapsed: 00:00:00
----------------------------------------------------------

9/249 Testing: test_HeatTransfer
9/249 Test: test_HeatTransfer
Command: "D:/S/tudat/bin/unit_tests/test_HeatTransfer.exe"
Directory: D:/S/debug/tudat/Tudat/Astrodynamics/Aerodynamics
"test_HeatTransfer" start time: Oct 27 22:21 ?D1迆㊣那℅?那㊣??
Output:
----------------------------------------------------------
Running 3 test cases...

*** No errors detected
<end of output>
Test time =   0.03 sec
----------------------------------------------------------
Test Passed.
"test_HeatTransfer" end time: Oct 27 22:21 ?D1迆㊣那℅?那㊣??
"test_HeatTransfer" time elapsed: 00:00:00
----------------------------------------------------------

10/249 Testing: test_ControlSurfaceIncrements
10/249 Test: test_ControlSurfaceIncrements
Command: "D:/S/tudat/bin/unit_tests/test_ControlSurfaceIncrements.exe"
Directory: D:/S/debug/tudat/Tudat/Astrodynamics/Aerodynamics
"test_ControlSurfaceIncrements" start time: Oct 27 22:21 ?D1迆㊣那℅?那㊣??
Output:
----------------------------------------------------------
Running 2 test cases...
Assertion failed!

Program: D:\S\tudat\bin\unit_tests\test_ControlSurfaceIncrements.exe
File: D:/S/eigen/Eigen/src/Core/DenseStorage.h, Line 109

Expression: (internal::UIntPtr(eigen_unaligned_array_assert_workaround_gcc47(array)) & (15)) == 0 && "this assertion is explained here: " "http://eigen.tuxfamily.org/dox-devel/group__TopicUnalignedArrayAssert.html" " **** READ THIS WEB PAGE !!! ****"
<end of output>
Test time =   0.29 sec
----------------------------------------------------------
Test Failed.
"test_ControlSurfaceIncrements" end time: Oct 27 22:21 ?D1迆㊣那℅?那㊣??
"test_ControlSurfaceIncrements" time elapsed: 00:00:00
----------------------------------------------------------

11/249 Testing: test_AerodynamicCoefficientsFromFile
11/249 Test: test_AerodynamicCoefficientsFromFile
Command: "D:/S/tudat/bin/unit_tests/test_AerodynamicCoefficientsFromFile.exe"
Directory: D:/S/debug/tudat/Tudat/Astrodynamics/Aerodynamics
"test_AerodynamicCoefficientsFromFile" start time: Oct 27 22:21 ?D1迆㊣那℅?那㊣??
Output:
----------------------------------------------------------
Running 1 test case...
Assertion failed!

Program: D:\S\tudat\bin\unit_tests\test_AerodynamicCoefficientsFromFile.exe
File: D:/S/eigen/Eigen/src/Core/DenseStorage.h, Line 109

Expression: (internal::UIntPtr(eigen_unaligned_array_assert_workaround_gcc47(array)) & (15)) == 0 && "this assertion is explained here: " "http://eigen.tuxfamily.org/dox-devel/group__TopicUnalignedArrayAssert.html" " **** READ THIS WEB PAGE !!! ****"
<end of output>
Test time =   0.07 sec
----------------------------------------------------------
Test Failed.
"test_AerodynamicCoefficientsFromFile" end time: Oct 27 22:21 ?D1迆㊣那℅?那㊣??
"test_AerodynamicCoefficientsFromFile" time elapsed: 00:00:00
----------------------------------------------------------

12/249 Testing: test_WindModel
12/249 Test: test_WindModel
Command: "D:/S/tudat/bin/unit_tests/test_WindModel.exe"
Directory: D:/S/debug/tudat/Tudat/Astrodynamics/Aerodynamics
"test_WindModel" start time: Oct 27 22:21 ?D1迆㊣那℅?那㊣??
Output:
----------------------------------------------------------
Running 1 test case...
Assertion failed!

Program: D:\S\tudat\bin\unit_tests\test_WindModel.exe
File: D:/S/eigen/Eigen/src/Core/DenseStorage.h, Line 109

Expression: (internal::UIntPtr(eigen_unaligned_array_assert_workaround_gcc47(array)) & (15)) == 0 && "this assertion is explained here: " "http://eigen.tuxfamily.org/dox-devel/group__TopicUnalignedArrayAssert.html" " **** READ THIS WEB PAGE !!! ****"
<end of output>
Test time =   0.10 sec
----------------------------------------------------------
Test Failed.
"test_WindModel" end time: Oct 27 22:21 ?D1迆㊣那℅?那㊣??
"test_WindModel" time elapsed: 00:00:00
----------------------------------------------------------

13/249 Testing: test_NRLMSISE00Atmosphere
13/249 Test: test_NRLMSISE00Atmosphere
Command: "D:/S/tudat/bin/unit_tests/test_NRLMSISE00Atmosphere.exe"
Directory: D:/S/debug/tudat/Tudat/Astrodynamics/Aerodynamics
"test_NRLMSISE00Atmosphere" start time: Oct 27 22:21 ?D1迆㊣那℅?那㊣??
Output:
----------------------------------------------------------
Running 24 test cases...

*** No errors detected
<end of output>
Test time =   0.06 sec
----------------------------------------------------------
Test Passed.
"test_NRLMSISE00Atmosphere" end time: Oct 27 22:21 ?D1迆㊣那℅?那㊣??
"test_NRLMSISE00Atmosphere" time elapsed: 00:00:00
----------------------------------------------------------

14/249 Testing: test_AstrodynamicsFunctions
14/249 Test: test_AstrodynamicsFunctions
Command: "D:/S/tudat/bin/unit_tests/test_AstrodynamicsFunctions.exe"
Directory: D:/S/debug/tudat/Tudat/Astrodynamics/BasicAstrodynamics
"test_AstrodynamicsFunctions" start time: Oct 27 22:21 ?D1迆㊣那℅?那㊣??
Output:
----------------------------------------------------------
Running 8 test cases...

*** No errors detected
<end of output>
Test time =   0.01 sec
----------------------------------------------------------
Test Passed.
"test_AstrodynamicsFunctions" end time: Oct 27 22:21 ?D1迆㊣那℅?那㊣??
"test_AstrodynamicsFunctions" time elapsed: 00:00:00
----------------------------------------------------------

15/249 Testing: test_OrbitalElementConversions
15/249 Test: test_OrbitalElementConversions
Command: "D:/S/tudat/bin/unit_tests/test_OrbitalElementConversions.exe"
Directory: D:/S/debug/tudat/Tudat/Astrodynamics/BasicAstrodynamics
"test_OrbitalElementConversions" start time: Oct 27 22:21 ?D1迆㊣那℅?那㊣??
Output:
----------------------------------------------------------
Running 12 test cases...


 146378739288.0336  -32851886854.1209 -14241055658.24648  6603.183449760695  26444.27948911581  11463.63694918501
 146378739287.7867 -32851886855.22092 -14241055658.24651  6603.183449959424  26444.27948906618  11463.63694918501

  149614115637.0027 0.01636341269609827  0.4090490755385123   1.802512417580217   6.283180991344357   4.240777009021134
  149614115637.0026 0.01636341269609836  0.4090490755385123   1.802512417580231   6.283180991344357   4.240777009021119

*** No errors detected
<end of output>
Test time =   0.01 sec
----------------------------------------------------------
Test Passed.
"test_OrbitalElementConversions" end time: Oct 27 22:21 ?D1迆㊣那℅?那㊣??
"test_OrbitalElementConversions" time elapsed: 00:00:00
----------------------------------------------------------

16/249 Testing: test_PhysicalConstants
16/249 Test: test_PhysicalConstants
Command: "D:/S/tudat/bin/unit_tests/test_PhysicalConstants.exe"
Directory: D:/S/debug/tudat/Tudat/Astrodynamics/BasicAstrodynamics
"test_PhysicalConstants" start time: Oct 27 22:21 ?D1迆㊣那℅?那㊣??
Output:
----------------------------------------------------------
Running 4 test cases...

*** No errors detected
<end of output>
Test time =   0.01 sec
----------------------------------------------------------
Test Passed.
"test_PhysicalConstants" end time: Oct 27 22:21 ?D1迆㊣那℅?那㊣??
"test_PhysicalConstants" time elapsed: 00:00:00
----------------------------------------------------------

17/249 Testing: test_UnitConversions
17/249 Test: test_UnitConversions
Command: "D:/S/tudat/bin/unit_tests/test_UnitConversions.exe"
Directory: D:/S/debug/tudat/Tudat/Astrodynamics/BasicAstrodynamics
"test_UnitConversions" start time: Oct 27 22:21 ?D1迆㊣那℅?那㊣??
Output:
----------------------------------------------------------
Running 14 test cases...

*** No errors detected
<end of output>
Test time =   0.01 sec
----------------------------------------------------------
Test Passed.
"test_UnitConversions" end time: Oct 27 22:21 ?D1迆㊣那℅?那㊣??
"test_UnitConversions" time elapsed: 00:00:00
----------------------------------------------------------

18/249 Testing: test_MeanToEccentricAnomalyConversion
18/249 Test: test_MeanToEccentricAnomalyConversion
Command: "D:/S/tudat/bin/unit_tests/test_MeanToEccentricAnomalyConversion.exe"
Directory: D:/S/debug/tudat/Tudat/Astrodynamics/BasicAstrodynamics
"test_MeanToEccentricAnomalyConversion" start time: Oct 27 22:21 ?D1迆㊣那℅?那㊣??
Output:
----------------------------------------------------------
Running 7 test cases...

*** No errors detected
<end of output>
Test time =   0.84 sec
----------------------------------------------------------
Test Passed.
"test_MeanToEccentricAnomalyConversion" end time: Oct 27 22:21 ?D1迆㊣那℅?那㊣??
"test_MeanToEccentricAnomalyConversion" time elapsed: 00:00:00
----------------------------------------------------------

19/249 Testing: test_MeanToHyperbolicEccentricAnomalyConversion
19/249 Test: test_MeanToHyperbolicEccentricAnomalyConversion
Command: "D:/S/tudat/bin/unit_tests/test_MeanToHyperbolicEccentricAnomalyConversion.exe"
Directory: D:/S/debug/tudat/Tudat/Astrodynamics/BasicAstrodynamics
"test_MeanToHyperbolicEccentricAnomalyConversion" start time: Oct 27 22:21 ?D1迆㊣那℅?那㊣??
Output:
----------------------------------------------------------
Running 5 test cases...

*** No errors detected
<end of output>
Test time =   1.27 sec
----------------------------------------------------------
Test Passed.
"test_MeanToHyperbolicEccentricAnomalyConversion" end time: Oct 27 22:21 ?D1迆㊣那℅?那㊣??
"test_MeanToHyperbolicEccentricAnomalyConversion" time elapsed: 00:00:01
----------------------------------------------------------

20/249 Testing: test_KeplerPropagator
20/249 Test: test_KeplerPropagator
Command: "D:/S/tudat/bin/unit_tests/test_KeplerPropagator.exe"
Directory: D:/S/debug/tudat/Tudat/Astrodynamics/BasicAstrodynamics
"test_KeplerPropagator" start time: Oct 27 22:21 ?D1迆㊣那℅?那㊣??
Output:
----------------------------------------------------------
Running 6 test cases...
Assertion failed!

Program: D:\S\tudat\bin\unit_tests\test_KeplerPropagator.exe
File: D:/S/eigen/Eigen/src/Core/DenseStorage.h, Line 109

Expression: (internal::UIntPtr(eigen_unaligned_array_assert_workaround_gcc47(array)) & (15)) == 0 && "this assertion is explained here: " "http://eigen.tuxfamily.org/dox-devel/group__TopicUnalignedArrayAssert.html" " **** READ THIS WEB PAGE !!! ****"
<end of output>
Test time =   0.01 sec
----------------------------------------------------------
Test Failed.
"test_KeplerPropagator" end time: Oct 27 22:21 ?D1迆㊣那℅?那㊣??
"test_KeplerPropagator" time elapsed: 00:00:00
----------------------------------------------------------

21/249 Testing: test_AccelerationModel
21/249 Test: test_AccelerationModel
Command: "D:/S/tudat/bin/unit_tests/test_AccelerationModel.exe"
Directory: D:/S/debug/tudat/Tudat/Astrodynamics/BasicAstrodynamics
"test_AccelerationModel" start time: Oct 27 22:21 ?D1迆㊣那℅?那㊣??
Output:
----------------------------------------------------------
Running 3 test cases...

*** No errors detected
<end of output>
Test time =   0.01 sec
----------------------------------------------------------
Test Passed.
"test_AccelerationModel" end time: Oct 27 22:21 ?D1迆㊣那℅?那㊣??
"test_AccelerationModel" time elapsed: 00:00:00
----------------------------------------------------------

22/249 Testing: test_ClohessyWiltshirePropagator
22/249 Test: test_ClohessyWiltshirePropagator
Command: "D:/S/tudat/bin/unit_tests/test_ClohessyWiltshirePropagator.exe"
Directory: D:/S/debug/tudat/Tudat/Astrodynamics/BasicAstrodynamics
"test_ClohessyWiltshirePropagator" start time: Oct 27 22:21 ?D1迆㊣那℅?那㊣??
Output:
----------------------------------------------------------
Running 2 test cases...

*** No errors detected
<end of output>
Test time =   0.01 sec
----------------------------------------------------------
Test Passed.
"test_ClohessyWiltshirePropagator" end time: Oct 27 22:21 ?D1迆㊣那℅?那㊣??
"test_ClohessyWiltshirePropagator" time elapsed: 00:00:00
----------------------------------------------------------

23/249 Testing: test_MissionGeometry
23/249 Test: test_MissionGeometry
Command: "D:/S/tudat/bin/unit_tests/test_MissionGeometry.exe"
Directory: D:/S/debug/tudat/Tudat/Astrodynamics/BasicAstrodynamics
"test_MissionGeometry" start time: Oct 27 22:21 ?D1迆㊣那℅?那㊣??
Output:
----------------------------------------------------------
Running 6 test cases...

*** No errors detected
<end of output>
Test time =   0.01 sec
----------------------------------------------------------
Test Passed.
"test_MissionGeometry" end time: Oct 27 22:21 ?D1迆㊣那℅?那㊣??
"test_MissionGeometry" time elapsed: 00:00:00
----------------------------------------------------------

24/249 Testing: test_TimeConversions
24/249 Test: test_TimeConversions
Command: "D:/S/tudat/bin/unit_tests/test_TimeConversions.exe"
Directory: D:/S/debug/tudat/Tudat/Astrodynamics/BasicAstrodynamics
"test_TimeConversions" start time: Oct 27 22:21 ?D1迆㊣那℅?那㊣??
Output:
----------------------------------------------------------
Running 5 test cases...

*** No errors detected
<end of output>
Test time =   0.01 sec
----------------------------------------------------------
Test Passed.
"test_TimeConversions" end time: Oct 27 22:21 ?D1迆㊣那℅?那㊣??
"test_TimeConversions" time elapsed: 00:00:00
----------------------------------------------------------

25/249 Testing: test_CelestialBodyConstants
25/249 Test: test_CelestialBodyConstants
Command: "D:/S/tudat/bin/unit_tests/test_CelestialBodyConstants.exe"
Directory: D:/S/debug/tudat/Tudat/Astrodynamics/BasicAstrodynamics
"test_CelestialBodyConstants" start time: Oct 27 22:21 ?D1迆㊣那℅?那㊣??
Output:
----------------------------------------------------------
Running 4 test cases...

*** No errors detected
<end of output>
Test time =   0.01 sec
----------------------------------------------------------
Test Passed.
"test_CelestialBodyConstants" end time: Oct 27 22:21 ?D1迆㊣那℅?那㊣??
"test_CelestialBodyConstants" time elapsed: 00:00:00
----------------------------------------------------------

26/249 Testing: test_ModifiedEquinoctialElementConversions
26/249 Test: test_ModifiedEquinoctialElementConversions
Command: "D:/S/tudat/bin/unit_tests/test_ModifiedEquinoctialElementConversions.exe"
Directory: D:/S/debug/tudat/Tudat/Astrodynamics/BasicAstrodynamics
"test_ModifiedEquinoctialElementConversions" start time: Oct 27 22:21 ?D1迆㊣那℅?那㊣??
Output:
----------------------------------------------------------
Running 4 test cases...
D:/S/tudat/Tudat/Astrodynamics/BasicAstrodynamics/UnitTests/unitTestModifiedEquinoctialElementConversions.cpp(669): error: in "test_orbital_element_conversions/testConvertCartesianElementsToModifiedEquinoctialElements": Element [0, 0] not within expected tolerance (delta 1.359731e-007): expected 10000000.000000, was 10000000.000000, tolerance 1.000000e-014 .
D:/S/tudat/Tudat/Astrodynamics/BasicAstrodynamics/UnitTests/unitTestModifiedEquinoctialElementConversions.cpp(676): error: in "test_orbital_element_conversions/testConvertCartesianElementsToModifiedEquinoctialElements": Element [0, 0] not within expected tolerance (delta 1.359731e-007): expected 10000000.000000, was 10000000.000000, tolerance 1.000000e-014 .

*** 2 failures are detected in the test module "Master Test Suite"
<end of output>
Test time =   0.02 sec
----------------------------------------------------------
Test Failed.
"test_ModifiedEquinoctialElementConversions" end time: Oct 27 22:21 ?D1迆㊣那℅?那㊣??
"test_ModifiedEquinoctialElementConversions" time elapsed: 00:00:00
----------------------------------------------------------

27/249 Testing: test_GeodeticCoordinateConversions
27/249 Test: test_GeodeticCoordinateConversions
Command: "D:/S/tudat/bin/unit_tests/test_GeodeticCoordinateConversions.exe"
Directory: D:/S/debug/tudat/Tudat/Astrodynamics/BasicAstrodynamics
"test_GeodeticCoordinateConversions" start time: Oct 27 22:21 ?D1迆㊣那℅?那㊣??
Output:
----------------------------------------------------------
Running 1 test case...

*** No errors detected
<end of output>
Test time =   0.01 sec
----------------------------------------------------------
Test Passed.
"test_GeodeticCoordinateConversions" end time: Oct 27 22:21 ?D1迆㊣那℅?那㊣??
"test_GeodeticCoordinateConversions" time elapsed: 00:00:00
----------------------------------------------------------

28/249 Testing: test_StateElementConversions
28/249 Test: test_StateElementConversions
Command: "D:/S/tudat/bin/unit_tests/test_StateElementConversions.exe"
Directory: D:/S/debug/tudat/Tudat/Astrodynamics/BasicAstrodynamics
"test_StateElementConversions" start time: Oct 27 22:21 ?D1迆㊣那℅?那㊣??
Output:
----------------------------------------------------------
Running 1 test case...

*** No errors detected
<end of output>
Test time =   0.01 sec
----------------------------------------------------------
Test Passed.
"test_StateElementConversions" end time: Oct 27 22:21 ?D1迆㊣那℅?那㊣??
"test_StateElementConversions" time elapsed: 00:00:00
----------------------------------------------------------

29/249 Testing: test_SphericalOrbitalStateConversions
29/249 Test: test_SphericalOrbitalStateConversions
Command: "D:/S/tudat/bin/unit_tests/test_SphericalOrbitalStateConversions.exe"
Directory: D:/S/debug/tudat/Tudat/Astrodynamics/BasicAstrodynamics
"test_SphericalOrbitalStateConversions" start time: Oct 27 22:21 ?D1迆㊣那℅?那㊣??
Output:
----------------------------------------------------------
Running 1 test case...

*** No errors detected
<end of output>
Test time =   0.01 sec
----------------------------------------------------------
Test Passed.
"test_SphericalOrbitalStateConversions" end time: Oct 27 22:21 ?D1迆㊣那℅?那㊣??
"test_SphericalOrbitalStateConversions" time elapsed: 00:00:00
----------------------------------------------------------

30/249 Testing: test_BodyShapeModels
30/249 Test: test_BodyShapeModels
Command: "D:/S/tudat/bin/unit_tests/test_BodyShapeModels.exe"
Directory: D:/S/debug/tudat/Tudat/Astrodynamics/BasicAstrodynamics
"test_BodyShapeModels" start time: Oct 27 22:21 ?D1迆㊣那℅?那㊣??
Output:
----------------------------------------------------------
Running 1 test case...

*** No errors detected
<end of output>
Test time =   0.01 sec
----------------------------------------------------------
Test Passed.
"test_BodyShapeModels" end time: Oct 27 22:21 ?D1迆㊣那℅?那㊣??
"test_BodyShapeModels" time elapsed: 00:00:00
----------------------------------------------------------

31/249 Testing: test_UnifiedStateModelQuaternionElementConversions
31/249 Test: test_UnifiedStateModelQuaternionElementConversions
Command: "D:/S/tudat/bin/unit_tests/test_UnifiedStateModelQuaternionElementConversions.exe"
Directory: D:/S/debug/tudat/Tudat/Astrodynamics/BasicAstrodynamics
"test_UnifiedStateModelQuaternionElementConversions" start time: Oct 27 22:21 ?D1迆㊣那℅?那㊣??
Output:
----------------------------------------------------------
Running 2 test cases...

*** No errors detected
<end of output>
Test time =   0.02 sec
----------------------------------------------------------
Test Passed.
"test_UnifiedStateModelQuaternionElementConversions" end time: Oct 27 22:21 ?D1迆㊣那℅?那㊣??
"test_UnifiedStateModelQuaternionElementConversions" time elapsed: 00:00:00
----------------------------------------------------------

32/249 Testing: test_UnifiedStateModelModifiedRodriguesParameterElementConversions
32/249 Test: test_UnifiedStateModelModifiedRodriguesParameterElementConversions
Command: "D:/S/tudat/bin/unit_tests/test_UnifiedStateModelModifiedRodriguesParameterElementConversions.exe"
Directory: D:/S/debug/tudat/Tudat/Astrodynamics/BasicAstrodynamics
"test_UnifiedStateModelModifiedRodriguesParameterElementConversions" start time: Oct 27 22:21 ?D1迆㊣那℅?那㊣??
Output:
----------------------------------------------------------
Running 2 test cases...
D:/S/tudat/Tudat/Astrodynamics/BasicAstrodynamics/UnitTests/unitTestUnifiedStateModelModifiedRodriguesParameterElementConversions.cpp(233): error: in "test_USM6_Element_Conversions/testconvertKeplerianToUnifiedStateModelModifiedRodriguesParametersElements": Element [3, 0] not within expected tolerance (delta 6.014116e-001): expected -0.300706, was 0.300706, tolerance 1.000000e-014 .
D:/S/tudat/Tudat/Astrodynamics/BasicAstrodynamics/UnitTests/unitTestUnifiedStateModelModifiedRodriguesParameterElementConversions.cpp(233): error: in "test_USM6_Element_Conversions/testconvertKeplerianToUnifiedStateModelModifiedRodriguesParametersElements": Element [4, 0] not within expected tolerance (delta 1.907434e+000): expected 0.953717, was -0.953717, tolerance 1.000000e-014 .
D:/S/tudat/Tudat/Astrodynamics/BasicAstrodynamics/UnitTests/unitTestUnifiedStateModelModifiedRodriguesParameterElementConversions.cpp(233): error: in "test_USM6_Element_Conversions/testconvertKeplerianToUnifiedStateModelModifiedRodriguesParametersElements": Element [6, 0] not within expected tolerance (delta 1.000000e+000): expected 0.000000, was 1.000000, tolerance 1.000000e-014 .

*** 3 failures are detected in the test module "Master Test Suite"
<end of output>
Test time =   0.02 sec
----------------------------------------------------------
Test Failed.
"test_UnifiedStateModelModifiedRodriguesParameterElementConversions" end time: Oct 27 22:21 ?D1迆㊣那℅?那㊣??
"test_UnifiedStateModelModifiedRodriguesParameterElementConversions" time elapsed: 00:00:00
----------------------------------------------------------

33/249 Testing: test_UnifiedStateModelExponentialMapElementConversions
33/249 Test: test_UnifiedStateModelExponentialMapElementConversions
Command: "D:/S/tudat/bin/unit_tests/test_UnifiedStateModelExponentialMapElementConversions.exe"
Directory: D:/S/debug/tudat/Tudat/Astrodynamics/BasicAstrodynamics
"test_UnifiedStateModelExponentialMapElementConversions" start time: Oct 27 22:21 ?D1迆㊣那℅?那㊣??
Output:
----------------------------------------------------------
Running 2 test cases...

*** No errors detected
<end of output>
Test time =   0.01 sec
----------------------------------------------------------
Test Passed.
"test_UnifiedStateModelExponentialMapElementConversions" end time: Oct 27 22:21 ?D1迆㊣那℅?那㊣??
"test_UnifiedStateModelExponentialMapElementConversions" time elapsed: 00:00:00
----------------------------------------------------------

34/249 Testing: test_EmpiricalAccelerations
34/249 Test: test_EmpiricalAccelerations
Command: "D:/S/tudat/bin/unit_tests/test_EmpiricalAccelerations.exe"
Directory: D:/S/debug/tudat/Tudat/Astrodynamics/BasicAstrodynamics
"test_EmpiricalAccelerations" start time: Oct 27 22:21 ?D1迆㊣那℅?那㊣??
Output:
----------------------------------------------------------
Running 1 test case...
Assertion failed!

Program: D:\S\tudat\bin\unit_tests\test_EmpiricalAccelerations.exe
File: D:/S/eigen/Eigen/src/Core/DenseStorage.h, Line 109

Expression: (internal::UIntPtr(eigen_unaligned_array_assert_workaround_gcc47(array)) & (15)) == 0 && "this assertion is explained here: " "http://eigen.tuxfamily.org/dox-devel/group__TopicUnalignedArrayAssert.html" " **** READ THIS WEB PAGE !!! ****"
<end of output>
Test time =   0.06 sec
----------------------------------------------------------
Test Failed.
"test_EmpiricalAccelerations" end time: Oct 27 22:21 ?D1迆㊣那℅?那㊣??
"test_EmpiricalAccelerations" time elapsed: 00:00:00
----------------------------------------------------------

35/249 Testing: test_CannonBallRadiationPressureAccelerationAndForce
35/249 Test: test_CannonBallRadiationPressureAccelerationAndForce
Command: "D:/S/tudat/bin/unit_tests/test_CannonBallRadiationPressureAccelerationAndForce.exe"
Directory: D:/S/debug/tudat/Tudat/Astrodynamics/ElectroMagnetism
"test_CannonBallRadiationPressureAccelerationAndForce" start time: Oct 27 22:21 ?D1迆㊣那℅?那㊣??
Output:
----------------------------------------------------------
Running 9 test cases...

*** No errors detected
<end of output>
Test time =   0.02 sec
----------------------------------------------------------
Test Passed.
"test_CannonBallRadiationPressureAccelerationAndForce" end time: Oct 27 22:21 ?D1迆㊣那℅?那㊣??
"test_CannonBallRadiationPressureAccelerationAndForce" time elapsed: 00:00:00
----------------------------------------------------------

36/249 Testing: test_LorentzStaticMagneticAccelerationAndForce
36/249 Test: test_LorentzStaticMagneticAccelerationAndForce
Command: "D:/S/tudat/bin/unit_tests/test_LorentzStaticMagneticAccelerationAndForce.exe"
Directory: D:/S/debug/tudat/Tudat/Astrodynamics/ElectroMagnetism
"test_LorentzStaticMagneticAccelerationAndForce" start time: Oct 27 22:21 ?D1迆㊣那℅?那㊣??
Output:
----------------------------------------------------------
Running 5 test cases...

*** No errors detected
<end of output>
Test time =   0.01 sec
----------------------------------------------------------
Test Passed.
"test_LorentzStaticMagneticAccelerationAndForce" end time: Oct 27 22:21 ?D1迆㊣那℅?那㊣??
"test_LorentzStaticMagneticAccelerationAndForce" time elapsed: 00:00:00
----------------------------------------------------------

37/249 Testing: test_RadiationPressureInterface
37/249 Test: test_RadiationPressureInterface
Command: "D:/S/tudat/bin/unit_tests/test_RadiationPressureInterface.exe"
Directory: D:/S/debug/tudat/Tudat/Astrodynamics/ElectroMagnetism
"test_RadiationPressureInterface" start time: Oct 27 22:21 ?D1迆㊣那℅?那㊣??
Output:
----------------------------------------------------------
Running 2 test cases...

*** No errors detected
<end of output>
Test time =   0.01 sec
----------------------------------------------------------
Test Passed.
"test_RadiationPressureInterface" end time: Oct 27 22:21 ?D1迆㊣那℅?那㊣??
"test_RadiationPressureInterface" time elapsed: 00:00:00
----------------------------------------------------------

38/249 Testing: test_ApproximatePlanetPositions
38/249 Test: test_ApproximatePlanetPositions
Command: "D:/S/tudat/bin/unit_tests/test_ApproximatePlanetPositions.exe"
Directory: D:/S/debug/tudat/Tudat/Astrodynamics/Ephemerides
"test_ApproximatePlanetPositions" start time: Oct 27 22:21 ?D1迆㊣那℅?那㊣??
Output:
----------------------------------------------------------
Running 2 test cases...

*** No errors detected
<end of output>
Test time =   0.01 sec
----------------------------------------------------------
Test Passed.
"test_ApproximatePlanetPositions" end time: Oct 27 22:21 ?D1迆㊣那℅?那㊣??
"test_ApproximatePlanetPositions" time elapsed: 00:00:00
----------------------------------------------------------

39/249 Testing: test_TabulatedEphemeris
39/249 Test: test_TabulatedEphemeris
Command: "D:/S/tudat/bin/unit_tests/test_TabulatedEphemeris.exe"
Directory: D:/S/debug/tudat/Tudat/Astrodynamics/Ephemerides
"test_TabulatedEphemeris" start time: Oct 27 22:21 ?D1迆㊣那℅?那㊣??
Output:
----------------------------------------------------------
Running 1 test case...
Assertion failed!

Program: D:\S\tudat\bin\unit_tests\test_TabulatedEphemeris.exe
File: D:/S/eigen/Eigen/src/Core/DenseStorage.h, Line 109

Expression: (internal::UIntPtr(eigen_unaligned_array_assert_workaround_gcc47(array)) & (15)) == 0 && "this assertion is explained here: " "http://eigen.tuxfamily.org/dox-devel/group__TopicUnalignedArrayAssert.html" " **** READ THIS WEB PAGE !!! ****"
<end of output>
Test time =   0.01 sec
----------------------------------------------------------
Test Failed.
"test_TabulatedEphemeris" end time: Oct 27 22:21 ?D1迆㊣那℅?那㊣??
"test_TabulatedEphemeris" time elapsed: 00:00:00
----------------------------------------------------------

40/249 Testing: test_CartesianStateExtractor
40/249 Test: test_CartesianStateExtractor
Command: "D:/S/tudat/bin/unit_tests/test_CartesianStateExtractor.exe"
Directory: D:/S/debug/tudat/Tudat/Astrodynamics/Ephemerides
"test_CartesianStateExtractor" start time: Oct 27 22:21 ?D1迆㊣那℅?那㊣??
Output:
----------------------------------------------------------
Running 7 test cases...

*** No errors detected
<end of output>
Test time =   0.01 sec
----------------------------------------------------------
Test Passed.
"test_CartesianStateExtractor" end time: Oct 27 22:21 ?D1迆㊣那℅?那㊣??
"test_CartesianStateExtractor" time elapsed: 00:00:00
----------------------------------------------------------

41/249 Testing: test_KeplerStateExtractor
41/249 Test: test_KeplerStateExtractor
Command: "D:/S/tudat/bin/unit_tests/test_KeplerStateExtractor.exe"
Directory: D:/S/debug/tudat/Tudat/Astrodynamics/Ephemerides
"test_KeplerStateExtractor" start time: Oct 27 22:21 ?D1迆㊣那℅?那㊣??
Output:
----------------------------------------------------------
Running 8 test cases...

*** No errors detected
<end of output>
Test time =   0.01 sec
----------------------------------------------------------
Test Passed.
"test_KeplerStateExtractor" end time: Oct 27 22:21 ?D1迆㊣那℅?那㊣??
"test_KeplerStateExtractor" time elapsed: 00:00:00
----------------------------------------------------------

42/249 Testing: test_RotationalEphemeris
42/249 Test: test_RotationalEphemeris
Command: "D:/S/tudat/bin/unit_tests/test_RotationalEphemeris.exe"
Directory: D:/S/debug/tudat/Tudat/Astrodynamics/Ephemerides
"test_RotationalEphemeris" start time: Oct 27 22:21 ?D1迆㊣那℅?那㊣??
Output:
----------------------------------------------------------
Running 1 test case...

*** No errors detected
<end of output>
Test time =   0.01 sec
----------------------------------------------------------
Test Passed.
"test_RotationalEphemeris" end time: Oct 27 22:21 ?D1迆㊣那℅?那㊣??
"test_RotationalEphemeris" time elapsed: 00:00:00
----------------------------------------------------------

43/249 Testing: test_SimpleRotationalEphemeris
43/249 Test: test_SimpleRotationalEphemeris
Command: "D:/S/tudat/bin/unit_tests/test_SimpleRotationalEphemeris.exe"
Directory: D:/S/debug/tudat/Tudat/Astrodynamics/Ephemerides
"test_SimpleRotationalEphemeris" start time: Oct 27 22:21 ?D1迆㊣那℅?那㊣??
Output:
----------------------------------------------------------
Running 1 test case...

*** No errors detected
<end of output>
Test time =   0.01 sec
----------------------------------------------------------
Test Passed.
"test_SimpleRotationalEphemeris" end time: Oct 27 22:21 ?D1迆㊣那℅?那㊣??
"test_SimpleRotationalEphemeris" time elapsed: 00:00:00
----------------------------------------------------------

44/249 Testing: test_FrameManager
44/249 Test: test_FrameManager
Command: "D:/S/tudat/bin/unit_tests/test_FrameManager.exe"
Directory: D:/S/debug/tudat/Tudat/Astrodynamics/Ephemerides
"test_FrameManager" start time: Oct 27 22:21 ?D1迆㊣那℅?那㊣??
Output:
----------------------------------------------------------
Running 1 test case...

*** No errors detected
<end of output>
Test time =   0.06 sec
----------------------------------------------------------
Test Passed.
"test_FrameManager" end time: Oct 27 22:21 ?D1迆㊣那℅?那㊣??
"test_FrameManager" time elapsed: 00:00:00
----------------------------------------------------------

45/249 Testing: test_CompositeEphemeris
45/249 Test: test_CompositeEphemeris
Command: "D:/S/tudat/bin/unit_tests/test_CompositeEphemeris.exe"
Directory: D:/S/debug/tudat/Tudat/Astrodynamics/Ephemerides
"test_CompositeEphemeris" start time: Oct 27 22:21 ?D1迆㊣那℅?那㊣??
Output:
----------------------------------------------------------
Running 1 test case...
Assertion failed!

Program: D:\S\tudat\bin\unit_tests\test_CompositeEphemeris.exe
File: D:/S/eigen/Eigen/src/Core/DenseStorage.h, Line 109

Expression: (internal::UIntPtr(eigen_unaligned_array_assert_workaround_gcc47(array)) & (15)) == 0 && "this assertion is explained here: " "http://eigen.tuxfamily.org/dox-devel/group__TopicUnalignedArrayAssert.html" " **** READ THIS WEB PAGE !!! ****"
<end of output>
Test time =   0.09 sec
----------------------------------------------------------
Test Failed.
"test_CompositeEphemeris" end time: Oct 27 22:21 ?D1迆㊣那℅?那㊣??
"test_CompositeEphemeris" time elapsed: 00:00:00
----------------------------------------------------------

46/249 Testing: test_TabulatedRotationalEphemeris
46/249 Test: test_TabulatedRotationalEphemeris
Command: "D:/S/tudat/bin/unit_tests/test_TabulatedRotationalEphemeris.exe"
Directory: D:/S/debug/tudat/Tudat/Astrodynamics/Ephemerides
"test_TabulatedRotationalEphemeris" start time: Oct 27 22:21 ?D1迆㊣那℅?那㊣??
Output:
----------------------------------------------------------
Running 1 test case...

*** No errors detected
<end of output>
Test time =   0.54 sec
----------------------------------------------------------
Test Passed.
"test_TabulatedRotationalEphemeris" end time: Oct 27 22:21 ?D1迆㊣那℅?那㊣??
"test_TabulatedRotationalEphemeris" time elapsed: 00:00:00
----------------------------------------------------------

47/249 Testing: test_KeplerEphemeris
47/249 Test: test_KeplerEphemeris
Command: "D:/S/tudat/bin/unit_tests/test_KeplerEphemeris.exe"
Directory: D:/S/debug/tudat/Tudat/Astrodynamics/Ephemerides
"test_KeplerEphemeris" start time: Oct 27 22:21 ?D1迆㊣那℅?那㊣??
Output:
----------------------------------------------------------
Running 2 test cases...
Assertion failed!

Program: D:\S\tudat\bin\unit_tests\test_KeplerEphemeris.exe
File: D:/S/eigen/Eigen/src/Core/DenseStorage.h, Line 109

Expression: (internal::UIntPtr(eigen_unaligned_array_assert_workaround_gcc47(array)) & (15)) == 0 && "this assertion is explained here: " "http://eigen.tuxfamily.org/dox-devel/group__TopicUnalignedArrayAssert.html" " **** READ THIS WEB PAGE !!! ****"
<end of output>
Test time =   0.01 sec
----------------------------------------------------------
Test Failed.
"test_KeplerEphemeris" end time: Oct 27 22:21 ?D1迆㊣那℅?那㊣??
"test_KeplerEphemeris" time elapsed: 00:00:00
----------------------------------------------------------

48/249 Testing: test_GcrsToItrsRotation
48/249 Test: test_GcrsToItrsRotation
Command: "D:/S/tudat/bin/unit_tests/test_GcrsToItrsRotation.exe"
Directory: D:/S/debug/tudat/Tudat/Astrodynamics/Ephemerides
"test_GcrsToItrsRotation" start time: Oct 27 22:21 ?D1迆㊣那℅?那㊣??
Output:
----------------------------------------------------------
Running 2 test cases...
Assertion failed!

Program: D:\S\tudat\bin\unit_tests\test_GcrsToItrsRotation.exe
File: D:/S/eigen/Eigen/src/Core/DenseStorage.h, Line 109

Expression: (internal::UIntPtr(eigen_unaligned_array_assert_workaround_gcc47(array)) & (15)) == 0 && "this assertion is explained here: " "http://eigen.tuxfamily.org/dox-devel/group__TopicUnalignedArrayAssert.html" " **** READ THIS WEB PAGE !!! ****"
<end of output>
Test time =   0.03 sec
----------------------------------------------------------
Test Failed.
"test_GcrsToItrsRotation" end time: Oct 27 22:21 ?D1迆㊣那℅?那㊣??
"test_GcrsToItrsRotation" time elapsed: 00:00:00
----------------------------------------------------------

49/249 Testing: test_SphericalHarmonicsGravityField
49/249 Test: test_SphericalHarmonicsGravityField
Command: "D:/S/tudat/bin/unit_tests/test_SphericalHarmonicsGravityField.exe"
Directory: D:/S/debug/tudat/Tudat/Astrodynamics/Gravitation
"test_SphericalHarmonicsGravityField" start time: Oct 27 22:21 ?D1迆㊣那℅?那㊣??
Output:
----------------------------------------------------------
Running 4 test cases...

*** No errors detected
<end of output>
Test time =   0.01 sec
----------------------------------------------------------
Test Passed.
"test_SphericalHarmonicsGravityField" end time: Oct 27 22:21 ?D1迆㊣那℅?那㊣??
"test_SphericalHarmonicsGravityField" time elapsed: 00:00:00
----------------------------------------------------------

50/249 Testing: test_GravitationalForce
50/249 Test: test_GravitationalForce
Command: "D:/S/tudat/bin/unit_tests/test_GravitationalForce.exe"
Directory: D:/S/debug/tudat/Tudat/Astrodynamics/Gravitation
"test_GravitationalForce" start time: Oct 27 22:21 ?D1迆㊣那℅?那㊣??
Output:
----------------------------------------------------------
Running 1 test case...

*** No errors detected
<end of output>
Test time =   0.01 sec
----------------------------------------------------------
Test Passed.
"test_GravitationalForce" end time: Oct 27 22:21 ?D1迆㊣那℅?那㊣??
"test_GravitationalForce" time elapsed: 00:00:00
----------------------------------------------------------

51/249 Testing: test_CentralAndZonalGravityModel
51/249 Test: test_CentralAndZonalGravityModel
Command: "D:/S/tudat/bin/unit_tests/test_CentralAndZonalGravityModel.exe"
Directory: D:/S/debug/tudat/Tudat/Astrodynamics/Gravitation
"test_CentralAndZonalGravityModel" start time: Oct 27 22:21 ?D1迆㊣那℅?那㊣??
Output:
----------------------------------------------------------
Running 5 test cases...

*** No errors detected
<end of output>
Test time =   0.02 sec
----------------------------------------------------------
Test Passed.
"test_CentralAndZonalGravityModel" end time: Oct 27 22:21 ?D1迆㊣那℅?那㊣??
"test_CentralAndZonalGravityModel" time elapsed: 00:00:00
----------------------------------------------------------

52/249 Testing: test_UnitConversionsCircularRestrictedThreeBodyProblem
52/249 Test: test_UnitConversionsCircularRestrictedThreeBodyProblem
Command: "D:/S/tudat/bin/unit_tests/test_UnitConversionsCircularRestrictedThreeBodyProblem.exe"
Directory: D:/S/debug/tudat/Tudat/Astrodynamics/Gravitation
"test_UnitConversionsCircularRestrictedThreeBodyProblem" start time: Oct 27 22:21 ?D1迆㊣那℅?那㊣??
Output:
----------------------------------------------------------
Running 2 test cases...

*** No errors detected
<end of output>
Test time =   0.01 sec
----------------------------------------------------------
Test Passed.
"test_UnitConversionsCircularRestrictedThreeBodyProblem" end time: Oct 27 22:21 ?D1迆㊣那℅?那㊣??
"test_UnitConversionsCircularRestrictedThreeBodyProblem" time elapsed: 00:00:00
----------------------------------------------------------

53/249 Testing: test_JacobiEnergy
53/249 Test: test_JacobiEnergy
Command: "D:/S/tudat/bin/unit_tests/test_JacobiEnergy.exe"
Directory: D:/S/debug/tudat/Tudat/Astrodynamics/Gravitation
"test_JacobiEnergy" start time: Oct 27 22:21 ?D1迆㊣那℅?那㊣??
Output:
----------------------------------------------------------
Running 1 test case...

*** No errors detected
<end of output>
Test time =   0.01 sec
----------------------------------------------------------
Test Passed.
"test_JacobiEnergy" end time: Oct 27 22:21 ?D1迆㊣那℅?那㊣??
"test_JacobiEnergy" time elapsed: 00:00:00
----------------------------------------------------------

54/249 Testing: test_LibrationPoints
54/249 Test: test_LibrationPoints
Command: "D:/S/tudat/bin/unit_tests/test_LibrationPoints.exe"
Directory: D:/S/debug/tudat/Tudat/Astrodynamics/Gravitation
"test_LibrationPoints" start time: Oct 27 22:21 ?D1迆㊣那℅?那㊣??
Output:
----------------------------------------------------------
Running 6 test cases...

*** No errors detected
<end of output>
Test time =   0.01 sec
----------------------------------------------------------
Test Passed.
"test_LibrationPoints" end time: Oct 27 22:21 ?D1迆㊣那℅?那㊣??
"test_LibrationPoints" time elapsed: 00:00:00
----------------------------------------------------------

55/249 Testing: test_SphericalHarmonicsGravityModel
55/249 Test: test_SphericalHarmonicsGravityModel
Command: "D:/S/tudat/bin/unit_tests/test_SphericalHarmonicsGravityModel.exe"
Directory: D:/S/debug/tudat/Tudat/Astrodynamics/Gravitation
"test_SphericalHarmonicsGravityModel" start time: Oct 27 22:21 ?D1迆㊣那℅?那㊣??
Output:
----------------------------------------------------------
Running 5 test cases...

*** No errors detected
<end of output>
Test time =   0.01 sec
----------------------------------------------------------
Test Passed.
"test_SphericalHarmonicsGravityModel" end time: Oct 27 22:21 ?D1迆㊣那℅?那㊣??
"test_SphericalHarmonicsGravityModel" time elapsed: 00:00:00
----------------------------------------------------------

56/249 Testing: test_ThirdBodyPerturbation
56/249 Test: test_ThirdBodyPerturbation
Command: "D:/S/tudat/bin/unit_tests/test_ThirdBodyPerturbation.exe"
Directory: D:/S/debug/tudat/Tudat/Astrodynamics/Gravitation
"test_ThirdBodyPerturbation" start time: Oct 27 22:21 ?D1迆㊣那℅?那㊣??
Output:
----------------------------------------------------------
Running 2 test cases...

*** No errors detected
<end of output>
Test time =   0.01 sec
----------------------------------------------------------
Test Passed.
"test_ThirdBodyPerturbation" end time: Oct 27 22:21 ?D1迆㊣那℅?那㊣??
"test_ThirdBodyPerturbation" time elapsed: 00:00:00
----------------------------------------------------------

57/249 Testing: test_TriAxialEllipsoidGravity
57/249 Test: test_TriAxialEllipsoidGravity
Command: "D:/S/tudat/bin/unit_tests/test_TriAxialEllipsoidGravity.exe"
Directory: D:/S/debug/tudat/Tudat/Astrodynamics/Gravitation
"test_TriAxialEllipsoidGravity" start time: Oct 27 22:21 ?D1迆㊣那℅?那㊣??
Output:
----------------------------------------------------------
Running 1 test case...

*** No errors detected
<end of output>
Test time =   0.01 sec
----------------------------------------------------------
Test Passed.
"test_TriAxialEllipsoidGravity" end time: Oct 27 22:21 ?D1迆㊣那℅?那㊣??
"test_TriAxialEllipsoidGravity" time elapsed: 00:00:00
----------------------------------------------------------

58/249 Testing: test_DirectTidalDissipationAcceleration
58/249 Test: test_DirectTidalDissipationAcceleration
Command: "D:/S/tudat/bin/unit_tests/test_DirectTidalDissipationAcceleration.exe"
Directory: D:/S/debug/tudat/Tudat/Astrodynamics/Gravitation
"test_DirectTidalDissipationAcceleration" start time: Oct 27 22:21 ?D1迆㊣那℅?那㊣??
Output:
----------------------------------------------------------
Running 1 test case...
Assertion failed!

Program: D:\S\tudat\bin\unit_tests\test_DirectTidalDissipationAcceleration.exe
File: D:/S/eigen/Eigen/src/Core/DenseStorage.h, Line 109

Expression: (internal::UIntPtr(eigen_unaligned_array_assert_workaround_gcc47(array)) & (15)) == 0 && "this assertion is explained here: " "http://eigen.tuxfamily.org/dox-devel/group__TopicUnalignedArrayAssert.html" " **** READ THIS WEB PAGE !!! ****"
<end of output>
Test time =   0.07 sec
----------------------------------------------------------
Test Failed.
"test_DirectTidalDissipationAcceleration" end time: Oct 27 22:21 ?D1迆㊣那℅?那㊣??
"test_DirectTidalDissipationAcceleration" time elapsed: 00:00:00
----------------------------------------------------------

59/249 Testing: test_GravityFieldVariations
59/249 Test: test_GravityFieldVariations
Command: "D:/S/tudat/bin/unit_tests/test_GravityFieldVariations.exe"
Directory: D:/S/debug/tudat/Tudat/Astrodynamics/Gravitation
"test_GravityFieldVariations" start time: Oct 27 22:21 ?D1迆㊣那℅?那㊣??
Output:
----------------------------------------------------------
Running 1 test case...
Assertion failed!

Program: D:\S\tudat\bin\unit_tests\test_GravityFieldVariations.exe
File: D:/S/eigen/Eigen/src/Core/DenseStorage.h, Line 109

Expression: (internal::UIntPtr(eigen_unaligned_array_assert_workaround_gcc47(array)) & (15)) == 0 && "this assertion is explained here: " "http://eigen.tuxfamily.org/dox-devel/group__TopicUnalignedArrayAssert.html" " **** READ THIS WEB PAGE !!! ****"
<end of output>
Test time =   0.07 sec
----------------------------------------------------------
Test Failed.
"test_GravityFieldVariations" end time: Oct 27 22:21 ?D1迆㊣那℅?那㊣??
"test_GravityFieldVariations" time elapsed: 00:00:00
----------------------------------------------------------

60/249 Testing: test_MutualSphericalHarmonicsGravityModel
60/249 Test: test_MutualSphericalHarmonicsGravityModel
Command: "D:/S/tudat/bin/unit_tests/test_MutualSphericalHarmonicsGravityModel.exe"
Directory: D:/S/debug/tudat/Tudat/Astrodynamics/Gravitation
"test_MutualSphericalHarmonicsGravityModel" start time: Oct 27 22:21 ?D1迆㊣那℅?那㊣??
Output:
----------------------------------------------------------
Running 1 test case...
Assertion failed!

Program: D:\S\tudat\bin\unit_tests\test_MutualSphericalHarmonicsGravityModel.exe
File: D:/S/eigen/Eigen/src/Core/DenseStorage.h, Line 109

Expression: (internal::UIntPtr(eigen_unaligned_array_assert_workaround_gcc47(array)) & (15)) == 0 && "this assertion is explained here: " "http://eigen.tuxfamily.org/dox-devel/group__TopicUnalignedArrayAssert.html" " **** READ THIS WEB PAGE !!! ****"
<end of output>
Test time =   0.07 sec
----------------------------------------------------------
Test Failed.
"test_MutualSphericalHarmonicsGravityModel" end time: Oct 27 22:21 ?D1迆㊣那℅?那㊣??
"test_MutualSphericalHarmonicsGravityModel" time elapsed: 00:00:00
----------------------------------------------------------

61/249 Testing: test_GravitationalTorques
61/249 Test: test_GravitationalTorques
Command: "D:/S/tudat/bin/unit_tests/test_GravitationalTorques.exe"
Directory: D:/S/debug/tudat/Tudat/Astrodynamics/Gravitation
"test_GravitationalTorques" start time: Oct 27 22:21 ?D1迆㊣那℅?那㊣??
Output:
----------------------------------------------------------
Running 2 test cases...
Assertion failed!

Program: D:\S\tudat\bin\unit_tests\test_GravitationalTorques.exe
File: D:/S/eigen/Eigen/src/Core/DenseStorage.h, Line 109

Expression: (internal::UIntPtr(eigen_unaligned_array_assert_workaround_gcc47(array)) & (15)) == 0 && "this assertion is explained here: " "http://eigen.tuxfamily.org/dox-devel/group__TopicUnalignedArrayAssert.html" " **** READ THIS WEB PAGE !!! ****"
<end of output>
Test time =   0.08 sec
----------------------------------------------------------
Test Failed.
"test_GravitationalTorques" end time: Oct 27 22:21 ?D1迆㊣那℅?那㊣??
"test_GravitationalTorques" time elapsed: 00:00:00
----------------------------------------------------------

62/249 Testing: test_EscapeAndCapture
62/249 Test: test_EscapeAndCapture
Command: "D:/S/tudat/bin/unit_tests/test_EscapeAndCapture.exe"
Directory: D:/S/debug/tudat/Tudat/Astrodynamics/MissionSegments
"test_EscapeAndCapture" start time: Oct 27 22:21 ?D1迆㊣那℅?那㊣??
Output:
----------------------------------------------------------
Running 3 test cases...

*** No errors detected
<end of output>
Test time =   0.01 sec
----------------------------------------------------------
Test Passed.
"test_EscapeAndCapture" end time: Oct 27 22:21 ?D1迆㊣那℅?那㊣??
"test_EscapeAndCapture" time elapsed: 00:00:00
----------------------------------------------------------

63/249 Testing: test_GravityAssist
63/249 Test: test_GravityAssist
Command: "D:/S/tudat/bin/unit_tests/test_GravityAssist.exe"
Directory: D:/S/debug/tudat/Tudat/Astrodynamics/MissionSegments
"test_GravityAssist" start time: Oct 27 22:21 ?D1迆㊣那℅?那㊣??
Output:
----------------------------------------------------------
Running 14 test cases...

*** No errors detected
<end of output>
Test time =   0.01 sec
----------------------------------------------------------
Test Passed.
"test_GravityAssist" end time: Oct 27 22:21 ?D1迆㊣那℅?那㊣??
"test_GravityAssist" time elapsed: 00:00:00
----------------------------------------------------------

64/249 Testing: test_LambertTargeterIzzo
64/249 Test: test_LambertTargeterIzzo
Command: "D:/S/tudat/bin/unit_tests/test_LambertTargeterIzzo.exe"
Directory: D:/S/debug/tudat/Tudat/Astrodynamics/MissionSegments
"test_LambertTargeterIzzo" start time: Oct 27 22:21 ?D1迆㊣那℅?那㊣??
Output:
----------------------------------------------------------
Running 4 test cases...

*** No errors detected
<end of output>
Test time =   0.01 sec
----------------------------------------------------------
Test Passed.
"test_LambertTargeterIzzo" end time: Oct 27 22:21 ?D1迆㊣那℅?那㊣??
"test_LambertTargeterIzzo" time elapsed: 00:00:00
----------------------------------------------------------

65/249 Testing: test_LambertTargeterGooding
65/249 Test: test_LambertTargeterGooding
Command: "D:/S/tudat/bin/unit_tests/test_LambertTargeterGooding.exe"
Directory: D:/S/debug/tudat/Tudat/Astrodynamics/MissionSegments
"test_LambertTargeterGooding" start time: Oct 27 22:21 ?D1迆㊣那℅?那㊣??
Output:
----------------------------------------------------------
Running 2 test cases...

*** No errors detected
<end of output>
Test time =   0.01 sec
----------------------------------------------------------
Test Passed.
"test_LambertTargeterGooding" end time: Oct 27 22:21 ?D1迆㊣那℅?那㊣??
"test_LambertTargeterGooding" time elapsed: 00:00:00
----------------------------------------------------------

66/249 Testing: test_LambertTargeter
66/249 Test: test_LambertTargeter
Command: "D:/S/tudat/bin/unit_tests/test_LambertTargeter.exe"
Directory: D:/S/debug/tudat/Tudat/Astrodynamics/MissionSegments
"test_LambertTargeter" start time: Oct 27 22:21 ?D1迆㊣那℅?那㊣??
Output:
----------------------------------------------------------
Running 1 test case...

*** No errors detected
<end of output>
Test time =   0.01 sec
----------------------------------------------------------
Test Passed.
"test_LambertTargeter" end time: Oct 27 22:21 ?D1迆㊣那℅?那㊣??
"test_LambertTargeter" time elapsed: 00:00:00
----------------------------------------------------------

67/249 Testing: test_LambertRoutines
67/249 Test: test_LambertRoutines
Command: "D:/S/tudat/bin/unit_tests/test_LambertRoutines.exe"
Directory: D:/S/debug/tudat/Tudat/Astrodynamics/MissionSegments
"test_LambertRoutines" start time: Oct 27 22:21 ?D1迆㊣那℅?那㊣??
Output:
----------------------------------------------------------
Running 13 test cases...

*** No errors detected
<end of output>
Test time =   0.01 sec
----------------------------------------------------------
Test Passed.
"test_LambertRoutines" end time: Oct 27 22:21 ?D1迆㊣那℅?那㊣??
"test_LambertRoutines" time elapsed: 00:00:00
----------------------------------------------------------

68/249 Testing: test_ZeroRevolutionLambertTargeterIzzo
68/249 Test: test_ZeroRevolutionLambertTargeterIzzo
Command: "D:/S/tudat/bin/unit_tests/test_ZeroRevolutionLambertTargeterIzzo.exe"
Directory: D:/S/debug/tudat/Tudat/Astrodynamics/MissionSegments
"test_ZeroRevolutionLambertTargeterIzzo" start time: Oct 27 22:21 ?D1迆㊣那℅?那㊣??
Output:
----------------------------------------------------------
Running 4 test cases...

*** No errors detected
<end of output>
Test time =   0.01 sec
----------------------------------------------------------
Test Passed.
"test_ZeroRevolutionLambertTargeterIzzo" end time: Oct 27 22:21 ?D1迆㊣那℅?那㊣??
"test_ZeroRevolutionLambertTargeterIzzo" time elapsed: 00:00:00
----------------------------------------------------------

69/249 Testing: test_MultiRevolutionLambertTargeterIzzo
69/249 Test: test_MultiRevolutionLambertTargeterIzzo
Command: "D:/S/tudat/bin/unit_tests/test_MultiRevolutionLambertTargeterIzzo.exe"
Directory: D:/S/debug/tudat/Tudat/Astrodynamics/MissionSegments
"test_MultiRevolutionLambertTargeterIzzo" start time: Oct 27 22:21 ?D1迆㊣那℅?那㊣??
Output:
----------------------------------------------------------
Running 3 test cases...

*** No errors detected
<end of output>
Test time =   0.01 sec
----------------------------------------------------------
Test Passed.
"test_MultiRevolutionLambertTargeterIzzo" end time: Oct 27 22:21 ?D1迆㊣那℅?那㊣??
"test_MultiRevolutionLambertTargeterIzzo" time elapsed: 00:00:00
----------------------------------------------------------

70/249 Testing: test_MathematicalShapeFunctions
70/249 Test: test_MathematicalShapeFunctions
Command: "D:/S/tudat/bin/unit_tests/test_MathematicalShapeFunctions.exe"
Directory: D:/S/debug/tudat/Tudat/Astrodynamics/MissionSegments
"test_MathematicalShapeFunctions" start time: Oct 27 22:21 ?D1迆㊣那℅?那㊣??
Output:
----------------------------------------------------------
Running 3 test cases...

*** No errors detected
<end of output>
Test time =   0.01 sec
----------------------------------------------------------
Test Passed.
"test_MathematicalShapeFunctions" end time: Oct 27 22:21 ?D1迆㊣那℅?那㊣??
"test_MathematicalShapeFunctions" time elapsed: 00:00:00
----------------------------------------------------------

71/249 Testing: test_ReferenceFrameTransformations
71/249 Test: test_ReferenceFrameTransformations
Command: "D:/S/tudat/bin/unit_tests/test_ReferenceFrameTransformations.exe"
Directory: D:/S/debug/tudat/Tudat/Astrodynamics/ReferenceFrames
"test_ReferenceFrameTransformations" start time: Oct 27 22:21 ?D1迆㊣那℅?那㊣??
Output:
----------------------------------------------------------
Running 9 test cases...

*** No errors detected
<end of output>
Test time =   0.03 sec
----------------------------------------------------------
Test Passed.
"test_ReferenceFrameTransformations" end time: Oct 27 22:21 ?D1迆㊣那℅?那㊣??
"test_ReferenceFrameTransformations" time elapsed: 00:00:00
----------------------------------------------------------

72/249 Testing: test_ApparentAccelerationModel
72/249 Test: test_ApparentAccelerationModel
Command: "D:/S/tudat/bin/unit_tests/test_ApparentAccelerationModel.exe"
Directory: D:/S/debug/tudat/Tudat/Astrodynamics/ReferenceFrames
"test_ApparentAccelerationModel" start time: Oct 27 22:21 ?D1迆㊣那℅?那㊣??
Output:
----------------------------------------------------------
Running 5 test cases...

*** No errors detected
<end of output>
Test time =   0.01 sec
----------------------------------------------------------
Test Passed.
"test_ApparentAccelerationModel" end time: Oct 27 22:21 ?D1迆㊣那℅?那㊣??
"test_ApparentAccelerationModel" time elapsed: 00:00:00
----------------------------------------------------------

73/249 Testing: test_AerodynamicAngleCalculator
73/249 Test: test_AerodynamicAngleCalculator
Command: "D:/S/tudat/bin/unit_tests/test_AerodynamicAngleCalculator.exe"
Directory: D:/S/debug/tudat/Tudat/Astrodynamics/ReferenceFrames
"test_AerodynamicAngleCalculator" start time: Oct 27 22:21 ?D1迆㊣那℅?那㊣??
Output:
----------------------------------------------------------
Running 1 test case...
Assertion failed!

Program: D:\S\tudat\bin\unit_tests\test_AerodynamicAngleCalculator.exe
File: D:/S/eigen/Eigen/src/Core/DenseStorage.h, Line 109

Expression: (internal::UIntPtr(eigen_unaligned_array_assert_workaround_gcc47(array)) & (15)) == 0 && "this assertion is explained here: " "http://eigen.tuxfamily.org/dox-devel/group__TopicUnalignedArrayAssert.html" " **** READ THIS WEB PAGE !!! ****"
<end of output>
Test time =   0.01 sec
----------------------------------------------------------
Test Failed.
"test_AerodynamicAngleCalculator" end time: Oct 27 22:21 ?D1迆㊣那℅?那㊣??
"test_AerodynamicAngleCalculator" time elapsed: 00:00:00
----------------------------------------------------------

74/249 Testing: test_LightTime
74/249 Test: test_LightTime
Command: "D:/S/tudat/bin/unit_tests/test_LightTime.exe"
Directory: D:/S/debug/tudat/Tudat/Astrodynamics/ObservationModels
"test_LightTime" start time: Oct 27 22:21 ?D1迆㊣那℅?那㊣??
Output:
----------------------------------------------------------
Running 1 test case...

*** No errors detected
<end of output>
Test time =   0.06 sec
----------------------------------------------------------
Test Passed.
"test_LightTime" end time: Oct 27 22:21 ?D1迆㊣那℅?那㊣??
"test_LightTime" time elapsed: 00:00:00
----------------------------------------------------------

75/249 Testing: test_AngularPositionModel
75/249 Test: test_AngularPositionModel
Command: "D:/S/tudat/bin/unit_tests/test_AngularPositionModel.exe"
Directory: D:/S/debug/tudat/Tudat/Astrodynamics/ObservationModels
"test_AngularPositionModel" start time: Oct 27 22:21 ?D1迆㊣那℅?那㊣??
Output:
----------------------------------------------------------
Running 1 test case...
Assertion failed!

Program: D:\S\tudat\bin\unit_tests\test_AngularPositionModel.exe
File: D:/S/eigen/Eigen/src/Core/DenseStorage.h, Line 109

Expression: (internal::UIntPtr(eigen_unaligned_array_assert_workaround_gcc47(array)) & (15)) == 0 && "this assertion is explained here: " "http://eigen.tuxfamily.org/dox-devel/group__TopicUnalignedArrayAssert.html" " **** READ THIS WEB PAGE !!! ****"
<end of output>
Test time =   0.08 sec
----------------------------------------------------------
Test Failed.
"test_AngularPositionModel" end time: Oct 27 22:21 ?D1迆㊣那℅?那㊣??
"test_AngularPositionModel" time elapsed: 00:00:00
----------------------------------------------------------

76/249 Testing: test_OneWayRangeModel
76/249 Test: test_OneWayRangeModel
Command: "D:/S/tudat/bin/unit_tests/test_OneWayRangeModel.exe"
Directory: D:/S/debug/tudat/Tudat/Astrodynamics/ObservationModels
"test_OneWayRangeModel" start time: Oct 27 22:21 ?D1迆㊣那℅?那㊣??
Output:
----------------------------------------------------------
Running 1 test case...
Assertion failed!

Program: D:\S\tudat\bin\unit_tests\test_OneWayRangeModel.exe
File: D:/S/eigen/Eigen/src/Core/DenseStorage.h, Line 109

Expression: (internal::UIntPtr(eigen_unaligned_array_assert_workaround_gcc47(array)) & (15)) == 0 && "this assertion is explained here: " "http://eigen.tuxfamily.org/dox-devel/group__TopicUnalignedArrayAssert.html" " **** READ THIS WEB PAGE !!! ****"
<end of output>
Test time =   0.08 sec
----------------------------------------------------------
Test Failed.
"test_OneWayRangeModel" end time: Oct 27 22:21 ?D1迆㊣那℅?那㊣??
"test_OneWayRangeModel" time elapsed: 00:00:00
----------------------------------------------------------

77/249 Testing: test_OneWayDifferencedRangeModel
77/249 Test: test_OneWayDifferencedRangeModel
Command: "D:/S/tudat/bin/unit_tests/test_OneWayDifferencedRangeModel.exe"
Directory: D:/S/debug/tudat/Tudat/Astrodynamics/ObservationModels
"test_OneWayDifferencedRangeModel" start time: Oct 27 22:21 ?D1迆㊣那℅?那㊣??
Output:
----------------------------------------------------------
Running 1 test case...
Assertion failed!

Program: D:\S\tudat\bin\unit_tests\test_OneWayDifferencedRangeModel.exe
File: D:/S/eigen/Eigen/src/Core/DenseStorage.h, Line 109

Expression: (internal::UIntPtr(eigen_unaligned_array_assert_workaround_gcc47(array)) & (15)) == 0 && "this assertion is explained here: " "http://eigen.tuxfamily.org/dox-devel/group__TopicUnalignedArrayAssert.html" " **** READ THIS WEB PAGE !!! ****"
<end of output>
Test time =   0.08 sec
----------------------------------------------------------
Test Failed.
"test_OneWayDifferencedRangeModel" end time: Oct 27 22:21 ?D1迆㊣那℅?那㊣??
"test_OneWayDifferencedRangeModel" time elapsed: 00:00:00
----------------------------------------------------------

78/249 Testing: test_DopplerModels
78/249 Test: test_DopplerModels
Command: "D:/S/tudat/bin/unit_tests/test_DopplerModels.exe"
Directory: D:/S/debug/tudat/Tudat/Astrodynamics/ObservationModels
"test_DopplerModels" start time: Oct 27 22:21 ?D1迆㊣那℅?那㊣??
Output:
----------------------------------------------------------
Running 2 test cases...
Assertion failed!

Program: D:\S\tudat\bin\unit_tests\test_DopplerModels.exe
File: D:/S/eigen/Eigen/src/Core/DenseStorage.h, Line 109

Expression: (internal::UIntPtr(eigen_unaligned_array_assert_workaround_gcc47(array)) & (15)) == 0 && "this assertion is explained here: " "http://eigen.tuxfamily.org/dox-devel/group__TopicUnalignedArrayAssert.html" " **** READ THIS WEB PAGE !!! ****"
<end of output>
Test time =   0.08 sec
----------------------------------------------------------
Test Failed.
"test_DopplerModels" end time: Oct 27 22:21 ?D1迆㊣那℅?那㊣??
"test_DopplerModels" time elapsed: 00:00:00
----------------------------------------------------------

79/249 Testing: test_PositionObservationModel
79/249 Test: test_PositionObservationModel
Command: "D:/S/tudat/bin/unit_tests/test_PositionObservationModel.exe"
Directory: D:/S/debug/tudat/Tudat/Astrodynamics/ObservationModels
"test_PositionObservationModel" start time: Oct 27 22:21 ?D1迆㊣那℅?那㊣??
Output:
----------------------------------------------------------
Running 1 test case...
Assertion failed!

Program: D:\S\tudat\bin\unit_tests\test_PositionObservationModel.exe
File: D:/S/eigen/Eigen/src/Core/DenseStorage.h, Line 109

Expression: (internal::UIntPtr(eigen_unaligned_array_assert_workaround_gcc47(array)) & (15)) == 0 && "this assertion is explained here: " "http://eigen.tuxfamily.org/dox-devel/group__TopicUnalignedArrayAssert.html" " **** READ THIS WEB PAGE !!! ****"
<end of output>
Test time =   0.07 sec
----------------------------------------------------------
Test Failed.
"test_PositionObservationModel" end time: Oct 27 22:21 ?D1迆㊣那℅?那㊣??
"test_PositionObservationModel" time elapsed: 00:00:00
----------------------------------------------------------

80/249 Testing: test_EulerAngleObservationModel
80/249 Test: test_EulerAngleObservationModel
Command: "D:/S/tudat/bin/unit_tests/test_EulerAngleObservationModel.exe"
Directory: D:/S/debug/tudat/Tudat/Astrodynamics/ObservationModels
"test_EulerAngleObservationModel" start time: Oct 27 22:21 ?D1迆㊣那℅?那㊣??
Output:
----------------------------------------------------------
Running 1 test case...
Assertion failed!

Program: D:\S\tudat\bin\unit_tests\test_EulerAngleObservationModel.exe
File: D:/S/eigen/Eigen/src/Core/DenseStorage.h, Line 109

Expression: (internal::UIntPtr(eigen_unaligned_array_assert_workaround_gcc47(array)) & (15)) == 0 && "this assertion is explained here: " "http://eigen.tuxfamily.org/dox-devel/group__TopicUnalignedArrayAssert.html" " **** READ THIS WEB PAGE !!! ****"
<end of output>
Test time =   0.07 sec
----------------------------------------------------------
Test Failed.
"test_EulerAngleObservationModel" end time: Oct 27 22:21 ?D1迆㊣那℅?那㊣??
"test_EulerAngleObservationModel" time elapsed: 00:00:00
----------------------------------------------------------

81/249 Testing: test_ObservationNoiseSimulation
81/249 Test: test_ObservationNoiseSimulation
Command: "D:/S/tudat/bin/unit_tests/test_ObservationNoiseSimulation.exe"
Directory: D:/S/debug/tudat/Tudat/Astrodynamics/ObservationModels
"test_ObservationNoiseSimulation" start time: Oct 27 22:21 ?D1迆㊣那℅?那㊣??
Output:
----------------------------------------------------------
Running 1 test case...
Assertion failed!

Program: D:\S\tudat\bin\unit_tests\test_ObservationNoiseSimulation.exe
File: D:/S/eigen/Eigen/src/Core/DenseStorage.h, Line 109

Expression: (internal::UIntPtr(eigen_unaligned_array_assert_workaround_gcc47(array)) & (15)) == 0 && "this assertion is explained here: " "http://eigen.tuxfamily.org/dox-devel/group__TopicUnalignedArrayAssert.html" " **** READ THIS WEB PAGE !!! ****"
<end of output>
Test time =   0.08 sec
----------------------------------------------------------
Test Failed.
"test_ObservationNoiseSimulation" end time: Oct 27 22:21 ?D1迆㊣那℅?那㊣??
"test_ObservationNoiseSimulation" time elapsed: 00:00:00
----------------------------------------------------------

82/249 Testing: test_NWayRangeObservationModel
82/249 Test: test_NWayRangeObservationModel
Command: "D:/S/tudat/bin/unit_tests/test_NWayRangeObservationModel.exe"
Directory: D:/S/debug/tudat/Tudat/Astrodynamics/ObservationModels
"test_NWayRangeObservationModel" start time: Oct 27 22:21 ?D1迆㊣那℅?那㊣??
Output:
----------------------------------------------------------
Running 1 test case...
Assertion failed!

Program: D:\S\tudat\bin\unit_tests\test_NWayRangeObservationModel.exe
File: D:/S/eigen/Eigen/src/Core/DenseStorage.h, Line 109

Expression: (internal::UIntPtr(eigen_unaligned_array_assert_workaround_gcc47(array)) & (15)) == 0 && "this assertion is explained here: " "http://eigen.tuxfamily.org/dox-devel/group__TopicUnalignedArrayAssert.html" " **** READ THIS WEB PAGE !!! ****"
<end of output>
Test time =   0.08 sec
----------------------------------------------------------
Test Failed.
"test_NWayRangeObservationModel" end time: Oct 27 22:21 ?D1迆㊣那℅?那㊣??
"test_NWayRangeObservationModel" time elapsed: 00:00:00
----------------------------------------------------------

83/249 Testing: test_ObservationViabilityCalculators
83/249 Test: test_ObservationViabilityCalculators
Command: "D:/S/tudat/bin/unit_tests/test_ObservationViabilityCalculators.exe"
Directory: D:/S/debug/tudat/Tudat/Astrodynamics/ObservationModels
"test_ObservationViabilityCalculators" start time: Oct 27 22:21 ?D1迆㊣那℅?那㊣??
Output:
----------------------------------------------------------
Running 1 test case...
Assertion failed!

Program: D:\S\tudat\bin\unit_tests\test_ObservationViabilityCalculators.exe
File: D:/S/eigen/Eigen/src/Core/DenseStorage.h, Line 109

Expression: (internal::UIntPtr(eigen_unaligned_array_assert_workaround_gcc47(array)) & (15)) == 0 && "this assertion is explained here: " "http://eigen.tuxfamily.org/dox-devel/group__TopicUnalignedArrayAssert.html" " **** READ THIS WEB PAGE !!! ****"
<end of output>
Test time =   0.08 sec
----------------------------------------------------------
Test Failed.
"test_ObservationViabilityCalculators" end time: Oct 27 22:21 ?D1迆㊣那℅?那㊣??
"test_ObservationViabilityCalculators" time elapsed: 00:00:00
----------------------------------------------------------

84/249 Testing: test_EstimationFromPositionDoubleDouble
84/249 Test: test_EstimationFromPositionDoubleDouble
Command: "D:/S/tudat/bin/unit_tests/test_EstimationFromPositionDoubleDouble.exe"
Directory: D:/S/debug/tudat/Tudat/Astrodynamics/OrbitDetermination
"test_EstimationFromPositionDoubleDouble" start time: Oct 27 22:21 ?D1迆㊣那℅?那㊣??
Output:
----------------------------------------------------------
Running 1 test case...
=============================================== Running Case: 0
Assertion failed!

Program: D:\S\tudat\bin\unit_tests\test_EstimationFromPositionDoubleDouble.exe
File: D:/S/eigen/Eigen/src/Core/DenseStorage.h, Line 109

Expression: (internal::UIntPtr(eigen_unaligned_array_assert_workaround_gcc47(array)) & (15)) == 0 && "this assertion is explained here: " "http://eigen.tuxfamily.org/dox-devel/group__TopicUnalignedArrayAssert.html" " **** READ THIS WEB PAGE !!! ****"
<end of output>
Test time =   0.08 sec
----------------------------------------------------------
Test Failed.
"test_EstimationFromPositionDoubleDouble" end time: Oct 27 22:21 ?D1迆㊣那℅?那㊣??
"test_EstimationFromPositionDoubleDouble" time elapsed: 00:00:00
----------------------------------------------------------

85/249 Testing: test_EstimationInput
85/249 Test: test_EstimationInput
Command: "D:/S/tudat/bin/unit_tests/test_EstimationInput.exe"
Directory: D:/S/debug/tudat/Tudat/Astrodynamics/OrbitDetermination
"test_EstimationInput" start time: Oct 27 22:21 ?D1迆㊣那℅?那㊣??
Output:
----------------------------------------------------------
Running 2 test cases...
Assertion failed!

Program: D:\S\tudat\bin\unit_tests\test_EstimationInput.exe
File: D:/S/eigen/Eigen/src/Core/DenseStorage.h, Line 109

Expression: (internal::UIntPtr(eigen_unaligned_array_assert_workaround_gcc47(array)) & (15)) == 0 && "this assertion is explained here: " "http://eigen.tuxfamily.org/dox-devel/group__TopicUnalignedArrayAssert.html" " **** READ THIS WEB PAGE !!! ****"
<end of output>
Test time =   0.09 sec
----------------------------------------------------------
Test Failed.
"test_EstimationInput" end time: Oct 27 22:21 ?D1迆㊣那℅?那㊣??
"test_EstimationInput" time elapsed: 00:00:00
----------------------------------------------------------

86/249 Testing: test_TidalPropertyEstimation
86/249 Test: test_TidalPropertyEstimation
Command: "D:/S/tudat/bin/unit_tests/test_TidalPropertyEstimation.exe"
Directory: D:/S/debug/tudat/Tudat/Astrodynamics/OrbitDetermination
"test_TidalPropertyEstimation" start time: Oct 27 22:21 ?D1迆㊣那℅?那㊣??
Output:
----------------------------------------------------------
Running 2 test cases...
Assertion failed!

Program: D:\S\tudat\bin\unit_tests\test_TidalPropertyEstimation.exe
File: D:/S/eigen/Eigen/src/Core/DenseStorage.h, Line 109

Expression: (internal::UIntPtr(eigen_unaligned_array_assert_workaround_gcc47(array)) & (15)) == 0 && "this assertion is explained here: " "http://eigen.tuxfamily.org/dox-devel/group__TopicUnalignedArrayAssert.html" " **** READ THIS WEB PAGE !!! ****"
<end of output>
Test time =   0.07 sec
----------------------------------------------------------
Test Failed.
"test_TidalPropertyEstimation" end time: Oct 27 22:21 ?D1迆㊣那℅?那㊣??
"test_TidalPropertyEstimation" time elapsed: 00:00:00
----------------------------------------------------------

87/249 Testing: test_MultiArcStateEstimation
87/249 Test: test_MultiArcStateEstimation
Command: "D:/S/tudat/bin/unit_tests/test_MultiArcStateEstimation.exe"
Directory: D:/S/debug/tudat/Tudat/Astrodynamics/OrbitDetermination
"test_MultiArcStateEstimation" start time: Oct 27 22:21 ?D1迆㊣那℅?那㊣??
Output:
----------------------------------------------------------
Running 1 test case...
Assertion failed!

Program: D:\S\tudat\bin\unit_tests\test_MultiArcStateEstimation.exe
File: D:/S/eigen/Eigen/src/Core/DenseStorage.h, Line 109

Expression: (internal::UIntPtr(eigen_unaligned_array_assert_workaround_gcc47(array)) & (15)) == 0 && "this assertion is explained here: " "http://eigen.tuxfamily.org/dox-devel/group__TopicUnalignedArrayAssert.html" " **** READ THIS WEB PAGE !!! ****"
<end of output>
Test time =   0.08 sec
----------------------------------------------------------
Test Failed.
"test_MultiArcStateEstimation" end time: Oct 27 22:21 ?D1迆㊣那℅?那㊣??
"test_MultiArcStateEstimation" time elapsed: 00:00:00
----------------------------------------------------------

88/249 Testing: test_HybridArcStateEstimation
88/249 Test: test_HybridArcStateEstimation
Command: "D:/S/tudat/bin/unit_tests/test_HybridArcStateEstimation.exe"
Directory: D:/S/debug/tudat/Tudat/Astrodynamics/OrbitDetermination
"test_HybridArcStateEstimation" start time: Oct 27 22:21 ?D1迆㊣那℅?那㊣??
Output:
----------------------------------------------------------
Running 1 test case...
Assertion failed!

Program: D:\S\tudat\bin\unit_tests\test_HybridArcStateEstimation.exe
File: D:/S/eigen/Eigen/src/Core/DenseStorage.h, Line 109

Expression: (internal::UIntPtr(eigen_unaligned_array_assert_workaround_gcc47(array)) & (15)) == 0 && "this assertion is explained here: " "http://eigen.tuxfamily.org/dox-devel/group__TopicUnalignedArrayAssert.html" " **** READ THIS WEB PAGE !!! ****"
<end of output>
Test time =   0.08 sec
----------------------------------------------------------
Test Failed.
"test_HybridArcStateEstimation" end time: Oct 27 22:21 ?D1迆㊣那℅?那㊣??
"test_HybridArcStateEstimation" time elapsed: 00:00:00
----------------------------------------------------------

89/249 Testing: test_ParameterInfluenceDetermination
89/249 Test: test_ParameterInfluenceDetermination
Command: "D:/S/tudat/bin/unit_tests/test_ParameterInfluenceDetermination.exe"
Directory: D:/S/debug/tudat/Tudat/Astrodynamics/OrbitDetermination
"test_ParameterInfluenceDetermination" start time: Oct 27 22:21 ?D1迆㊣那℅?那㊣??
Output:
----------------------------------------------------------
Running 2 test cases...
Assertion failed!

Program: D:\S\tudat\bin\unit_tests\test_ParameterInfluenceDetermination.exe
File: D:/S/eigen/Eigen/src/Core/DenseStorage.h, Line 109

Expression: (internal::UIntPtr(eigen_unaligned_array_assert_workaround_gcc47(array)) & (15)) == 0 && "this assertion is explained here: " "http://eigen.tuxfamily.org/dox-devel/group__TopicUnalignedArrayAssert.html" " **** READ THIS WEB PAGE !!! ****"
<end of output>
Test time =   0.08 sec
----------------------------------------------------------
Test Failed.
"test_ParameterInfluenceDetermination" end time: Oct 27 22:21 ?D1迆㊣那℅?那㊣??
"test_ParameterInfluenceDetermination" time elapsed: 00:00:00
----------------------------------------------------------

90/249 Testing: test_BiasEstimation
90/249 Test: test_BiasEstimation
Command: "D:/S/tudat/bin/unit_tests/test_BiasEstimation.exe"
Directory: D:/S/debug/tudat/Tudat/Astrodynamics/OrbitDetermination
"test_BiasEstimation" start time: Oct 27 22:21 ?D1迆㊣那℅?那㊣??
Output:
----------------------------------------------------------
Running 1 test case...
=========== Running Case: 0 0 0 0 0
Assertion failed!

Program: D:\S\tudat\bin\unit_tests\test_BiasEstimation.exe
File: D:/S/eigen/Eigen/src/Core/DenseStorage.h, Line 109

Expression: (internal::UIntPtr(eigen_unaligned_array_assert_workaround_gcc47(array)) & (15)) == 0 && "this assertion is explained here: " "http://eigen.tuxfamily.org/dox-devel/group__TopicUnalignedArrayAssert.html" " **** READ THIS WEB PAGE !!! ****"
<end of output>
Test time =   0.10 sec
----------------------------------------------------------
Test Failed.
"test_BiasEstimation" end time: Oct 27 22:21 ?D1迆㊣那℅?那㊣??
"test_BiasEstimation" time elapsed: 00:00:00
----------------------------------------------------------

91/249 Testing: test_RotationalStateEstimation
91/249 Test: test_RotationalStateEstimation
Command: "D:/S/tudat/bin/unit_tests/test_RotationalStateEstimation.exe"
Directory: D:/S/debug/tudat/Tudat/Astrodynamics/OrbitDetermination
"test_RotationalStateEstimation" start time: Oct 27 22:21 ?D1迆㊣那℅?那㊣??
Output:
----------------------------------------------------------
Running 2 test cases...
Assertion failed!

Program: D:\S\tudat\bin\unit_tests\test_RotationalStateEstimation.exe
[...]
Test Passed.
"test_JsonInterfaceSpice" end time: Oct 27 22:22 ?D1迆㊣那℅?那㊣??
"test_JsonInterfaceSpice" time elapsed: 00:00:00
----------------------------------------------------------

242/249 Testing: test_JsonInterfaceState
242/249 Test: test_JsonInterfaceState
Command: "D:/S/tudat/bin/unit_tests/test_JsonInterfaceState.exe"
Directory: D:/S/debug/tudat/Tudat/JsonInterface
"test_JsonInterfaceState" start time: Oct 27 22:22 ?D1迆㊣那℅?那㊣??
Output:
----------------------------------------------------------
Running 5 test cases...

*** No errors detected
<end of output>
Test time =   0.12 sec
----------------------------------------------------------
Test Passed.
"test_JsonInterfaceState" end time: Oct 27 22:22 ?D1迆㊣那℅?那㊣??
"test_JsonInterfaceState" time elapsed: 00:00:00
----------------------------------------------------------

243/249 Testing: test_JsonInterfaceTermination
243/249 Test: test_JsonInterfaceTermination
Command: "D:/S/tudat/bin/unit_tests/test_JsonInterfaceTermination.exe"
Directory: D:/S/debug/tudat/Tudat/JsonInterface
"test_JsonInterfaceTermination" start time: Oct 27 22:22 ?D1迆㊣那℅?那㊣??
Output:
----------------------------------------------------------
Running 4 test cases...

*** No errors detected
<end of output>
Test time =   0.04 sec
----------------------------------------------------------
Test Passed.
"test_JsonInterfaceTermination" end time: Oct 27 22:22 ?D1迆㊣那℅?那㊣??
"test_JsonInterfaceTermination" time elapsed: 00:00:00
----------------------------------------------------------

244/249 Testing: test_JsonInterfaceThrust
244/249 Test: test_JsonInterfaceThrust
Command: "D:/S/tudat/bin/unit_tests/test_JsonInterfaceThrust.exe"
Directory: D:/S/debug/tudat/Tudat/JsonInterface
"test_JsonInterfaceThrust" start time: Oct 27 22:22 ?D1迆㊣那℅?那㊣??
Output:
----------------------------------------------------------
Running 5 test cases...

*** No errors detected
<end of output>
Test time =   0.02 sec
----------------------------------------------------------
Test Passed.
"test_JsonInterfaceThrust" end time: Oct 27 22:22 ?D1迆㊣那℅?那㊣??
"test_JsonInterfaceThrust" time elapsed: 00:00:00
----------------------------------------------------------

245/249 Testing: test_JsonInterfaceTorque
245/249 Test: test_JsonInterfaceTorque
Command: "D:/S/tudat/bin/unit_tests/test_JsonInterfaceTorque.exe"
Directory: D:/S/debug/tudat/Tudat/JsonInterface
"test_JsonInterfaceTorque" start time: Oct 27 22:22 ?D1迆㊣那℅?那㊣??
Output:
----------------------------------------------------------
Running 3 test cases...

*** No errors detected
<end of output>
Test time =   0.02 sec
----------------------------------------------------------
Test Passed.
"test_JsonInterfaceTorque" end time: Oct 27 22:22 ?D1迆㊣那℅?那㊣??
"test_JsonInterfaceTorque" time elapsed: 00:00:00
----------------------------------------------------------

246/249 Testing: test_JsonInterfaceVariable
246/249 Test: test_JsonInterfaceVariable
Command: "D:/S/tudat/bin/unit_tests/test_JsonInterfaceVariable.exe"
Directory: D:/S/debug/tudat/Tudat/JsonInterface
"test_JsonInterfaceVariable" start time: Oct 27 22:22 ?D1迆㊣那℅?那㊣??
Output:
----------------------------------------------------------
Running 11 test cases...

*** No errors detected
<end of output>
Test time =   0.03 sec
----------------------------------------------------------
Test Passed.
"test_JsonInterfaceVariable" end time: Oct 27 22:22 ?D1迆㊣那℅?那㊣??
"test_JsonInterfaceVariable" time elapsed: 00:00:00
----------------------------------------------------------

247/249 Testing: test_JsonInterfaceObservation
247/249 Test: test_JsonInterfaceObservation
Command: "D:/S/tudat/bin/unit_tests/test_JsonInterfaceObservation.exe"
Directory: D:/S/debug/tudat/Tudat/JsonInterface
"test_JsonInterfaceObservation" start time: Oct 27 22:22 ?D1迆㊣那℅?那㊣??
Output:
----------------------------------------------------------
Running 1 test case...
Warning, assuming constant integration time of 1-way differenced range when parsing to JSON, correctness not ensured
Warning, assuming constant integration time of 1-way differenced range when parsing to JSON, correctness not ensured
Warning, assuming constant integration time of 1-way differenced range when parsing to JSON, correctness not ensured
Warning, assuming constant integration time of 1-way differenced range when parsing to JSON, correctness not ensured
Warning, assuming constant integration time of 1-way differenced range when parsing to JSON, correctness not ensured

*** No errors detected
<end of output>
Test time =   0.14 sec
----------------------------------------------------------
Test Passed.
"test_JsonInterfaceObservation" end time: Oct 27 22:22 ?D1迆㊣那℅?那㊣??
"test_JsonInterfaceObservation" time elapsed: 00:00:00
----------------------------------------------------------

248/249 Testing: test_JsonInterfaceParameter
248/249 Test: test_JsonInterfaceParameter
Command: "D:/S/tudat/bin/unit_tests/test_JsonInterfaceParameter.exe"
Directory: D:/S/debug/tudat/Tudat/JsonInterface
"test_JsonInterfaceParameter" start time: Oct 27 22:22 ?D1迆㊣那℅?那㊣??
Output:
----------------------------------------------------------
Running 1 test case...
D:/S/tudat/Tudat/JsonInterface/UnitTests/unitTestSupport.h(62): error: in "test_json_observation/test_json_acceleration_sphericalHarmonicGravity": check fromFile == manual has failed [[
  {
    "associatedBody": "Earth",
    "centralBody": "Sun",
    "frameOrientation": "ECLIPJ2000",
    "initialStateValue": [
      [
        -121328597860.406
      ],
      [
        -89136317860.3463
      ],
      [
        302293.104215725
      ],
      [
        17142.7089896454
      ],
      [
        -24123.894413147
      ],
      [
        1.06644083113397
      ]
    ],
    "parameterType": "initialBodyState"
  },
  {
    "arcStartTimes": [
      10000000.0,
      27452800.0,
      44905600.0
    ],
    "associatedBody": "Mars",
    "centralBody": "Sun",
    "frameOrientation": "ECLIPJ2000",
    "initialStateValue": [
      [
        89168784213.3471
      ],
      [
        207896122338.366
      ],
      [
        2163042294.27056
      ],
      [
        -21346.7391339686
      ],
      [
        11611.2327950273
      ],
      [
        767.943938244597
      ],
      [
        89168784213.3471
      ],
      [
        207896122338.366
      ],
      [
        2163042294.27056
      ],
      [
        -21346.7391339686
      ],
      [
        11611.2327950273
      ],
      [
        767.943938244597
      ],
      [
        89168784213.3471
      ],
      [
        207896122338.366
      ],
      [
        2163042294.27056
      ],
      [
        -21346.7391339686
      ],
      [
        11611.2327950273
      ],
      [
        767.943938244597
      ]
    ],
    "parameterType": "arcWiseInitialBodyState"
  },
  {
    "associatedBody": "global_metric",
    "parameterType": "ppnParameterGamma"
  },
  {
    "associatedBody": "Vehicle",
    "parameterType": "radiationPressureCoefficient"
  },
  {
    "associatedBody": "Vehicle",
    "parameterType": "constantDragCoefficient"
  },
  {
    "associatedBody": "Earth",
    "parameterType": "constantRotationRate"
  },
  {
    "associatedBody": "Earth",
    "parameterType": "rotationPolePosition"
  },
  {
    "associatedBody": "Earth",
    "parameterType": "groundStationPosition",
    "secondaryIdentifier": "Station1"
  },
  {
    "associatedBody": "Earth",
    "parameterType": "groundStationPosition",
    "secondaryIdentifier": "Station2"
  },
  {
    "associatedBody": "Vehicle",
    "linkEnds": {
      "receiver": [
        "Earth",
        "Station1"
      ],
      "transmitter": [
        "Vehicle",
        ""
      ]
    },
    "observableType": "oneWayRange",
    "parameterType": "constantAdditiveObservationBias"
  },
  {
    "associatedBody": "Earth",
    "linkEnds": {
      "receiver": [
        "Vehicle",
        ""
      ],
      "transmitter": [
        "Earth",
        "Station1"
      ]
    },
    "observableType": "oneWayRange",
    "parameterType": "constantRelativeObservationBias",
    "secondaryIdentifier": "Station1"
  },
  {
    "arcStartTimes": [
      10000000.0,
      27452800.0,
      44905600.0
    ],
    "associatedBody": "Earth",
    "linkEnds": {
      "receiver": [
        "Vehicle",
        ""
      ],
      "transmitter": [
        "Earth",
        "Station1"
      ]
    },
    "observableType": "oneWayRange",
    "parameterType": "arcwiseConstantAdditiveObservationBias",
    "referenceLinkEnd": "receiver",
    "secondaryIdentifier": "Station1"
  },
  {
    "arcStartTimes": [
      10000000.0,
      27452800.0,
      44905600.0
    ],
    "associatedBody": "Vehicle",
    "linkEnds": {
      "receiver": [
        "Earth",
        "Station1"
      ],
      "transmitter": [
        "Vehicle",
        ""
      ]
    },
    "observableType": "oneWayRange",
    "parameterType": "arcwiseConstantRelativeObservationBias",
    "referenceLinkEnd": "reflector1"
  },
  {
    "associatedBody": "Earth",
    "maximumDegree": 8,
    "maximumOrder": 8,
    "minimumDegree": 2,
    "minimumOrder": 0,
    "parameterType": "sphericalHarmonicsCosineCoefficientBlock"
  },
  {
    "associatedBody": "Earth",
    "maximumDegree": 8,
    "maximumOrder": 8,
    "minimumDegree": 2,
    "minimumOrder": 1,
    "parameterType": "sphericalHarmonicsSineCoefficientBlock"
  },
  {
    "associatedBody": "Sun",
    "coefficientIndices": [
      [
        2,
        0
      ],
      [
        2,
        2
      ]
    ],
    "parameterType": "sphericalHarmonicsCosineCoefficientBlock"
  },
  {
    "associatedBody": "Sun",
    "coefficientIndices": [
      [
        2,
        0
      ],
      [
        2,
        2
      ]
    ],
    "parameterType": "sphericalHarmonicsSineCoefficientBlock"
  },
  {
    "arcStartTimes": [
      10000000.0,
      35920000.0
    ],
    "associatedBody": "Vehicle",
    "centralBody": "Earth",
    "componentsToEstimate": {
      "acrossTrack": [
        "cosine",
        "constant"
      ],
      "alongTrack": [
        "cosine",
        "sine"
      ],
      "radial": [
        "sine"
      ]
    },
    "parameterType": "arcWiseEmpiricalAccelerationCoefficients"
  },
  {
    "associatedBody": "Vehicle",
    "centralBody": "Earth",
    "componentsToEstimate": {
      "acrossTrack": [
        "cosine",
        "constant"
      ],
      "alongTrack": [
        "cosine",
        "sine"
      ],
      "radial": [
        "sine"
      ]
    },
    "parameterType": "empiricalAccelerationCoefficients"
  },
  {
    "arcStartTimes": [
      10000000.0,
      27452800.0,
      44905600.0
    ],
    "associatedBody": "Vehicle",
    "parameterType": "arcWiseRadiationPressureCoefficient"
  },
  {
    "associatedBody": "Earth",
    "deformingBodies": [
      "Sun"
    ],
    "degree": 2,
    "parameterType": "fullDegreeTidalLoveNumber",
    "useComplexValue": false
  },
  {
    "associatedBody": "Earth",
    "deformingBodies": [
      "Sun",
      "Moon"
    ],
    "degree": 2,
    "parameterType": "fullDegreeTidalLoveNumber",
    "useComplexValue": true
  },
  {
    "associatedBody": "Earth",
    "deformingBodies": [
      "Sun"
    ],
    "degree": 2,
    "orders": [
      0,
      2
    ],
    "parameterType": "singleDegreeVariableTidalLoveNumber",
    "useComplexValue": true
  },
  {
    "associatedBody": "Earth",
    "deformingBodies": [
      "Sun",
      "Moon"
    ],
    "degree": 2,
    "orders": [
      0,
      2
    ],
    "parameterType": "singleDegreeVariableTidalLoveNumber",
    "useComplexValue": false
  },
  {
    "associatedBody": "Earth",
    "deformingBodies": [
      "Sun",
      "Moon"
    ],
    "parameterType": "directDissipationTidalTimeLag"
  },
  {
    "associatedBody": "Earth",
    "deformingBodies": [
      "Sun"
    ],
    "parameterType": "directDissipationTidalTimeLag"
  }
] != [
  {
    "associatedBody": "Earth",
    "centralBody": "Sun",
    "frameOrientation": "ECLIPJ2000",
    "initialStateValue": [
      [
        -121328597860.406
      ],
      [
        -89136317860.3463
      ],
      [
        302293.104216456
      ],
      [
        17142.7089896454
      ],
      [
        -24123.894413147
      ],
      [
        1.06644083113316
      ]
    ],
    "parameterType": "initialBodyState"
  },
  {
    "arcStartTimes": [
      10000000.0,
      27452800.0,
      44905600.0
    ],
    "associatedBody": "Mars",
    "centralBody": "Sun",
    "frameOrientation": "ECLIPJ2000",
    "initialStateValue": [
      [
        89168784213.3471
      ],
      [
        207896122338.366
      ],
      [
        2163042294.27056
      ],
      [
        -21346.7391339686
      ],
      [
        11611.2327950273
      ],
      [
        767.943938244597
      ],
      [
        89168784213.3471
      ],
      [
        207896122338.366
      ],
      [
        2163042294.27056
      ],
      [
        -21346.7391339686
      ],
      [
        11611.2327950273
      ],
      [
        767.943938244597
      ],
      [
        89168784213.3471
      ],
      [
        207896122338.366
      ],
      [
        2163042294.27056
      ],
      [
        -21346.7391339686
      ],
      [
        11611.2327950273
      ],
      [
        767.943938244597
      ]
    ],
    "parameterType": "arcWiseInitialBodyState"
  },
  {
    "associatedBody": "global_metric",
    "parameterType": "ppnParameterGamma"
  },
  {
    "associatedBody": "Vehicle",
    "parameterType": "radiationPressureCoefficient"
  },
  {
    "associatedBody": "Vehicle",
    "parameterType": "constantDragCoefficient"
  },
  {
    "associatedBody": "Earth",
    "parameterType": "constantRotationRate"
  },
  {
    "associatedBody": "Earth",
    "parameterType": "rotationPolePosition"
  },
  {
    "associatedBody": "Earth",
    "parameterType": "groundStationPosition",
    "secondaryIdentifier": "Station1"
  },
  {
    "associatedBody": "Earth",
    "parameterType": "groundStationPosition",
    "secondaryIdentifier": "Station2"
  },
  {
    "associatedBody": "Vehicle",
    "linkEnds": {
      "receiver": [
        "Earth",
        "Station1"
      ],
      "transmitter": [
        "Vehicle",
        ""
      ]
    },
    "observableType": "oneWayRange",
    "parameterType": "constantAdditiveObservationBias"
  },
  {
    "associatedBody": "Earth",
    "linkEnds": {
      "receiver": [
        "Vehicle",
        ""
      ],
      "transmitter": [
        "Earth",
        "Station1"
      ]
    },
    "observableType": "oneWayRange",
    "parameterType": "constantRelativeObservationBias",
    "secondaryIdentifier": "Station1"
  },
  {
    "arcStartTimes": [
      10000000.0,
      27452800.0,
      44905600.0
    ],
    "associatedBody": "Earth",
    "linkEnds": {
      "receiver": [
        "Vehicle",
        ""
      ],
      "transmitter": [
        "Earth",
        "Station1"
      ]
    },
    "observableType": "oneWayRange",
    "parameterType": "arcwiseConstantAdditiveObservationBias",
    "referenceLinkEnd": "receiver",
    "secondaryIdentifier": "Station1"
  },
  {
    "arcStartTimes": [
      10000000.0,
      27452800.0,
      44905600.0
    ],
    "associatedBody": "Vehicle",
    "linkEnds": {
      "receiver": [
        "Earth",
        "Station1"
      ],
      "transmitter": [
        "Vehicle",
        ""
      ]
    },
    "observableType": "oneWayRange",
    "parameterType": "arcwiseConstantRelativeObservationBias",
    "referenceLinkEnd": "reflector1"
  },
  {
    "associatedBody": "Earth",
    "maximumDegree": 8,
    "maximumOrder": 8,
    "minimumDegree": 2,
    "minimumOrder": 0,
    "parameterType": "sphericalHarmonicsCosineCoefficientBlock"
  },
  {
    "associatedBody": "Earth",
    "maximumDegree": 8,
    "maximumOrder": 8,
    "minimumDegree": 2,
    "minimumOrder": 1,
    "parameterType": "sphericalHarmonicsSineCoefficientBlock"
  },
  {
    "associatedBody": "Sun",
    "coefficientIndices": [
      [
        2,
        0
      ],
      [
        2,
        2
      ]
    ],
    "parameterType": "sphericalHarmonicsCosineCoefficientBlock"
  },
  {
    "associatedBody": "Sun",
    "coefficientIndices": [
      [
        2,
        0
      ],
      [
        2,
        2
      ]
    ],
    "parameterType": "sphericalHarmonicsSineCoefficientBlock"
  },
  {
    "arcStartTimes": [
      10000000.0,
      35920000.0
    ],
    "associatedBody": "Vehicle",
    "centralBody": "Earth",
    "componentsToEstimate": {
      "acrossTrack": [
        "cosine",
        "constant"
      ],
      "alongTrack": [
        "cosine",
        "sine"
      ],
      "radial": [
        "sine"
      ]
    },
    "parameterType": "arcWiseEmpiricalAccelerationCoefficients"
  },
  {
    "associatedBody": "Vehicle",
    "centralBody": "Earth",
    "componentsToEstimate": {
      "acrossTrack": [
        "cosine",
        "constant"
      ],
      "alongTrack": [
        "cosine",
        "sine"
      ],
      "radial": [
        "sine"
      ]
    },
    "parameterType": "empiricalAccelerationCoefficients"
  },
  {
    "arcStartTimes": [
      10000000.0,
      27452800.0,
      44905600.0
    ],
    "associatedBody": "Vehicle",
    "parameterType": "arcWiseRadiationPressureCoefficient"
  },
  {
    "associatedBody": "Earth",
    "deformingBodies": [
      "Sun"
    ],
    "degree": 2,
    "parameterType": "fullDegreeTidalLoveNumber",
    "useComplexValue": false
  },
  {
    "associatedBody": "Earth",
    "deformingBodies": [
      "Sun",
      "Moon"
    ],
    "degree": 2,
    "parameterType": "fullDegreeTidalLoveNumber",
    "useComplexValue": true
  },
  {
    "associatedBody": "Earth",
    "deformingBodies": [
      "Sun"
    ],
    "degree": 2,
    "orders": [
      0,
      2
    ],
    "parameterType": "singleDegreeVariableTidalLoveNumber",
    "useComplexValue": true
  },
  {
    "associatedBody": "Earth",
    "deformingBodies": [
      "Sun",
      "Moon"
    ],
    "degree": 2,
    "orders": [
      0,
      2
    ],
    "parameterType": "singleDegreeVariableTidalLoveNumber",
    "useComplexValue": false
  },
  {
    "associatedBody": "Earth",
    "deformingBodies": [
      "Sun",
      "Moon"
    ],
    "parameterType": "directDissipationTidalTimeLag"
  },
  {
    "associatedBody": "Earth",
    "deformingBodies": [
      "Sun"
    ],
    "parameterType": "directDissipationTidalTimeLag"
  }
]]

*** 1 failure is detected in the test module "Master Test Suite"
<end of output>
Test time =   0.11 sec
----------------------------------------------------------
Test Failed.
"test_JsonInterfaceParameter" end time: Oct 27 22:22 ?D1迆㊣那℅?那㊣??
"test_JsonInterfaceParameter" time elapsed: 00:00:00
----------------------------------------------------------

249/249 Testing: test_JsonInterfaceSimulationSingleSatelliteVariational
249/249 Test: test_JsonInterfaceSimulationSingleSatelliteVariational
Command: "D:/S/tudat/bin/unit_tests/test_JsonInterfaceSimulationSingleSatelliteVariational.exe"
Directory: D:/S/debug/tudat/Tudat/JsonInterface
"test_JsonInterfaceSimulationSingleSatelliteVariational" start time: Oct 27 22:22 ?D1迆㊣那℅?那㊣??
Output:
----------------------------------------------------------
Running 1 test case...
Assertion failed!

Program: D:\S\tudat\bin\unit_tests\test_JsonInterfaceSimulationSingleSatelliteVariational.exe
File: D:/S/eigen/Eigen/src/Core/DenseStorage.h, Line 109

Expression: (internal::UIntPtr(eigen_unaligned_array_assert_workaround_gcc47(array)) & (15)) == 0 && "this assertion is explained here: " "http://eigen.tuxfamily.org/dox-devel/group__TopicUnalignedArrayAssert.html" " **** READ THIS WEB PAGE !!! ****"
<end of output>
Test time =   0.09 sec
----------------------------------------------------------
Test Failed.
"test_JsonInterfaceSimulationSingleSatelliteVariational" end time: Oct 27 22:22 ?D1迆㊣那℅?那㊣??
"test_JsonInterfaceSimulationSingleSatelliteVariational" time elapsed: 00:00:00
----------------------------------------------------------

End testing: Oct 27 22:22 ?D1迆㊣那℅?那㊣??
