Start testing: Oct 27 22:20 ?D1迆㊣那℅?那㊣??
----------------------------------------------------------
1/249 Testing: sofa-test
1/249 Test: sofa-test
Command: "D:/S/sofa/bin/sofa-test.exe"
Directory: D:/S/debug/sofa/src
"sofa-test" start time: Oct 27 22:20 ?D1迆㊣那℅?那㊣??
Output:
----------------------------------------------------------
t_sofa_c validation successful
<end of output>
Test time =   0.02 sec
----------------------------------------------------------
Test Passed.
"sofa-test" end time: Oct 27 22:20 ?D1迆㊣那℅?那㊣??
"sofa-test" time elapsed: 00:00:00
----------------------------------------------------------

2/249 Testing: test_AerodynamicMomentAndAerodynamicForce
2/249 Test: test_AerodynamicMomentAndAerodynamicForce
Command: "D:/S/tudat/bin/unit_tests/test_AerodynamicMomentAndAerodynamicForce.exe"
Directory: D:/S/debug/tudat/Tudat/Astrodynamics/Aerodynamics
"test_AerodynamicMomentAndAerodynamicForce" start time: Oct 27 22:20 ?D1迆㊣那℅?那㊣??
Output:
----------------------------------------------------------
Running 3 test cases...
Assertion failed!

Program: D:\S\tudat\bin\unit_tests\test_AerodynamicMomentAndAerodynamicForce.exe
File: D:/S/eigen/Eigen/src/Core/DenseStorage.h, Line 109

Expression: (internal::UIntPtr(eigen_unaligned_array_assert_workaround_gcc47(array)) & (15)) == 0 && "this assertion is explained here: " "http://eigen.tuxfamily.org/dox-devel/group__TopicUnalignedArrayAssert.html" " **** READ THIS WEB PAGE !!! ****"
<end of output>
Test time =   0.11 sec
----------------------------------------------------------
Test Failed.
"test_AerodynamicMomentAndAerodynamicForce" end time: Oct 27 22:20 ?D1迆㊣那℅?那㊣??
"test_AerodynamicMomentAndAerodynamicForce" time elapsed: 00:00:00
----------------------------------------------------------

3/249 Testing: test_AerodynamicsNamespace
3/249 Test: test_AerodynamicsNamespace
Command: "D:/S/tudat/bin/unit_tests/test_AerodynamicsNamespace.exe"
Directory: D:/S/debug/tudat/Tudat/Astrodynamics/Aerodynamics
"test_AerodynamicsNamespace" start time: Oct 27 22:20 ?D1迆㊣那℅?那㊣??
Output:
----------------------------------------------------------
Running 2 test cases...

*** No errors detected
<end of output>
Test time =   0.01 sec
----------------------------------------------------------
Test Passed.
"test_AerodynamicsNamespace" end time: Oct 27 22:20 ?D1迆㊣那℅?那㊣??
"test_AerodynamicsNamespace" time elapsed: 00:00:00
----------------------------------------------------------

4/249 Testing: test_AerodynamicCoefficientGenerator
4/249 Test: test_AerodynamicCoefficientGenerator
Command: "D:/S/tudat/bin/unit_tests/test_AerodynamicCoefficientGenerator.exe"
Directory: D:/S/debug/tudat/Tudat/Astrodynamics/Aerodynamics
"test_AerodynamicCoefficientGenerator" start time: Oct 27 22:20 ?D1迆㊣那℅?那㊣??
Output:
----------------------------------------------------------
Running 2 test cases...

*** No errors detected
<end of output>
Test time =   0.07 sec
----------------------------------------------------------
Test Passed.
"test_AerodynamicCoefficientGenerator" end time: Oct 27 22:20 ?D1迆㊣那℅?那㊣??
"test_AerodynamicCoefficientGenerator" time elapsed: 00:00:00
----------------------------------------------------------

5/249 Testing: test_ExponentialAtmosphere
5/249 Test: test_ExponentialAtmosphere
Command: "D:/S/tudat/bin/unit_tests/test_ExponentialAtmosphere.exe"
Directory: D:/S/debug/tudat/Tudat/Astrodynamics/Aerodynamics
"test_ExponentialAtmosphere" start time: Oct 27 22:20 ?D1迆㊣那℅?那㊣??
Output:
----------------------------------------------------------
Running 4 test cases...

*** No errors detected
<end of output>
Test time =   0.01 sec
----------------------------------------------------------
Test Passed.
"test_ExponentialAtmosphere" end time: Oct 27 22:20 ?D1迆㊣那℅?那㊣??
"test_ExponentialAtmosphere" time elapsed: 00:00:00
----------------------------------------------------------

6/249 Testing: test_CustomConstantTemperatureAtmosphere
6/249 Test: test_CustomConstantTemperatureAtmosphere
Command: "D:/S/tudat/bin/unit_tests/test_CustomConstantTemperatureAtmosphere.exe"
Directory: D:/S/debug/tudat/Tudat/Astrodynamics/Aerodynamics
"test_CustomConstantTemperatureAtmosphere" start time: Oct 27 22:20 ?D1迆㊣那℅?那㊣??
Output:
----------------------------------------------------------
Running 4 test cases...

*** No errors detected
<end of output>
Test time =   0.01 sec
----------------------------------------------------------
Test Passed.
"test_CustomConstantTemperatureAtmosphere" end time: Oct 27 22:20 ?D1迆㊣那℅?那㊣??
"test_CustomConstantTemperatureAtmosphere" time elapsed: 00:00:00
----------------------------------------------------------

7/249 Testing: test_TabulatedAtmosphere
7/249 Test: test_TabulatedAtmosphere
Command: "D:/S/tudat/bin/unit_tests/test_TabulatedAtmosphere.exe"
Directory: D:/S/debug/tudat/Tudat/Astrodynamics/Aerodynamics
"test_TabulatedAtmosphere" start time: Oct 27 22:20 ?D1迆㊣那℅?那㊣??
Output:
----------------------------------------------------------
Running 10 test cases...
Warning in interpolator, requesting data point outside of boundaries, requested data of dimension 2 at 50000000.000000 but limit values are 50000.000000 and 10000000.000000, taking default value instead.
Warning in interpolator, requesting data point outside of boundaries, requested data of dimension 2 at 50000000.000000 but limit values are 50000.000000 and 10000000.000000, taking default value instead.
Warning in interpolator, requesting data point outside of boundaries, requested data of dimension 2 at 50000000.000000 but limit values are 50000.000000 and 10000000.000000, taking default value instead.
Warning in interpolator, requesting data point outside of boundaries, requested data of dimension 2 at 50000000.000000 but limit values are 50000.000000 and 10000000.000000, taking default value instead.
Warning in interpolator, requesting data point outside of boundaries, requested data of dimension 1 at 10.000000 but limit values are -1.570796 and 1.570796, taking boundary value instead.
Warning in interpolator, requesting data point outside of boundaries, requested data of dimension 1 at 10.000000 but limit values are -1.570796 and 1.570796, taking boundary value instead.
Warning in interpolator, requesting data point outside of boundaries, requested data of dimension 1 at 10.000000 but limit values are -1.570796 and 1.570796, taking boundary value instead.
Warning in interpolator, requesting data point outside of boundaries, requested data of dimension 1 at 10.000000 but limit values are -1.570796 and 1.570796, taking boundary value instead.

*** No errors detected
<end of output>
Test time =  84.44 sec
----------------------------------------------------------
Test Passed.
"test_TabulatedAtmosphere" end time: Oct 27 22:21 ?D1迆㊣那℅?那㊣??
"test_TabulatedAtmosphere" time elapsed: 00:01:24
----------------------------------------------------------

8/249 Testing: test_TabulatedAerodynamicCoefficients
8/249 Test: test_TabulatedAerodynamicCoefficients
Command: "D:/S/tudat/bin/unit_tests/test_TabulatedAerodynamicCoefficients.exe"
Directory: D:/S/debug/tudat/Tudat/Astrodynamics/Aerodynamics
"test_TabulatedAerodynamicCoefficients" start time: Oct 27 22:21 ?D1迆㊣那℅?那㊣??
Output:
----------------------------------------------------------
Running 1 test case...
Assertion failed!

Program: D:\S\tudat\bin\unit_tests\test_TabulatedAerodynamicCoefficients.exe
File: D:/S/eigen/Eigen/src/Core/DenseStorage.h, Line 109

Expression: (internal::UIntPtr(eigen_unaligned_array_assert_workaround_gcc47(array)) & (15)) == 0 && "this assertion is explained here: " "http://eigen.tuxfamily.org/dox-devel/group__TopicUnalignedArrayAssert.html" " **** READ THIS WEB PAGE !!! ****"
<end of output>
Test time =   0.08 sec
----------------------------------------------------------
Test Failed.
"test_TabulatedAerodynamicCoefficients" end time: Oct 27 22:21 ?D1迆㊣那℅?那㊣??
"test_TabulatedAerodynamicCoefficients" time elapsed: 00:00:00
----------------------------------------------------------

9/249 Testing: test_HeatTransfer
9/249 Test: test_HeatTransfer
Command: "D:/S/tudat/bin/unit_tests/test_HeatTransfer.exe"
Directory: D:/S/debug/tudat/Tudat/Astrodynamics/Aerodynamics
"test_HeatTransfer" start time: Oct 27 22:21 ?D1迆㊣那℅?那㊣??
Output:
----------------------------------------------------------
Running 3 test cases...

*** No errors detected
<end of output>
Test time =   0.03 sec
----------------------------------------------------------
Test Passed.
"test_HeatTransfer" end time: Oct 27 22:21 ?D1迆㊣那℅?那㊣??
"test_HeatTransfer" time elapsed: 00:00:00
----------------------------------------------------------

10/249 Testing: test_ControlSurfaceIncrements
10/249 Test: test_ControlSurfaceIncrements
Command: "D:/S/tudat/bin/unit_tests/test_ControlSurfaceIncrements.exe"
Directory: D:/S/debug/tudat/Tudat/Astrodynamics/Aerodynamics
"test_ControlSurfaceIncrements" start time: Oct 27 22:21 ?D1迆㊣那℅?那㊣??
Output:
----------------------------------------------------------
Running 2 test cases...
Assertion failed!

Program: D:\S\tudat\bin\unit_tests\test_ControlSurfaceIncrements.exe
File: D:/S/eigen/Eigen/src/Core/DenseStorage.h, Line 109

Expression: (internal::UIntPtr(eigen_unaligned_array_assert_workaround_gcc47(array)) & (15)) == 0 && "this assertion is explained here: " "http://eigen.tuxfamily.org/dox-devel/group__TopicUnalignedArrayAssert.html" " **** READ THIS WEB PAGE !!! ****"
<end of output>
Test time =   0.29 sec
----------------------------------------------------------
Test Failed.
"test_ControlSurfaceIncrements" end time: Oct 27 22:21 ?D1迆㊣那℅?那㊣??
"test_ControlSurfaceIncrements" time elapsed: 00:00:00
----------------------------------------------------------

11/249 Testing: test_AerodynamicCoefficientsFromFile
11/249 Test: test_AerodynamicCoefficientsFromFile
Command: "D:/S/tudat/bin/unit_tests/test_AerodynamicCoefficientsFromFile.exe"
Directory: D:/S/debug/tudat/Tudat/Astrodynamics/Aerodynamics
"test_AerodynamicCoefficientsFromFile" start time: Oct 27 22:21 ?D1迆㊣那℅?那㊣??
Output:
----------------------------------------------------------
Running 1 test case...
Assertion failed!

Program: D:\S\tudat\bin\unit_tests\test_AerodynamicCoefficientsFromFile.exe
File: D:/S/eigen/Eigen/src/Core/DenseStorage.h, Line 109

Expression: (internal::UIntPtr(eigen_unaligned_array_assert_workaround_gcc47(array)) & (15)) == 0 && "this assertion is explained here: " "http://eigen.tuxfamily.org/dox-devel/group__TopicUnalignedArrayAssert.html" " **** READ THIS WEB PAGE !!! ****"
<end of output>
Test time =   0.07 sec
----------------------------------------------------------
Test Failed.
"test_AerodynamicCoefficientsFromFile" end time: Oct 27 22:21 ?D1迆㊣那℅?那㊣??
"test_AerodynamicCoefficientsFromFile" time elapsed: 00:00:00
----------------------------------------------------------

12/249 Testing: test_WindModel
12/249 Test: test_WindModel
Command: "D:/S/tudat/bin/unit_tests/test_WindModel.exe"
Directory: D:/S/debug/tudat/Tudat/Astrodynamics/Aerodynamics
"test_WindModel" start time: Oct 27 22:21 ?D1迆㊣那℅?那㊣??
Output:
----------------------------------------------------------
Running 1 test case...
Assertion failed!

Program: D:\S\tudat\bin\unit_tests\test_WindModel.exe
File: D:/S/eigen/Eigen/src/Core/DenseStorage.h, Line 109

Expression: (internal::UIntPtr(eigen_unaligned_array_assert_workaround_gcc47(array)) & (15)) == 0 && "this assertion is explained here: " "http://eigen.tuxfamily.org/dox-devel/group__TopicUnalignedArrayAssert.html" " **** READ THIS WEB PAGE !!! ****"
<end of output>
Test time =   0.10 sec
----------------------------------------------------------
Test Failed.
"test_WindModel" end time: Oct 27 22:21 ?D1迆㊣那℅?那㊣??
"test_WindModel" time elapsed: 00:00:00
----------------------------------------------------------

13/249 Testing: test_NRLMSISE00Atmosphere
13/249 Test: test_NRLMSISE00Atmosphere
Command: "D:/S/tudat/bin/unit_tests/test_NRLMSISE00Atmosphere.exe"
Directory: D:/S/debug/tudat/Tudat/Astrodynamics/Aerodynamics
"test_NRLMSISE00Atmosphere" start time: Oct 27 22:21 ?D1迆㊣那℅?那㊣??
Output:
----------------------------------------------------------
Running 24 test cases...

*** No errors detected
<end of output>
Test time =   0.06 sec
----------------------------------------------------------
Test Passed.
"test_NRLMSISE00Atmosphere" end time: Oct 27 22:21 ?D1迆㊣那℅?那㊣??
"test_NRLMSISE00Atmosphere" time elapsed: 00:00:00
----------------------------------------------------------

14/249 Testing: test_AstrodynamicsFunctions
14/249 Test: test_AstrodynamicsFunctions
Command: "D:/S/tudat/bin/unit_tests/test_AstrodynamicsFunctions.exe"
Directory: D:/S/debug/tudat/Tudat/Astrodynamics/BasicAstrodynamics
"test_AstrodynamicsFunctions" start time: Oct 27 22:21 ?D1迆㊣那℅?那㊣??
Output:
----------------------------------------------------------
Running 8 test cases...

*** No errors detected
<end of output>
Test time =   0.01 sec
----------------------------------------------------------
Test Passed.
"test_AstrodynamicsFunctions" end time: Oct 27 22:21 ?D1迆㊣那℅?那㊣??
"test_AstrodynamicsFunctions" time elapsed: 00:00:00
----------------------------------------------------------

15/249 Testing: test_OrbitalElementConversions
15/249 Test: test_OrbitalElementConversions
Command: "D:/S/tudat/bin/unit_tests/test_OrbitalElementConversions.exe"
Directory: D:/S/debug/tudat/Tudat/Astrodynamics/BasicAstrodynamics
"test_OrbitalElementConversions" start time: Oct 27 22:21 ?D1迆㊣那℅?那㊣??
Output:
----------------------------------------------------------
Running 12 test cases...


 146378739288.0336  -32851886854.1209 -14241055658.24648  6603.183449760695  26444.27948911581  11463.63694918501
 146378739287.7867 -32851886855.22092 -14241055658.24651  6603.183449959424  26444.27948906618  11463.63694918501

  149614115637.0027 0.01636341269609827  0.4090490755385123   1.802512417580217   6.283180991344357   4.240777009021134
  149614115637.0026 0.01636341269609836  0.4090490755385123   1.802512417580231   6.283180991344357   4.240777009021119

*** No errors detected
<end of output>
Test time =   0.01 sec
----------------------------------------------------------
Test Passed.
"test_OrbitalElementConversions" end time: Oct 27 22:21 ?D1迆㊣那℅?那㊣??
"test_OrbitalElementConversions" time elapsed: 00:00:00
----------------------------------------------------------

16/249 Testing: test_PhysicalConstants
16/249 Test: test_PhysicalConstants
Command: "D:/S/tudat/bin/unit_tests/test_PhysicalConstants.exe"
Directory: D:/S/debug/tudat/Tudat/Astrodynamics/BasicAstrodynamics
"test_PhysicalConstants" start time: Oct 27 22:21 ?D1迆㊣那℅?那㊣??
Output:
----------------------------------------------------------
Running 4 test cases...

*** No errors detected
<end of output>
Test time =   0.01 sec
----------------------------------------------------------
Test Passed.
"test_PhysicalConstants" end time: Oct 27 22:21 ?D1迆㊣那℅?那㊣??
"test_PhysicalConstants" time elapsed: 00:00:00
----------------------------------------------------------

17/249 Testing: test_UnitConversions
17/249 Test: test_UnitConversions
Command: "D:/S/tudat/bin/unit_tests/test_UnitConversions.exe"
Directory: D:/S/debug/tudat/Tudat/Astrodynamics/BasicAstrodynamics
"test_UnitConversions" start time: Oct 27 22:21 ?D1迆㊣那℅?那㊣??
Output:
----------------------------------------------------------
Running 14 test cases...

*** No errors detected
<end of output>
Test time =   0.01 sec
----------------------------------------------------------
Test Passed.
"test_UnitConversions" end time: Oct 27 22:21 ?D1迆㊣那℅?那㊣??
"test_UnitConversions" time elapsed: 00:00:00
----------------------------------------------------------

18/249 Testing: test_MeanToEccentricAnomalyConversion
18/249 Test: test_MeanToEccentricAnomalyConversion
Command: "D:/S/tudat/bin/unit_tests/test_MeanToEccentricAnomalyConversion.exe"
Directory: D:/S/debug/tudat/Tudat/Astrodynamics/BasicAstrodynamics
"test_MeanToEccentricAnomalyConversion" start time: Oct 27 22:21 ?D1迆㊣那℅?那㊣??
Output:
----------------------------------------------------------
Running 7 test cases...

*** No errors detected
<end of output>
Test time =   0.84 sec
----------------------------------------------------------
Test Passed.
"test_MeanToEccentricAnomalyConversion" end time: Oct 27 22:21 ?D1迆㊣那℅?那㊣??
"test_MeanToEccentricAnomalyConversion" time elapsed: 00:00:00
----------------------------------------------------------

19/249 Testing: test_MeanToHyperbolicEccentricAnomalyConversion
19/249 Test: test_MeanToHyperbolicEccentricAnomalyConversion
Command: "D:/S/tudat/bin/unit_tests/test_MeanToHyperbolicEccentricAnomalyConversion.exe"
Directory: D:/S/debug/tudat/Tudat/Astrodynamics/BasicAstrodynamics
"test_MeanToHyperbolicEccentricAnomalyConversion" start time: Oct 27 22:21 ?D1迆㊣那℅?那㊣??
Output:
----------------------------------------------------------
Running 5 test cases...

*** No errors detected
<end of output>
Test time =   1.27 sec
----------------------------------------------------------
Test Passed.
"test_MeanToHyperbolicEccentricAnomalyConversion" end time: Oct 27 22:21 ?D1迆㊣那℅?那㊣??
"test_MeanToHyperbolicEccentricAnomalyConversion" time elapsed: 00:00:01
----------------------------------------------------------

20/249 Testing: test_KeplerPropagator
20/249 Test: test_KeplerPropagator
Command: "D:/S/tudat/bin/unit_tests/test_KeplerPropagator.exe"
Directory: D:/S/debug/tudat/Tudat/Astrodynamics/BasicAstrodynamics
"test_KeplerPropagator" start time: Oct 27 22:21 ?D1迆㊣那℅?那㊣??
Output:
----------------------------------------------------------
Running 6 test cases...
Assertion failed!

Program: D:\S\tudat\bin\unit_tests\test_KeplerPropagator.exe
File: D:/S/eigen/Eigen/src/Core/DenseStorage.h, Line 109

Expression: (internal::UIntPtr(eigen_unaligned_array_assert_workaround_gcc47(array)) & (15)) == 0 && "this assertion is explained here: " "http://eigen.tuxfamily.org/dox-devel/group__TopicUnalignedArrayAssert.html" " **** READ THIS WEB PAGE !!! ****"
<end of output>
Test time =   0.01 sec
----------------------------------------------------------
Test Failed.
"test_KeplerPropagator" end time: Oct 27 22:21 ?D1迆㊣那℅?那㊣??
"test_KeplerPropagator" time elapsed: 00:00:00
----------------------------------------------------------

21/249 Testing: test_AccelerationModel
21/249 Test: test_AccelerationModel
Command: "D:/S/tudat/bin/unit_tests/test_AccelerationModel.exe"
Directory: D:/S/debug/tudat/Tudat/Astrodynamics/BasicAstrodynamics
"test_AccelerationModel" start time: Oct 27 22:21 ?D1迆㊣那℅?那㊣??
Output:
----------------------------------------------------------
Running 3 test cases...

*** No errors detected
<end of output>
Test time =   0.01 sec
----------------------------------------------------------
Test Passed.
"test_AccelerationModel" end time: Oct 27 22:21 ?D1迆㊣那℅?那㊣??
"test_AccelerationModel" time elapsed: 00:00:00
----------------------------------------------------------

22/249 Testing: test_ClohessyWiltshirePropagator
22/249 Test: test_ClohessyWiltshirePropagator
Command: "D:/S/tudat/bin/unit_tests/test_ClohessyWiltshirePropagator.exe"
Directory: D:/S/debug/tudat/Tudat/Astrodynamics/BasicAstrodynamics
"test_ClohessyWiltshirePropagator" start time: Oct 27 22:21 ?D1迆㊣那℅?那㊣??
Output:
----------------------------------------------------------
Running 2 test cases...

*** No errors detected
<end of output>
Test time =   0.01 sec
----------------------------------------------------------
Test Passed.
"test_ClohessyWiltshirePropagator" end time: Oct 27 22:21 ?D1迆㊣那℅?那㊣??
"test_ClohessyWiltshirePropagator" time elapsed: 00:00:00
----------------------------------------------------------

23/249 Testing: test_MissionGeometry
23/249 Test: test_MissionGeometry
Command: "D:/S/tudat/bin/unit_tests/test_MissionGeometry.exe"
Directory: D:/S/debug/tudat/Tudat/Astrodynamics/BasicAstrodynamics
"test_MissionGeometry" start time: Oct 27 22:21 ?D1迆㊣那℅?那㊣??
Output:
----------------------------------------------------------
Running 6 test cases...

*** No errors detected
<end of output>
Test time =   0.01 sec
----------------------------------------------------------
Test Passed.
"test_MissionGeometry" end time: Oct 27 22:21 ?D1迆㊣那℅?那㊣??
"test_MissionGeometry" time elapsed: 00:00:00
----------------------------------------------------------

24/249 Testing: test_TimeConversions
24/249 Test: test_TimeConversions
Command: "D:/S/tudat/bin/unit_tests/test_TimeConversions.exe"
Directory: D:/S/debug/tudat/Tudat/Astrodynamics/BasicAstrodynamics
"test_TimeConversions" start time: Oct 27 22:21 ?D1迆㊣那℅?那㊣??
Output:
----------------------------------------------------------
Running 5 test cases...

*** No errors detected
<end of output>
Test time =   0.01 sec
----------------------------------------------------------
Test Passed.
"test_TimeConversions" end time: Oct 27 22:21 ?D1迆㊣那℅?那㊣??
"test_TimeConversions" time elapsed: 00:00:00
----------------------------------------------------------

25/249 Testing: test_CelestialBodyConstants
25/249 Test: test_CelestialBodyConstants
Command: "D:/S/tudat/bin/unit_tests/test_CelestialBodyConstants.exe"
Directory: D:/S/debug/tudat/Tudat/Astrodynamics/BasicAstrodynamics
"test_CelestialBodyConstants" start time: Oct 27 22:21 ?D1迆㊣那℅?那㊣??
Output:
----------------------------------------------------------
Running 4 test cases...

*** No errors detected
<end of output>
Test time =   0.01 sec
----------------------------------------------------------
Test Passed.
"test_CelestialBodyConstants" end time: Oct 27 22:21 ?D1迆㊣那℅?那㊣??
"test_CelestialBodyConstants" time elapsed: 00:00:00
----------------------------------------------------------

26/249 Testing: test_ModifiedEquinoctialElementConversions
26/249 Test: test_ModifiedEquinoctialElementConversions
Command: "D:/S/tudat/bin/unit_tests/test_ModifiedEquinoctialElementConversions.exe"
Directory: D:/S/debug/tudat/Tudat/Astrodynamics/BasicAstrodynamics
"test_ModifiedEquinoctialElementConversions" start time: Oct 27 22:21 ?D1迆㊣那℅?那㊣??
Output:
----------------------------------------------------------
Running 4 test cases...
D:/S/tudat/Tudat/Astrodynamics/BasicAstrodynamics/UnitTests/unitTestModifiedEquinoctialElementConversions.cpp(669): error: in "test_orbital_element_conversions/testConvertCartesianElementsToModifiedEquinoctialElements": Element [0, 0] not within expected tolerance (delta 1.359731e-007): expected 10000000.000000, was 10000000.000000, tolerance 1.000000e-014 .
D:/S/tudat/Tudat/Astrodynamics/BasicAstrodynamics/UnitTests/unitTestModifiedEquinoctialElementConversions.cpp(676): error: in "test_orbital_element_conversions/testConvertCartesianElementsToModifiedEquinoctialElements": Element [0, 0] not within expected tolerance (delta 1.359731e-007): expected 10000000.000000, was 10000000.000000, tolerance 1.000000e-014 .

*** 2 failures are detected in the test module "Master Test Suite"
<end of output>
Test time =   0.02 sec
----------------------------------------------------------
Test Failed.
"test_ModifiedEquinoctialElementConversions" end time: Oct 27 22:21 ?D1迆㊣那℅?那㊣??
"test_ModifiedEquinoctialElementConversions" time elapsed: 00:00:00
----------------------------------------------------------

27/249 Testing: test_GeodeticCoordinateConversions
27/249 Test: test_GeodeticCoordinateConversions
Command: "D:/S/tudat/bin/unit_tests/test_GeodeticCoordinateConversions.exe"
Directory: D:/S/debug/tudat/Tudat/Astrodynamics/BasicAstrodynamics
"test_GeodeticCoordinateConversions" start time: Oct 27 22:21 ?D1迆㊣那℅?那㊣??
Output:
----------------------------------------------------------
Running 1 test case...

*** No errors detected
<end of output>
Test time =   0.01 sec
----------------------------------------------------------
Test Passed.
"test_GeodeticCoordinateConversions" end time: Oct 27 22:21 ?D1迆㊣那℅?那㊣??
"test_GeodeticCoordinateConversions" time elapsed: 00:00:00
----------------------------------------------------------

28/249 Testing: test_StateElementConversions
28/249 Test: test_StateElementConversions
Command: "D:/S/tudat/bin/unit_tests/test_StateElementConversions.exe"
Directory: D:/S/debug/tudat/Tudat/Astrodynamics/BasicAstrodynamics
"test_StateElementConversions" start time: Oct 27 22:21 ?D1迆㊣那℅?那㊣??
Output:
----------------------------------------------------------
Running 1 test case...

*** No errors detected
<end of output>
Test time =   0.01 sec
----------------------------------------------------------
Test Passed.
"test_StateElementConversions" end time: Oct 27 22:21 ?D1迆㊣那℅?那㊣??
"test_StateElementConversions" time elapsed: 00:00:00
----------------------------------------------------------

29/249 Testing: test_SphericalOrbitalStateConversions
29/249 Test: test_SphericalOrbitalStateConversions
Command: "D:/S/tudat/bin/unit_tests/test_SphericalOrbitalStateConversions.exe"
Directory: D:/S/debug/tudat/Tudat/Astrodynamics/BasicAstrodynamics
"test_SphericalOrbitalStateConversions" start time: Oct 27 22:21 ?D1迆㊣那℅?那㊣??
Output:
----------------------------------------------------------
Running 1 test case...

*** No errors detected
<end of output>
Test time =   0.01 sec
----------------------------------------------------------
Test Passed.
"test_SphericalOrbitalStateConversions" end time: Oct 27 22:21 ?D1迆㊣那℅?那㊣??
"test_SphericalOrbitalStateConversions" time elapsed: 00:00:00
----------------------------------------------------------

30/249 Testing: test_BodyShapeModels
30/249 Test: test_BodyShapeModels
Command: "D:/S/tudat/bin/unit_tests/test_BodyShapeModels.exe"
Directory: D:/S/debug/tudat/Tudat/Astrodynamics/BasicAstrodynamics
"test_BodyShapeModels" start time: Oct 27 22:21 ?D1迆㊣那℅?那㊣??
Output:
----------------------------------------------------------
Running 1 test case...

*** No errors detected
<end of output>
Test time =   0.01 sec
----------------------------------------------------------
Test Passed.
"test_BodyShapeModels" end time: Oct 27 22:21 ?D1迆㊣那℅?那㊣??
"test_BodyShapeModels" time elapsed: 00:00:00
----------------------------------------------------------

31/249 Testing: test_UnifiedStateModelQuaternionElementConversions
31/249 Test: test_UnifiedStateModelQuaternionElementConversions
Command: "D:/S/tudat/bin/unit_tests/test_UnifiedStateModelQuaternionElementConversions.exe"
Directory: D:/S/debug/tudat/Tudat/Astrodynamics/BasicAstrodynamics
"test_UnifiedStateModelQuaternionElementConversions" start time: Oct 27 22:21 ?D1迆㊣那℅?那㊣??
Output:
----------------------------------------------------------
Running 2 test cases...

*** No errors detected
<end of output>
Test time =   0.02 sec
----------------------------------------------------------
Test Passed.
"test_UnifiedStateModelQuaternionElementConversions" end time: Oct 27 22:21 ?D1迆㊣那℅?那㊣??
"test_UnifiedStateModelQuaternionElementConversions" time elapsed: 00:00:00
----------------------------------------------------------

32/249 Testing: test_UnifiedStateModelModifiedRodriguesParameterElementConversions
32/249 Test: test_UnifiedStateModelModifiedRodriguesParameterElementConversions
Command: "D:/S/tudat/bin/unit_tests/test_UnifiedStateModelModifiedRodriguesParameterElementConversions.exe"
Directory: D:/S/debug/tudat/Tudat/Astrodynamics/BasicAstrodynamics
"test_UnifiedStateModelModifiedRodriguesParameterElementConversions" start time: Oct 27 22:21 ?D1迆㊣那℅?那㊣??
Output:
----------------------------------------------------------
Running 2 test cases...
D:/S/tudat/Tudat/Astrodynamics/BasicAstrodynamics/UnitTests/unitTestUnifiedStateModelModifiedRodriguesParameterElementConversions.cpp(233): error: in "test_USM6_Element_Conversions/testconvertKeplerianToUnifiedStateModelModifiedRodriguesParametersElements": Element [3, 0] not within expected tolerance (delta 6.014116e-001): expected -0.300706, was 0.300706, tolerance 1.000000e-014 .
D:/S/tudat/Tudat/Astrodynamics/BasicAstrodynamics/UnitTests/unitTestUnifiedStateModelModifiedRodriguesParameterElementConversions.cpp(233): error: in "test_USM6_Element_Conversions/testconvertKeplerianToUnifiedStateModelModifiedRodriguesParametersElements": Element [4, 0] not within expected tolerance (delta 1.907434e+000): expected 0.953717, was -0.953717, tolerance 1.000000e-014 .
D:/S/tudat/Tudat/Astrodynamics/BasicAstrodynamics/UnitTests/unitTestUnifiedStateModelModifiedRodriguesParameterElementConversions.cpp(233): error: in "test_USM6_Element_Conversions/testconvertKeplerianToUnifiedStateModelModifiedRodriguesParametersElements": Element [6, 0] not within expected tolerance (delta 1.000000e+000): expected 0.000000, was 1.000000, tolerance 1.000000e-014 .

*** 3 failures are detected in the test module "Master Test Suite"
<end of output>
Test time =   0.02 sec
----------------------------------------------------------
Test Failed.
"test_UnifiedStateModelModifiedRodriguesParameterElementConversions" end time: Oct 27 22:21 ?D1迆㊣那℅?那㊣??
"test_UnifiedStateModelModifiedRodriguesParameterElementConversions" time elapsed: 00:00:00
----------------------------------------------------------

33/249 Testing: test_UnifiedStateModelExponentialMapElementConversions
33/249 Test: test_UnifiedStateModelExponentialMapElementConversions
Command: "D:/S/tudat/bin/unit_tests/test_UnifiedStateModelExponentialMapElementConversions.exe"
Directory: D:/S/debug/tudat/Tudat/Astrodynamics/BasicAstrodynamics
"test_UnifiedStateModelExponentialMapElementConversions" start time: Oct 27 22:21 ?D1迆㊣那℅?那㊣??
Output:
----------------------------------------------------------
Running 2 test cases...

*** No errors detected
<end of output>
Test time =   0.01 sec
----------------------------------------------------------
Test Passed.
"test_UnifiedStateModelExponentialMapElementConversions" end time: Oct 27 22:21 ?D1迆㊣那℅?那㊣??
"test_UnifiedStateModelExponentialMapElementConversions" time elapsed: 00:00:00
----------------------------------------------------------

34/249 Testing: test_EmpiricalAccelerations
34/249 Test: test_EmpiricalAccelerations
Command: "D:/S/tudat/bin/unit_tests/test_EmpiricalAccelerations.exe"
Directory: D:/S/debug/tudat/Tudat/Astrodynamics/BasicAstrodynamics
"test_EmpiricalAccelerations" start time: Oct 27 22:21 ?D1迆㊣那℅?那㊣??
Output:
----------------------------------------------------------
Running 1 test case...
Assertion failed!

Program: D:\S\tudat\bin\unit_tests\test_EmpiricalAccelerations.exe
File: D:/S/eigen/Eigen/src/Core/DenseStorage.h, Line 109

Expression: (internal::UIntPtr(eigen_unaligned_array_assert_workaround_gcc47(array)) & (15)) == 0 && "this assertion is explained here: " "http://eigen.tuxfamily.org/dox-devel/group__TopicUnalignedArrayAssert.html" " **** READ THIS WEB PAGE !!! ****"
<end of output>
Test time =   0.06 sec
----------------------------------------------------------
Test Failed.
"test_EmpiricalAccelerations" end time: Oct 27 22:21 ?D1迆㊣那℅?那㊣??
"test_EmpiricalAccelerations" time elapsed: 00:00:00
----------------------------------------------------------

35/249 Testing: test_CannonBallRadiationPressureAccelerationAndForce
35/249 Test: test_CannonBallRadiationPressureAccelerationAndForce
Command: "D:/S/tudat/bin/unit_tests/test_CannonBallRadiationPressureAccelerationAndForce.exe"
Directory: D:/S/debug/tudat/Tudat/Astrodynamics/ElectroMagnetism
"test_CannonBallRadiationPressureAccelerationAndForce" start time: Oct 27 22:21 ?D1迆㊣那℅?那㊣??
Output:
----------------------------------------------------------
Running 9 test cases...

*** No errors detected
<end of output>
Test time =   0.02 sec
----------------------------------------------------------
Test Passed.
"test_CannonBallRadiationPressureAccelerationAndForce" end time: Oct 27 22:21 ?D1迆㊣那℅?那㊣??
"test_CannonBallRadiationPressureAccelerationAndForce" time elapsed: 00:00:00
----------------------------------------------------------

36/249 Testing: test_LorentzStaticMagneticAccelerationAndForce
36/249 Test: test_LorentzStaticMagneticAccelerationAndForce
Command: "D:/S/tudat/bin/unit_tests/test_LorentzStaticMagneticAccelerationAndForce.exe"
Directory: D:/S/debug/tudat/Tudat/Astrodynamics/ElectroMagnetism
"test_LorentzStaticMagneticAccelerationAndForce" start time: Oct 27 22:21 ?D1迆㊣那℅?那㊣??
Output:
----------------------------------------------------------
Running 5 test cases...

*** No errors detected
<end of output>
Test time =   0.01 sec
----------------------------------------------------------
Test Passed.
"test_LorentzStaticMagneticAccelerationAndForce" end time: Oct 27 22:21 ?D1迆㊣那℅?那㊣??
"test_LorentzStaticMagneticAccelerationAndForce" time elapsed: 00:00:00
----------------------------------------------------------

37/249 Testing: test_RadiationPressureInterface
37/249 Test: test_RadiationPressureInterface
Command: "D:/S/tudat/bin/unit_tests/test_RadiationPressureInterface.exe"
Directory: D:/S/debug/tudat/Tudat/Astrodynamics/ElectroMagnetism
"test_RadiationPressureInterface" start time: Oct 27 22:21 ?D1迆㊣那℅?那㊣??
Output:
----------------------------------------------------------
Running 2 test cases...

*** No errors detected
<end of output>
Test time =   0.01 sec
----------------------------------------------------------
Test Passed.
"test_RadiationPressureInterface" end time: Oct 27 22:21 ?D1迆㊣那℅?那㊣??
"test_RadiationPressureInterface" time elapsed: 00:00:00
----------------------------------------------------------

38/249 Testing: test_ApproximatePlanetPositions
38/249 Test: test_ApproximatePlanetPositions
Command: "D:/S/tudat/bin/unit_tests/test_ApproximatePlanetPositions.exe"
Directory: D:/S/debug/tudat/Tudat/Astrodynamics/Ephemerides
"test_ApproximatePlanetPositions" start time: Oct 27 22:21 ?D1迆㊣那℅?那㊣??
Output:
----------------------------------------------------------
Running 2 test cases...

*** No errors detected
<end of output>
Test time =   0.01 sec
----------------------------------------------------------
Test Passed.
"test_ApproximatePlanetPositions" end time: Oct 27 22:21 ?D1迆㊣那℅?那㊣??
"test_ApproximatePlanetPositions" time elapsed: 00:00:00
----------------------------------------------------------

39/249 Testing: test_TabulatedEphemeris
39/249 Test: test_TabulatedEphemeris
Command: "D:/S/tudat/bin/unit_tests/test_TabulatedEphemeris.exe"
Directory: D:/S/debug/tudat/Tudat/Astrodynamics/Ephemerides
"test_TabulatedEphemeris" start time: Oct 27 22:21 ?D1迆㊣那℅?那㊣??
Output:
----------------------------------------------------------
Running 1 test case...
Assertion failed!

Program: D:\S\tudat\bin\unit_tests\test_TabulatedEphemeris.exe
File: D:/S/eigen/Eigen/src/Core/DenseStorage.h, Line 109

Expression: (internal::UIntPtr(eigen_unaligned_array_assert_workaround_gcc47(array)) & (15)) == 0 && "this assertion is explained here: " "http://eigen.tuxfamily.org/dox-devel/group__TopicUnalignedArrayAssert.html" " **** READ THIS WEB PAGE !!! ****"
<end of output>
Test time =   0.01 sec
----------------------------------------------------------
Test Failed.
"test_TabulatedEphemeris" end time: Oct 27 22:21 ?D1迆㊣那℅?那㊣??
"test_TabulatedEphemeris" time elapsed: 00:00:00
----------------------------------------------------------

40/249 Testing: test_CartesianStateExtractor
40/249 Test: test_CartesianStateExtractor
Command: "D:/S/tudat/bin/unit_tests/test_CartesianStateExtractor.exe"
Directory: D:/S/debug/tudat/Tudat/Astrodynamics/Ephemerides
"test_CartesianStateExtractor" start time: Oct 27 22:21 ?D1迆㊣那℅?那㊣??
Output:
----------------------------------------------------------
Running 7 test cases...

*** No errors detected
<end of output>
Test time =   0.01 sec
----------------------------------------------------------
Test Passed.
"test_CartesianStateExtractor" end time: Oct 27 22:21 ?D1迆㊣那℅?那㊣??
"test_CartesianStateExtractor" time elapsed: 00:00:00
----------------------------------------------------------

41/249 Testing: test_KeplerStateExtractor
41/249 Test: test_KeplerStateExtractor
Command: "D:/S/tudat/bin/unit_tests/test_KeplerStateExtractor.exe"
Directory: D:/S/debug/tudat/Tudat/Astrodynamics/Ephemerides
"test_KeplerStateExtractor" start time: Oct 27 22:21 ?D1迆㊣那℅?那㊣??
Output:
----------------------------------------------------------
Running 8 test cases...

*** No errors detected
<end of output>
Test time =   0.01 sec
----------------------------------------------------------
Test Passed.
"test_KeplerStateExtractor" end time: Oct 27 22:21 ?D1迆㊣那℅?那㊣??
"test_KeplerStateExtractor" time elapsed: 00:00:00
----------------------------------------------------------

42/249 Testing: test_RotationalEphemeris
42/249 Test: test_RotationalEphemeris
Command: "D:/S/tudat/bin/unit_tests/test_RotationalEphemeris.exe"
Directory: D:/S/debug/tudat/Tudat/Astrodynamics/Ephemerides
"test_RotationalEphemeris" start time: Oct 27 22:21 ?D1迆㊣那℅?那㊣??
Output:
----------------------------------------------------------
Running 1 test case...

*** No errors detected
<end of output>
Test time =   0.01 sec
----------------------------------------------------------
Test Passed.
"test_RotationalEphemeris" end time: Oct 27 22:21 ?D1迆㊣那℅?那㊣??
"test_RotationalEphemeris" time elapsed: 00:00:00
----------------------------------------------------------

43/249 Testing: test_SimpleRotationalEphemeris
43/249 Test: test_SimpleRotationalEphemeris
Command: "D:/S/tudat/bin/unit_tests/test_SimpleRotationalEphemeris.exe"
Directory: D:/S/debug/tudat/Tudat/Astrodynamics/Ephemerides
"test_SimpleRotationalEphemeris" start time: Oct 27 22:21 ?D1迆㊣那℅?那㊣??
Output:
----------------------------------------------------------
Running 1 test case...

*** No errors detected
<end of output>
Test time =   0.01 sec
----------------------------------------------------------
Test Passed.
"test_SimpleRotationalEphemeris" end time: Oct 27 22:21 ?D1迆㊣那℅?那㊣??
"test_SimpleRotationalEphemeris" time elapsed: 00:00:00
----------------------------------------------------------

44/249 Testing: test_FrameManager
44/249 Test: test_FrameManager
Command: "D:/S/tudat/bin/unit_tests/test_FrameManager.exe"
Directory: D:/S/debug/tudat/Tudat/Astrodynamics/Ephemerides
"test_FrameManager" start time: Oct 27 22:21 ?D1迆㊣那℅?那㊣??
Output:
----------------------------------------------------------
Running 1 test case...

*** No errors detected
<end of output>
Test time =   0.06 sec
----------------------------------------------------------
Test Passed.
"test_FrameManager" end time: Oct 27 22:21 ?D1迆㊣那℅?那㊣??
"test_FrameManager" time elapsed: 00:00:00
----------------------------------------------------------

45/249 Testing: test_CompositeEphemeris
45/249 Test: test_CompositeEphemeris
Command: "D:/S/tudat/bin/unit_tests/test_CompositeEphemeris.exe"
Directory: D:/S/debug/tudat/Tudat/Astrodynamics/Ephemerides
"test_CompositeEphemeris" start time: Oct 27 22:21 ?D1迆㊣那℅?那㊣??
Output:
----------------------------------------------------------
Running 1 test case...
Assertion failed!

Program: D:\S\tudat\bin\unit_tests\test_CompositeEphemeris.exe
File: D:/S/eigen/Eigen/src/Core/DenseStorage.h, Line 109

Expression: (internal::UIntPtr(eigen_unaligned_array_assert_workaround_gcc47(array)) & (15)) == 0 && "this assertion is explained here: " "http://eigen.tuxfamily.org/dox-devel/group__TopicUnalignedArrayAssert.html" " **** READ THIS WEB PAGE !!! ****"
<end of output>
Test time =   0.09 sec
----------------------------------------------------------
Test Failed.
"test_CompositeEphemeris" end time: Oct 27 22:21 ?D1迆㊣那℅?那㊣??
"test_CompositeEphemeris" time elapsed: 00:00:00
----------------------------------------------------------

46/249 Testing: test_TabulatedRotationalEphemeris
46/249 Test: test_TabulatedRotationalEphemeris
Command: "D:/S/tudat/bin/unit_tests/test_TabulatedRotationalEphemeris.exe"
Directory: D:/S/debug/tudat/Tudat/Astrodynamics/Ephemerides
"test_TabulatedRotationalEphemeris" start time: Oct 27 22:21 ?D1迆㊣那℅?那㊣??
Output:
----------------------------------------------------------
Running 1 test case...

*** No errors detected
<end of output>
Test time =   0.54 sec
----------------------------------------------------------
Test Passed.
"test_TabulatedRotationalEphemeris" end time: Oct 27 22:21 ?D1迆㊣那℅?那㊣??
"test_TabulatedRotationalEphemeris" time elapsed: 00:00:00
----------------------------------------------------------

47/249 Testing: test_KeplerEphemeris
47/249 Test: test_KeplerEphemeris
Command: "D:/S/tudat/bin/unit_tests/test_KeplerEphemeris.exe"
Directory: D:/S/debug/tudat/Tudat/Astrodynamics/Ephemerides
"test_KeplerEphemeris" start time: Oct 27 22:21 ?D1迆㊣那℅?那㊣??
Output:
----------------------------------------------------------
Running 2 test cases...
Assertion failed!

Program: D:\S\tudat\bin\unit_tests\test_KeplerEphemeris.exe
File: D:/S/eigen/Eigen/src/Core/DenseStorage.h, Line 109

Expression: (internal::UIntPtr(eigen_unaligned_array_assert_workaround_gcc47(array)) & (15)) == 0 && "this assertion is explained here: " "http://eigen.tuxfamily.org/dox-devel/group__TopicUnalignedArrayAssert.html" " **** READ THIS WEB PAGE !!! ****"
<end of output>
Test time =   0.01 sec
----------------------------------------------------------
Test Failed.
"test_KeplerEphemeris" end time: Oct 27 22:21 ?D1迆㊣那℅?那㊣??
"test_KeplerEphemeris" time elapsed: 00:00:00
----------------------------------------------------------

48/249 Testing: test_GcrsToItrsRotation
48/249 Test: test_GcrsToItrsRotation
Command: "D:/S/tudat/bin/unit_tests/test_GcrsToItrsRotation.exe"
Directory: D:/S/debug/tudat/Tudat/Astrodynamics/Ephemerides
"test_GcrsToItrsRotation" start time: Oct 27 22:21 ?D1迆㊣那℅?那㊣??
Output:
----------------------------------------------------------
Running 2 test cases...
Assertion failed!

Program: D:\S\tudat\bin\unit_tests\test_GcrsToItrsRotation.exe
File: D:/S/eigen/Eigen/src/Core/DenseStorage.h, Line 109

Expression: (internal::UIntPtr(eigen_unaligned_array_assert_workaround_gcc47(array)) & (15)) == 0 && "this assertion is explained here: " "http://eigen.tuxfamily.org/dox-devel/group__TopicUnalignedArrayAssert.html" " **** READ THIS WEB PAGE !!! ****"
<end of output>
Test time =   0.03 sec
----------------------------------------------------------
Test Failed.
"test_GcrsToItrsRotation" end time: Oct 27 22:21 ?D1迆㊣那℅?那㊣??
"test_GcrsToItrsRotation" time elapsed: 00:00:00
----------------------------------------------------------

49/249 Testing: test_SphericalHarmonicsGravityField
49/249 Test: test_SphericalHarmonicsGravityField
Command: "D:/S/tudat/bin/unit_tests/test_SphericalHarmonicsGravityField.exe"
Directory: D:/S/debug/tudat/Tudat/Astrodynamics/Gravitation
"test_SphericalHarmonicsGravityField" start time: Oct 27 22:21 ?D1迆㊣那℅?那㊣??
Output:
----------------------------------------------------------
Running 4 test cases...

*** No errors detected
<end of output>
Test time =   0.01 sec
----------------------------------------------------------
Test Passed.
"test_SphericalHarmonicsGravityField" end time: Oct 27 22:21 ?D1迆㊣那℅?那㊣??
"test_SphericalHarmonicsGravityField" time elapsed: 00:00:00
----------------------------------------------------------

50/249 Testing: test_GravitationalForce
50/249 Test: test_GravitationalForce
Command: "D:/S/tudat/bin/unit_tests/test_GravitationalForce.exe"
Directory: D:/S/debug/tudat/Tudat/Astrodynamics/Gravitation
"test_GravitationalForce" start time: Oct 27 22:21 ?D1迆㊣那℅?那㊣??
Output:
----------------------------------------------------------
Running 1 test case...

*** No errors detected
<end of output>
Test time =   0.01 sec
----------------------------------------------------------
Test Passed.
"test_GravitationalForce" end time: Oct 27 22:21 ?D1迆㊣那℅?那㊣??
"test_GravitationalForce" time elapsed: 00:00:00
----------------------------------------------------------

51/249 Testing: test_CentralAndZonalGravityModel
51/249 Test: test_CentralAndZonalGravityModel
Command: "D:/S/tudat/bin/unit_tests/test_CentralAndZonalGravityModel.exe"
Directory: D:/S/debug/tudat/Tudat/Astrodynamics/Gravitation
"test_CentralAndZonalGravityModel" start time: Oct 27 22:21 ?D1迆㊣那℅?那㊣??
Output:
----------------------------------------------------------
Running 5 test cases...

*** No errors detected
<end of output>
Test time =   0.02 sec
----------------------------------------------------------
Test Passed.
"test_CentralAndZonalGravityModel" end time: Oct 27 22:21 ?D1迆㊣那℅?那㊣??
"test_CentralAndZonalGravityModel" time elapsed: 00:00:00
----------------------------------------------------------

52/249 Testing: test_UnitConversionsCircularRestrictedThreeBodyProblem
52/249 Test: test_UnitConversionsCircularRestrictedThreeBodyProblem
Command: "D:/S/tudat/bin/unit_tests/test_UnitConversionsCircularRestrictedThreeBodyProblem.exe"
Directory: D:/S/debug/tudat/Tudat/Astrodynamics/Gravitation
"test_UnitConversionsCircularRestrictedThreeBodyProblem" start time: Oct 27 22:21 ?D1迆㊣那℅?那㊣??
Output:
----------------------------------------------------------
Running 2 test cases...

*** No errors detected
<end of output>
Test time =   0.01 sec
----------------------------------------------------------
Test Passed.
"test_UnitConversionsCircularRestrictedThreeBodyProblem" end time: Oct 27 22:21 ?D1迆㊣那℅?那㊣??
"test_UnitConversionsCircularRestrictedThreeBodyProblem" time elapsed: 00:00:00
----------------------------------------------------------

53/249 Testing: test_JacobiEnergy
53/249 Test: test_JacobiEnergy
Command: "D:/S/tudat/bin/unit_tests/test_JacobiEnergy.exe"
Directory: D:/S/debug/tudat/Tudat/Astrodynamics/Gravitation
"test_JacobiEnergy" start time: Oct 27 22:21 ?D1迆㊣那℅?那㊣??
Output:
----------------------------------------------------------
Running 1 test case...

*** No errors detected
<end of output>
Test time =   0.01 sec
----------------------------------------------------------
Test Passed.
"test_JacobiEnergy" end time: Oct 27 22:21 ?D1迆㊣那℅?那㊣??
"test_JacobiEnergy" time elapsed: 00:00:00
----------------------------------------------------------

54/249 Testing: test_LibrationPoints
54/249 Test: test_LibrationPoints
Command: "D:/S/tudat/bin/unit_tests/test_LibrationPoints.exe"
Directory: D:/S/debug/tudat/Tudat/Astrodynamics/Gravitation
"test_LibrationPoints" start time: Oct 27 22:21 ?D1迆㊣那℅?那㊣??
Output:
----------------------------------------------------------
Running 6 test cases...

*** No errors detected
<end of output>
Test time =   0.01 sec
----------------------------------------------------------
Test Passed.
"test_LibrationPoints" end time: Oct 27 22:21 ?D1迆㊣那℅?那㊣??
"test_LibrationPoints" time elapsed: 00:00:00
----------------------------------------------------------

55/249 Testing: test_SphericalHarmonicsGravityModel
55/249 Test: test_SphericalHarmonicsGravityModel
Command: "D:/S/tudat/bin/unit_tests/test_SphericalHarmonicsGravityModel.exe"
Directory: D:/S/debug/tudat/Tudat/Astrodynamics/Gravitation
"test_SphericalHarmonicsGravityModel" start time: Oct 27 22:21 ?D1迆㊣那℅?那㊣??
Output:
----------------------------------------------------------
Running 5 test cases...

*** No errors detected
<end of output>
Test time =   0.01 sec
----------------------------------------------------------
Test Passed.
"test_SphericalHarmonicsGravityModel" end time: Oct 27 22:21 ?D1迆㊣那℅?那㊣??
"test_SphericalHarmonicsGravityModel" time elapsed: 00:00:00
----------------------------------------------------------

56/249 Testing: test_ThirdBodyPerturbation
56/249 Test: test_ThirdBodyPerturbation
Command: "D:/S/tudat/bin/unit_tests/test_ThirdBodyPerturbation.exe"
Directory: D:/S/debug/tudat/Tudat/Astrodynamics/Gravitation
"test_ThirdBodyPerturbation" start time: Oct 27 22:21 ?D1迆㊣那℅?那㊣??
Output:
----------------------------------------------------------
Running 2 test cases...

*** No errors detected
<end of output>
Test time =   0.01 sec
----------------------------------------------------------
Test Passed.
"test_ThirdBodyPerturbation" end time: Oct 27 22:21 ?D1迆㊣那℅?那㊣??
"test_ThirdBodyPerturbation" time elapsed: 00:00:00
----------------------------------------------------------

57/249 Testing: test_TriAxialEllipsoidGravity
57/249 Test: test_TriAxialEllipsoidGravity
Command: "D:/S/tudat/bin/unit_tests/test_TriAxialEllipsoidGravity.exe"
Directory: D:/S/debug/tudat/Tudat/Astrodynamics/Gravitation
"test_TriAxialEllipsoidGravity" start time: Oct 27 22:21 ?D1迆㊣那℅?那㊣??
Output:
----------------------------------------------------------
Running 1 test case...

*** No errors detected
<end of output>
Test time =   0.01 sec
----------------------------------------------------------
Test Passed.
"test_TriAxialEllipsoidGravity" end time: Oct 27 22:21 ?D1迆㊣那℅?那㊣??
"test_TriAxialEllipsoidGravity" time elapsed: 00:00:00
----------------------------------------------------------

58/249 Testing: test_DirectTidalDissipationAcceleration
58/249 Test: test_DirectTidalDissipationAcceleration
Command: "D:/S/tudat/bin/unit_tests/test_DirectTidalDissipationAcceleration.exe"
Directory: D:/S/debug/tudat/Tudat/Astrodynamics/Gravitation
"test_DirectTidalDissipationAcceleration" start time: Oct 27 22:21 ?D1迆㊣那℅?那㊣??
Output:
----------------------------------------------------------
Running 1 test case...
Assertion failed!

Program: D:\S\tudat\bin\unit_tests\test_DirectTidalDissipationAcceleration.exe
File: D:/S/eigen/Eigen/src/Core/DenseStorage.h, Line 109

Expression: (internal::UIntPtr(eigen_unaligned_array_assert_workaround_gcc47(array)) & (15)) == 0 && "this assertion is explained here: " "http://eigen.tuxfamily.org/dox-devel/group__TopicUnalignedArrayAssert.html" " **** READ THIS WEB PAGE !!! ****"
<end of output>
Test time =   0.07 sec
----------------------------------------------------------
Test Failed.
"test_DirectTidalDissipationAcceleration" end time: Oct 27 22:21 ?D1迆㊣那℅?那㊣??
"test_DirectTidalDissipationAcceleration" time elapsed: 00:00:00
----------------------------------------------------------

59/249 Testing: test_GravityFieldVariations
59/249 Test: test_GravityFieldVariations
Command: "D:/S/tudat/bin/unit_tests/test_GravityFieldVariations.exe"
Directory: D:/S/debug/tudat/Tudat/Astrodynamics/Gravitation
"test_GravityFieldVariations" start time: Oct 27 22:21 ?D1迆㊣那℅?那㊣??
Output:
----------------------------------------------------------
Running 1 test case...
Assertion failed!

Program: D:\S\tudat\bin\unit_tests\test_GravityFieldVariations.exe
File: D:/S/eigen/Eigen/src/Core/DenseStorage.h, Line 109

Expression: (internal::UIntPtr(eigen_unaligned_array_assert_workaround_gcc47(array)) & (15)) == 0 && "this assertion is explained here: " "http://eigen.tuxfamily.org/dox-devel/group__TopicUnalignedArrayAssert.html" " **** READ THIS WEB PAGE !!! ****"
<end of output>
Test time =   0.07 sec
----------------------------------------------------------
Test Failed.
"test_GravityFieldVariations" end time: Oct 27 22:21 ?D1迆㊣那℅?那㊣??
"test_GravityFieldVariations" time elapsed: 00:00:00
----------------------------------------------------------

60/249 Testing: test_MutualSphericalHarmonicsGravityModel
60/249 Test: test_MutualSphericalHarmonicsGravityModel
Command: "D:/S/tudat/bin/unit_tests/test_MutualSphericalHarmonicsGravityModel.exe"
Directory: D:/S/debug/tudat/Tudat/Astrodynamics/Gravitation
"test_MutualSphericalHarmonicsGravityModel" start time: Oct 27 22:21 ?D1迆㊣那℅?那㊣??
Output:
----------------------------------------------------------
Running 1 test case...
Assertion failed!

Program: D:\S\tudat\bin\unit_tests\test_MutualSphericalHarmonicsGravityModel.exe
File: D:/S/eigen/Eigen/src/Core/DenseStorage.h, Line 109

Expression: (internal::UIntPtr(eigen_unaligned_array_assert_workaround_gcc47(array)) & (15)) == 0 && "this assertion is explained here: " "http://eigen.tuxfamily.org/dox-devel/group__TopicUnalignedArrayAssert.html" " **** READ THIS WEB PAGE !!! ****"
<end of output>
Test time =   0.07 sec
----------------------------------------------------------
Test Failed.
"test_MutualSphericalHarmonicsGravityModel" end time: Oct 27 22:21 ?D1迆㊣那℅?那㊣??
"test_MutualSphericalHarmonicsGravityModel" time elapsed: 00:00:00
----------------------------------------------------------

61/249 Testing: test_GravitationalTorques
61/249 Test: test_GravitationalTorques
Command: "D:/S/tudat/bin/unit_tests/test_GravitationalTorques.exe"
Directory: D:/S/debug/tudat/Tudat/Astrodynamics/Gravitation
"test_GravitationalTorques" start time: Oct 27 22:21 ?D1迆㊣那℅?那㊣??
Output:
----------------------------------------------------------
Running 2 test cases...
Assertion failed!

Program: D:\S\tudat\bin\unit_tests\test_GravitationalTorques.exe
File: D:/S/eigen/Eigen/src/Core/DenseStorage.h, Line 109

Expression: (internal::UIntPtr(eigen_unaligned_array_assert_workaround_gcc47(array)) & (15)) == 0 && "this assertion is explained here: " "http://eigen.tuxfamily.org/dox-devel/group__TopicUnalignedArrayAssert.html" " **** READ THIS WEB PAGE !!! ****"
<end of output>
Test time =   0.08 sec
----------------------------------------------------------
Test Failed.
"test_GravitationalTorques" end time: Oct 27 22:21 ?D1迆㊣那℅?那㊣??
"test_GravitationalTorques" time elapsed: 00:00:00
----------------------------------------------------------

62/249 Testing: test_EscapeAndCapture
62/249 Test: test_EscapeAndCapture
Command: "D:/S/tudat/bin/unit_tests/test_EscapeAndCapture.exe"
Directory: D:/S/debug/tudat/Tudat/Astrodynamics/MissionSegments
"test_EscapeAndCapture" start time: Oct 27 22:21 ?D1迆㊣那℅?那㊣??
Output:
----------------------------------------------------------
Running 3 test cases...

*** No errors detected
<end of output>
Test time =   0.01 sec
----------------------------------------------------------
Test Passed.
"test_EscapeAndCapture" end time: Oct 27 22:21 ?D1迆㊣那℅?那㊣??
"test_EscapeAndCapture" time elapsed: 00:00:00
----------------------------------------------------------

63/249 Testing: test_GravityAssist
63/249 Test: test_GravityAssist
Command: "D:/S/tudat/bin/unit_tests/test_GravityAssist.exe"
Directory: D:/S/debug/tudat/Tudat/Astrodynamics/MissionSegments
"test_GravityAssist" start time: Oct 27 22:21 ?D1迆㊣那℅?那㊣??
Output:
----------------------------------------------------------
Running 14 test cases...

*** No errors detected
<end of output>
Test time =   0.01 sec
----------------------------------------------------------
Test Passed.
"test_GravityAssist" end time: Oct 27 22:21 ?D1迆㊣那℅?那㊣??
"test_GravityAssist" time elapsed: 00:00:00
----------------------------------------------------------

64/249 Testing: test_LambertTargeterIzzo
64/249 Test: test_LambertTargeterIzzo
Command: "D:/S/tudat/bin/unit_tests/test_LambertTargeterIzzo.exe"
Directory: D:/S/debug/tudat/Tudat/Astrodynamics/MissionSegments
"test_LambertTargeterIzzo" start time: Oct 27 22:21 ?D1迆㊣那℅?那㊣??
Output:
----------------------------------------------------------
Running 4 test cases...

*** No errors detected
<end of output>
Test time =   0.01 sec
----------------------------------------------------------
Test Passed.
"test_LambertTargeterIzzo" end time: Oct 27 22:21 ?D1迆㊣那℅?那㊣??
"test_LambertTargeterIzzo" time elapsed: 00:00:00
----------------------------------------------------------

65/249 Testing: test_LambertTargeterGooding
65/249 Test: test_LambertTargeterGooding
Command: "D:/S/tudat/bin/unit_tests/test_LambertTargeterGooding.exe"
Directory: D:/S/debug/tudat/Tudat/Astrodynamics/MissionSegments
"test_LambertTargeterGooding" start time: Oct 27 22:21 ?D1迆㊣那℅?那㊣??
Output:
----------------------------------------------------------
Running 2 test cases...

*** No errors detected
<end of output>
Test time =   0.01 sec
----------------------------------------------------------
Test Passed.
"test_LambertTargeterGooding" end time: Oct 27 22:21 ?D1迆㊣那℅?那㊣??
"test_LambertTargeterGooding" time elapsed: 00:00:00
----------------------------------------------------------

66/249 Testing: test_LambertTargeter
66/249 Test: test_LambertTargeter
Command: "D:/S/tudat/bin/unit_tests/test_LambertTargeter.exe"
Directory: D:/S/debug/tudat/Tudat/Astrodynamics/MissionSegments
"test_LambertTargeter" start time: Oct 27 22:21 ?D1迆㊣那℅?那㊣??
Output:
----------------------------------------------------------
Running 1 test case...

*** No errors detected
<end of output>
Test time =   0.01 sec
----------------------------------------------------------
Test Passed.
"test_LambertTargeter" end time: Oct 27 22:21 ?D1迆㊣那℅?那㊣??
"test_LambertTargeter" time elapsed: 00:00:00
----------------------------------------------------------

67/249 Testing: test_LambertRoutines
67/249 Test: test_LambertRoutines
Command: "D:/S/tudat/bin/unit_tests/test_LambertRoutines.exe"
Directory: D:/S/debug/tudat/Tudat/Astrodynamics/MissionSegments
"test_LambertRoutines" start time: Oct 27 22:21 ?D1迆㊣那℅?那㊣??
Output:
----------------------------------------------------------
Running 13 test cases...

*** No errors detected
<end of output>
Test time =   0.01 sec
----------------------------------------------------------
Test Passed.
"test_LambertRoutines" end time: Oct 27 22:21 ?D1迆㊣那℅?那㊣??
"test_LambertRoutines" time elapsed: 00:00:00
----------------------------------------------------------

68/249 Testing: test_ZeroRevolutionLambertTargeterIzzo
68/249 Test: test_ZeroRevolutionLambertTargeterIzzo
Command: "D:/S/tudat/bin/unit_tests/test_ZeroRevolutionLambertTargeterIzzo.exe"
Directory: D:/S/debug/tudat/Tudat/Astrodynamics/MissionSegments
"test_ZeroRevolutionLambertTargeterIzzo" start time: Oct 27 22:21 ?D1迆㊣那℅?那㊣??
Output:
----------------------------------------------------------
Running 4 test cases...

*** No errors detected
<end of output>
Test time =   0.01 sec
----------------------------------------------------------
Test Passed.
"test_ZeroRevolutionLambertTargeterIzzo" end time: Oct 27 22:21 ?D1迆㊣那℅?那㊣??
"test_ZeroRevolutionLambertTargeterIzzo" time elapsed: 00:00:00
----------------------------------------------------------

69/249 Testing: test_MultiRevolutionLambertTargeterIzzo
69/249 Test: test_MultiRevolutionLambertTargeterIzzo
Command: "D:/S/tudat/bin/unit_tests/test_MultiRevolutionLambertTargeterIzzo.exe"
Directory: D:/S/debug/tudat/Tudat/Astrodynamics/MissionSegments
"test_MultiRevolutionLambertTargeterIzzo" start time: Oct 27 22:21 ?D1迆㊣那℅?那㊣??
Output:
----------------------------------------------------------
Running 3 test cases...

*** No errors detected
<end of output>
Test time =   0.01 sec
----------------------------------------------------------
Test Passed.
"test_MultiRevolutionLambertTargeterIzzo" end time: Oct 27 22:21 ?D1迆㊣那℅?那㊣??
"test_MultiRevolutionLambertTargeterIzzo" time elapsed: 00:00:00
----------------------------------------------------------

70/249 Testing: test_MathematicalShapeFunctions
70/249 Test: test_MathematicalShapeFunctions
Command: "D:/S/tudat/bin/unit_tests/test_MathematicalShapeFunctions.exe"
Directory: D:/S/debug/tudat/Tudat/Astrodynamics/MissionSegments
"test_MathematicalShapeFunctions" start time: Oct 27 22:21 ?D1迆㊣那℅?那㊣??
Output:
----------------------------------------------------------
Running 3 test cases...

*** No errors detected
<end of output>
Test time =   0.01 sec
----------------------------------------------------------
Test Passed.
"test_MathematicalShapeFunctions" end time: Oct 27 22:21 ?D1迆㊣那℅?那㊣??
"test_MathematicalShapeFunctions" time elapsed: 00:00:00
----------------------------------------------------------

71/249 Testing: test_ReferenceFrameTransformations
71/249 Test: test_ReferenceFrameTransformations
Command: "D:/S/tudat/bin/unit_tests/test_ReferenceFrameTransformations.exe"
Directory: D:/S/debug/tudat/Tudat/Astrodynamics/ReferenceFrames
"test_ReferenceFrameTransformations" start time: Oct 27 22:21 ?D1迆㊣那℅?那㊣??
Output:
----------------------------------------------------------
Running 9 test cases...

*** No errors detected
<end of output>
Test time =   0.03 sec
----------------------------------------------------------
Test Passed.
"test_ReferenceFrameTransformations" end time: Oct 27 22:21 ?D1迆㊣那℅?那㊣??
"test_ReferenceFrameTransformations" time elapsed: 00:00:00
----------------------------------------------------------

72/249 Testing: test_ApparentAccelerationModel
72/249 Test: test_ApparentAccelerationModel
Command: "D:/S/tudat/bin/unit_tests/test_ApparentAccelerationModel.exe"
Directory: D:/S/debug/tudat/Tudat/Astrodynamics/ReferenceFrames
"test_ApparentAccelerationModel" start time: Oct 27 22:21 ?D1迆㊣那℅?那㊣??
Output:
----------------------------------------------------------
Running 5 test cases...

*** No errors detected
<end of output>
Test time =   0.01 sec
----------------------------------------------------------
Test Passed.
"test_ApparentAccelerationModel" end time: Oct 27 22:21 ?D1迆㊣那℅?那㊣??
"test_ApparentAccelerationModel" time elapsed: 00:00:00
----------------------------------------------------------

73/249 Testing: test_AerodynamicAngleCalculator
73/249 Test: test_AerodynamicAngleCalculator
Command: "D:/S/tudat/bin/unit_tests/test_AerodynamicAngleCalculator.exe"
Directory: D:/S/debug/tudat/Tudat/Astrodynamics/ReferenceFrames
"test_AerodynamicAngleCalculator" start time: Oct 27 22:21 ?D1迆㊣那℅?那㊣??
Output:
----------------------------------------------------------
Running 1 test case...
Assertion failed!

Program: D:\S\tudat\bin\unit_tests\test_AerodynamicAngleCalculator.exe
File: D:/S/eigen/Eigen/src/Core/DenseStorage.h, Line 109

Expression: (internal::UIntPtr(eigen_unaligned_array_assert_workaround_gcc47(array)) & (15)) == 0 && "this assertion is explained here: " "http://eigen.tuxfamily.org/dox-devel/group__TopicUnalignedArrayAssert.html" " **** READ THIS WEB PAGE !!! ****"
<end of output>
Test time =   0.01 sec
----------------------------------------------------------
Test Failed.
"test_AerodynamicAngleCalculator" end time: Oct 27 22:21 ?D1迆㊣那℅?那㊣??
"test_AerodynamicAngleCalculator" time elapsed: 00:00:00
----------------------------------------------------------

74/249 Testing: test_LightTime
74/249 Test: test_LightTime
Command: "D:/S/tudat/bin/unit_tests/test_LightTime.exe"
Directory: D:/S/debug/tudat/Tudat/Astrodynamics/ObservationModels
"test_LightTime" start time: Oct 27 22:21 ?D1迆㊣那℅?那㊣??
Output:
----------------------------------------------------------
Running 1 test case...

*** No errors detected
<end of output>
Test time =   0.06 sec
----------------------------------------------------------
Test Passed.
"test_LightTime" end time: Oct 27 22:21 ?D1迆㊣那℅?那㊣??
"test_LightTime" time elapsed: 00:00:00
----------------------------------------------------------

75/249 Testing: test_AngularPositionModel
75/249 Test: test_AngularPositionModel
Command: "D:/S/tudat/bin/unit_tests/test_AngularPositionModel.exe"
Directory: D:/S/debug/tudat/Tudat/Astrodynamics/ObservationModels
"test_AngularPositionModel" start time: Oct 27 22:21 ?D1迆㊣那℅?那㊣??
Output:
----------------------------------------------------------
Running 1 test case...
Assertion failed!

Program: D:\S\tudat\bin\unit_tests\test_AngularPositionModel.exe
File: D:/S/eigen/Eigen/src/Core/DenseStorage.h, Line 109

Expression: (internal::UIntPtr(eigen_unaligned_array_assert_workaround_gcc47(array)) & (15)) == 0 && "this assertion is explained here: " "http://eigen.tuxfamily.org/dox-devel/group__TopicUnalignedArrayAssert.html" " **** READ THIS WEB PAGE !!! ****"
<end of output>
Test time =   0.08 sec
----------------------------------------------------------
Test Failed.
"test_AngularPositionModel" end time: Oct 27 22:21 ?D1迆㊣那℅?那㊣??
"test_AngularPositionModel" time elapsed: 00:00:00
----------------------------------------------------------

76/249 Testing: test_OneWayRangeModel
76/249 Test: test_OneWayRangeModel
Command: "D:/S/tudat/bin/unit_tests/test_OneWayRangeModel.exe"
Directory: D:/S/debug/tudat/Tudat/Astrodynamics/ObservationModels
"test_OneWayRangeModel" start time: Oct 27 22:21 ?D1迆㊣那℅?那㊣??
Output:
----------------------------------------------------------
Running 1 test case...
Assertion failed!

Program: D:\S\tudat\bin\unit_tests\test_OneWayRangeModel.exe
File: D:/S/eigen/Eigen/src/Core/DenseStorage.h, Line 109

Expression: (internal::UIntPtr(eigen_unaligned_array_assert_workaround_gcc47(array)) & (15)) == 0 && "this assertion is explained here: " "http://eigen.tuxfamily.org/dox-devel/group__TopicUnalignedArrayAssert.html" " **** READ THIS WEB PAGE !!! ****"
<end of output>
Test time =   0.08 sec
----------------------------------------------------------
Test Failed.
"test_OneWayRangeModel" end time: Oct 27 22:21 ?D1迆㊣那℅?那㊣??
"test_OneWayRangeModel" time elapsed: 00:00:00
----------------------------------------------------------

77/249 Testing: test_OneWayDifferencedRangeModel
77/249 Test: test_OneWayDifferencedRangeModel
Command: "D:/S/tudat/bin/unit_tests/test_OneWayDifferencedRangeModel.exe"
Directory: D:/S/debug/tudat/Tudat/Astrodynamics/ObservationModels
"test_OneWayDifferencedRangeModel" start time: Oct 27 22:21 ?D1迆㊣那℅?那㊣??
Output:
----------------------------------------------------------
Running 1 test case...
Assertion failed!

Program: D:\S\tudat\bin\unit_tests\test_OneWayDifferencedRangeModel.exe
File: D:/S/eigen/Eigen/src/Core/DenseStorage.h, Line 109

Expression: (internal::UIntPtr(eigen_unaligned_array_assert_workaround_gcc47(array)) & (15)) == 0 && "this assertion is explained here: " "http://eigen.tuxfamily.org/dox-devel/group__TopicUnalignedArrayAssert.html" " **** READ THIS WEB PAGE !!! ****"
<end of output>
Test time =   0.08 sec
----------------------------------------------------------
Test Failed.
"test_OneWayDifferencedRangeModel" end time: Oct 27 22:21 ?D1迆㊣那℅?那㊣??
"test_OneWayDifferencedRangeModel" time elapsed: 00:00:00
----------------------------------------------------------

78/249 Testing: test_DopplerModels
78/249 Test: test_DopplerModels
Command: "D:/S/tudat/bin/unit_tests/test_DopplerModels.exe"
Directory: D:/S/debug/tudat/Tudat/Astrodynamics/ObservationModels
"test_DopplerModels" start time: Oct 27 22:21 ?D1迆㊣那℅?那㊣??
Output:
----------------------------------------------------------
Running 2 test cases...
Assertion failed!

Program: D:\S\tudat\bin\unit_tests\test_DopplerModels.exe
File: D:/S/eigen/Eigen/src/Core/DenseStorage.h, Line 109

Expression: (internal::UIntPtr(eigen_unaligned_array_assert_workaround_gcc47(array)) & (15)) == 0 && "this assertion is explained here: " "http://eigen.tuxfamily.org/dox-devel/group__TopicUnalignedArrayAssert.html" " **** READ THIS WEB PAGE !!! ****"
<end of output>
Test time =   0.08 sec
----------------------------------------------------------
Test Failed.
"test_DopplerModels" end time: Oct 27 22:21 ?D1迆㊣那℅?那㊣??
"test_DopplerModels" time elapsed: 00:00:00
----------------------------------------------------------

79/249 Testing: test_PositionObservationModel
79/249 Test: test_PositionObservationModel
Command: "D:/S/tudat/bin/unit_tests/test_PositionObservationModel.exe"
Directory: D:/S/debug/tudat/Tudat/Astrodynamics/ObservationModels
"test_PositionObservationModel" start time: Oct 27 22:21 ?D1迆㊣那℅?那㊣??
Output:
----------------------------------------------------------
Running 1 test case...
Assertion failed!

Program: D:\S\tudat\bin\unit_tests\test_PositionObservationModel.exe
File: D:/S/eigen/Eigen/src/Core/DenseStorage.h, Line 109

Expression: (internal::UIntPtr(eigen_unaligned_array_assert_workaround_gcc47(array)) & (15)) == 0 && "this assertion is explained here: " "http://eigen.tuxfamily.org/dox-devel/group__TopicUnalignedArrayAssert.html" " **** READ THIS WEB PAGE !!! ****"
<end of output>
Test time =   0.07 sec
----------------------------------------------------------
Test Failed.
"test_PositionObservationModel" end time: Oct 27 22:21 ?D1迆㊣那℅?那㊣??
"test_PositionObservationModel" time elapsed: 00:00:00
----------------------------------------------------------

80/249 Testing: test_EulerAngleObservationModel
80/249 Test: test_EulerAngleObservationModel
Command: "D:/S/tudat/bin/unit_tests/test_EulerAngleObservationModel.exe"
Directory: D:/S/debug/tudat/Tudat/Astrodynamics/ObservationModels
"test_EulerAngleObservationModel" start time: Oct 27 22:21 ?D1迆㊣那℅?那㊣??
Output:
----------------------------------------------------------
Running 1 test case...
Assertion failed!

Program: D:\S\tudat\bin\unit_tests\test_EulerAngleObservationModel.exe
File: D:/S/eigen/Eigen/src/Core/DenseStorage.h, Line 109

Expression: (internal::UIntPtr(eigen_unaligned_array_assert_workaround_gcc47(array)) & (15)) == 0 && "this assertion is explained here: " "http://eigen.tuxfamily.org/dox-devel/group__TopicUnalignedArrayAssert.html" " **** READ THIS WEB PAGE !!! ****"
<end of output>
Test time =   0.07 sec
----------------------------------------------------------
Test Failed.
"test_EulerAngleObservationModel" end time: Oct 27 22:21 ?D1迆㊣那℅?那㊣??
"test_EulerAngleObservationModel" time elapsed: 00:00:00
----------------------------------------------------------

81/249 Testing: test_ObservationNoiseSimulation
81/249 Test: test_ObservationNoiseSimulation
Command: "D:/S/tudat/bin/unit_tests/test_ObservationNoiseSimulation.exe"
Directory: D:/S/debug/tudat/Tudat/Astrodynamics/ObservationModels
"test_ObservationNoiseSimulation" start time: Oct 27 22:21 ?D1迆㊣那℅?那㊣??
Output:
----------------------------------------------------------
Running 1 test case...
Assertion failed!

Program: D:\S\tudat\bin\unit_tests\test_ObservationNoiseSimulation.exe
File: D:/S/eigen/Eigen/src/Core/DenseStorage.h, Line 109

Expression: (internal::UIntPtr(eigen_unaligned_array_assert_workaround_gcc47(array)) & (15)) == 0 && "this assertion is explained here: " "http://eigen.tuxfamily.org/dox-devel/group__TopicUnalignedArrayAssert.html" " **** READ THIS WEB PAGE !!! ****"
<end of output>
Test time =   0.08 sec
----------------------------------------------------------
Test Failed.
"test_ObservationNoiseSimulation" end time: Oct 27 22:21 ?D1迆㊣那℅?那㊣??
"test_ObservationNoiseSimulation" time elapsed: 00:00:00
----------------------------------------------------------

82/249 Testing: test_NWayRangeObservationModel
82/249 Test: test_NWayRangeObservationModel
Command: "D:/S/tudat/bin/unit_tests/test_NWayRangeObservationModel.exe"
Directory: D:/S/debug/tudat/Tudat/Astrodynamics/ObservationModels
"test_NWayRangeObservationModel" start time: Oct 27 22:21 ?D1迆㊣那℅?那㊣??
Output:
----------------------------------------------------------
Running 1 test case...
Assertion failed!

Program: D:\S\tudat\bin\unit_tests\test_NWayRangeObservationModel.exe
File: D:/S/eigen/Eigen/src/Core/DenseStorage.h, Line 109

Expression: (internal::UIntPtr(eigen_unaligned_array_assert_workaround_gcc47(array)) & (15)) == 0 && "this assertion is explained here: " "http://eigen.tuxfamily.org/dox-devel/group__TopicUnalignedArrayAssert.html" " **** READ THIS WEB PAGE !!! ****"
<end of output>
Test time =   0.08 sec
----------------------------------------------------------
Test Failed.
"test_NWayRangeObservationModel" end time: Oct 27 22:21 ?D1迆㊣那℅?那㊣??
"test_NWayRangeObservationModel" time elapsed: 00:00:00
----------------------------------------------------------

83/249 Testing: test_ObservationViabilityCalculators
83/249 Test: test_ObservationViabilityCalculators
Command: "D:/S/tudat/bin/unit_tests/test_ObservationViabilityCalculators.exe"
Directory: D:/S/debug/tudat/Tudat/Astrodynamics/ObservationModels
"test_ObservationViabilityCalculators" start time: Oct 27 22:21 ?D1迆㊣那℅?那㊣??
Output:
----------------------------------------------------------
Running 1 test case...
Assertion failed!

Program: D:\S\tudat\bin\unit_tests\test_ObservationViabilityCalculators.exe
File: D:/S/eigen/Eigen/src/Core/DenseStorage.h, Line 109

Expression: (internal::UIntPtr(eigen_unaligned_array_assert_workaround_gcc47(array)) & (15)) == 0 && "this assertion is explained here: " "http://eigen.tuxfamily.org/dox-devel/group__TopicUnalignedArrayAssert.html" " **** READ THIS WEB PAGE !!! ****"
<end of output>
Test time =   0.08 sec
----------------------------------------------------------
Test Failed.
"test_ObservationViabilityCalculators" end time: Oct 27 22:21 ?D1迆㊣那℅?那㊣??
"test_ObservationViabilityCalculators" time elapsed: 00:00:00
----------------------------------------------------------

84/249 Testing: test_EstimationFromPositionDoubleDouble
84/249 Test: test_EstimationFromPositionDoubleDouble
Command: "D:/S/tudat/bin/unit_tests/test_EstimationFromPositionDoubleDouble.exe"
Directory: D:/S/debug/tudat/Tudat/Astrodynamics/OrbitDetermination
"test_EstimationFromPositionDoubleDouble" start time: Oct 27 22:21 ?D1迆㊣那℅?那㊣??
Output:
----------------------------------------------------------
Running 1 test case...
=============================================== Running Case: 0
Assertion failed!

Program: D:\S\tudat\bin\unit_tests\test_EstimationFromPositionDoubleDouble.exe
File: D:/S/eigen/Eigen/src/Core/DenseStorage.h, Line 109

Expression: (internal::UIntPtr(eigen_unaligned_array_assert_workaround_gcc47(array)) & (15)) == 0 && "this assertion is explained here: " "http://eigen.tuxfamily.org/dox-devel/group__TopicUnalignedArrayAssert.html" " **** READ THIS WEB PAGE !!! ****"
<end of output>
Test time =   0.08 sec
----------------------------------------------------------
Test Failed.
"test_EstimationFromPositionDoubleDouble" end time: Oct 27 22:21 ?D1迆㊣那℅?那㊣??
"test_EstimationFromPositionDoubleDouble" time elapsed: 00:00:00
----------------------------------------------------------

85/249 Testing: test_EstimationInput
85/249 Test: test_EstimationInput
Command: "D:/S/tudat/bin/unit_tests/test_EstimationInput.exe"
Directory: D:/S/debug/tudat/Tudat/Astrodynamics/OrbitDetermination
"test_EstimationInput" start time: Oct 27 22:21 ?D1迆㊣那℅?那㊣??
Output:
----------------------------------------------------------
Running 2 test cases...
Assertion failed!

Program: D:\S\tudat\bin\unit_tests\test_EstimationInput.exe
File: D:/S/eigen/Eigen/src/Core/DenseStorage.h, Line 109

Expression: (internal::UIntPtr(eigen_unaligned_array_assert_workaround_gcc47(array)) & (15)) == 0 && "this assertion is explained here: " "http://eigen.tuxfamily.org/dox-devel/group__TopicUnalignedArrayAssert.html" " **** READ THIS WEB PAGE !!! ****"
<end of output>
Test time =   0.09 sec
----------------------------------------------------------
Test Failed.
"test_EstimationInput" end time: Oct 27 22:21 ?D1迆㊣那℅?那㊣??
"test_EstimationInput" time elapsed: 00:00:00
----------------------------------------------------------

86/249 Testing: test_TidalPropertyEstimation
86/249 Test: test_TidalPropertyEstimation
Command: "D:/S/tudat/bin/unit_tests/test_TidalPropertyEstimation.exe"
Directory: D:/S/debug/tudat/Tudat/Astrodynamics/OrbitDetermination
"test_TidalPropertyEstimation" start time: Oct 27 22:21 ?D1迆㊣那℅?那㊣??
Output:
----------------------------------------------------------
Running 2 test cases...
Assertion failed!

Program: D:\S\tudat\bin\unit_tests\test_TidalPropertyEstimation.exe
File: D:/S/eigen/Eigen/src/Core/DenseStorage.h, Line 109

Expression: (internal::UIntPtr(eigen_unaligned_array_assert_workaround_gcc47(array)) & (15)) == 0 && "this assertion is explained here: " "http://eigen.tuxfamily.org/dox-devel/group__TopicUnalignedArrayAssert.html" " **** READ THIS WEB PAGE !!! ****"
<end of output>
Test time =   0.07 sec
----------------------------------------------------------
Test Failed.
"test_TidalPropertyEstimation" end time: Oct 27 22:21 ?D1迆㊣那℅?那㊣??
"test_TidalPropertyEstimation" time elapsed: 00:00:00
----------------------------------------------------------

87/249 Testing: test_MultiArcStateEstimation
87/249 Test: test_MultiArcStateEstimation
Command: "D:/S/tudat/bin/unit_tests/test_MultiArcStateEstimation.exe"
Directory: D:/S/debug/tudat/Tudat/Astrodynamics/OrbitDetermination
"test_MultiArcStateEstimation" start time: Oct 27 22:21 ?D1迆㊣那℅?那㊣??
Output:
----------------------------------------------------------
Running 1 test case...
Assertion failed!

Program: D:\S\tudat\bin\unit_tests\test_MultiArcStateEstimation.exe
File: D:/S/eigen/Eigen/src/Core/DenseStorage.h, Line 109

Expression: (internal::UIntPtr(eigen_unaligned_array_assert_workaround_gcc47(array)) & (15)) == 0 && "this assertion is explained here: " "http://eigen.tuxfamily.org/dox-devel/group__TopicUnalignedArrayAssert.html" " **** READ THIS WEB PAGE !!! ****"
<end of output>
Test time =   0.08 sec
----------------------------------------------------------
Test Failed.
"test_MultiArcStateEstimation" end time: Oct 27 22:21 ?D1迆㊣那℅?那㊣??
"test_MultiArcStateEstimation" time elapsed: 00:00:00
----------------------------------------------------------

88/249 Testing: test_HybridArcStateEstimation
88/249 Test: test_HybridArcStateEstimation
Command: "D:/S/tudat/bin/unit_tests/test_HybridArcStateEstimation.exe"
Directory: D:/S/debug/tudat/Tudat/Astrodynamics/OrbitDetermination
"test_HybridArcStateEstimation" start time: Oct 27 22:21 ?D1迆㊣那℅?那㊣??
Output:
----------------------------------------------------------
Running 1 test case...
Assertion failed!

Program: D:\S\tudat\bin\unit_tests\test_HybridArcStateEstimation.exe
File: D:/S/eigen/Eigen/src/Core/DenseStorage.h, Line 109

Expression: (internal::UIntPtr(eigen_unaligned_array_assert_workaround_gcc47(array)) & (15)) == 0 && "this assertion is explained here: " "http://eigen.tuxfamily.org/dox-devel/group__TopicUnalignedArrayAssert.html" " **** READ THIS WEB PAGE !!! ****"
<end of output>
Test time =   0.08 sec
----------------------------------------------------------
Test Failed.
"test_HybridArcStateEstimation" end time: Oct 27 22:21 ?D1迆㊣那℅?那㊣??
"test_HybridArcStateEstimation" time elapsed: 00:00:00
----------------------------------------------------------

89/249 Testing: test_ParameterInfluenceDetermination
89/249 Test: test_ParameterInfluenceDetermination
Command: "D:/S/tudat/bin/unit_tests/test_ParameterInfluenceDetermination.exe"
Directory: D:/S/debug/tudat/Tudat/Astrodynamics/OrbitDetermination
"test_ParameterInfluenceDetermination" start time: Oct 27 22:21 ?D1迆㊣那℅?那㊣??
Output:
----------------------------------------------------------
Running 2 test cases...
Assertion failed!

Program: D:\S\tudat\bin\unit_tests\test_ParameterInfluenceDetermination.exe
File: D:/S/eigen/Eigen/src/Core/DenseStorage.h, Line 109

Expression: (internal::UIntPtr(eigen_unaligned_array_assert_workaround_gcc47(array)) & (15)) == 0 && "this assertion is explained here: " "http://eigen.tuxfamily.org/dox-devel/group__TopicUnalignedArrayAssert.html" " **** READ THIS WEB PAGE !!! ****"
<end of output>
Test time =   0.08 sec
----------------------------------------------------------
Test Failed.
"test_ParameterInfluenceDetermination" end time: Oct 27 22:21 ?D1迆㊣那℅?那㊣??
"test_ParameterInfluenceDetermination" time elapsed: 00:00:00
----------------------------------------------------------

90/249 Testing: test_BiasEstimation
90/249 Test: test_BiasEstimation
Command: "D:/S/tudat/bin/unit_tests/test_BiasEstimation.exe"
Directory: D:/S/debug/tudat/Tudat/Astrodynamics/OrbitDetermination
"test_BiasEstimation" start time: Oct 27 22:21 ?D1迆㊣那℅?那㊣??
Output:
----------------------------------------------------------
Running 1 test case...
=========== Running Case: 0 0 0 0 0
Assertion failed!

Program: D:\S\tudat\bin\unit_tests\test_BiasEstimation.exe
File: D:/S/eigen/Eigen/src/Core/DenseStorage.h, Line 109

Expression: (internal::UIntPtr(eigen_unaligned_array_assert_workaround_gcc47(array)) & (15)) == 0 && "this assertion is explained here: " "http://eigen.tuxfamily.org/dox-devel/group__TopicUnalignedArrayAssert.html" " **** READ THIS WEB PAGE !!! ****"
<end of output>
Test time =   0.10 sec
----------------------------------------------------------
Test Failed.
"test_BiasEstimation" end time: Oct 27 22:21 ?D1迆㊣那℅?那㊣??
"test_BiasEstimation" time elapsed: 00:00:00
----------------------------------------------------------

91/249 Testing: test_RotationalStateEstimation
91/249 Test: test_RotationalStateEstimation
Command: "D:/S/tudat/bin/unit_tests/test_RotationalStateEstimation.exe"
Directory: D:/S/debug/tudat/Tudat/Astrodynamics/OrbitDetermination
"test_RotationalStateEstimation" start time: Oct 27 22:21 ?D1迆㊣那℅?那㊣??
Output:
----------------------------------------------------------
Running 2 test cases...
Assertion failed!

Program: D:\S\tudat\bin\unit_tests\test_RotationalStateEstimation.exe
File: D:/S/eigen/Eigen/src/Core/DenseStorage.h, Line 109

Expression: (internal::UIntPtr(eigen_unaligned_array_assert_workaround_gcc47(array)) & (15)) == 0 && "this assertion is explained here: " "http://eigen.tuxfamily.org/dox-devel/group__TopicUnalignedArrayAssert.html" " **** READ THIS WEB PAGE !!! ****"
<end of output>
Test time =   0.08 sec
----------------------------------------------------------
Test Failed.
"test_RotationalStateEstimation" end time: Oct 27 22:21 ?D1迆㊣那℅?那㊣??
"test_RotationalStateEstimation" time elapsed: 00:00:00
----------------------------------------------------------

92/249 Testing: test_EstimationFromPositionDoubleLongDouble
92/249 Test: test_EstimationFromPositionDoubleLongDouble
Command: "D:/S/tudat/bin/unit_tests/test_EstimationFromPositionDoubleLongDouble.exe"
Directory: D:/S/debug/tudat/Tudat/Astrodynamics/OrbitDetermination
"test_EstimationFromPositionDoubleLongDouble" start time: Oct 27 22:21 ?D1迆㊣那℅?那㊣??
Output:
----------------------------------------------------------
Running 1 test case...
=============================================== Running Case: 0
Assertion failed!

Program: D:\S\tudat\bin\unit_tests\test_EstimationFromPositionDoubleLongDouble.exe
File: D:/S/eigen/Eigen/src/Core/DenseStorage.h, Line 109

Expression: (internal::UIntPtr(eigen_unaligned_array_assert_workaround_gcc47(array)) & (15)) == 0 && "this assertion is explained here: " "http://eigen.tuxfamily.org/dox-devel/group__TopicUnalignedArrayAssert.html" " **** READ THIS WEB PAGE !!! ****"
<end of output>
Test time =   0.10 sec
----------------------------------------------------------
Test Failed.
"test_EstimationFromPositionDoubleLongDouble" end time: Oct 27 22:21 ?D1迆㊣那℅?那㊣??
"test_EstimationFromPositionDoubleLongDouble" time elapsed: 00:00:00
----------------------------------------------------------

93/249 Testing: test_EstimationFromPositionTimeDouble
93/249 Test: test_EstimationFromPositionTimeDouble
Command: "D:/S/tudat/bin/unit_tests/test_EstimationFromPositionTimeDouble.exe"
Directory: D:/S/debug/tudat/Tudat/Astrodynamics/OrbitDetermination
"test_EstimationFromPositionTimeDouble" start time: Oct 27 22:21 ?D1迆㊣那℅?那㊣??
Output:
----------------------------------------------------------
Running 1 test case...
=============================================== Running Case: 0
Assertion failed!

Program: D:\S\tudat\bin\unit_tests\test_EstimationFromPositionTimeDouble.exe
File: D:/S/eigen/Eigen/src/Core/DenseStorage.h, Line 109

Expression: (internal::UIntPtr(eigen_unaligned_array_assert_workaround_gcc47(array)) & (15)) == 0 && "this assertion is explained here: " "http://eigen.tuxfamily.org/dox-devel/group__TopicUnalignedArrayAssert.html" " **** READ THIS WEB PAGE !!! ****"
<end of output>
Test time =   0.09 sec
----------------------------------------------------------
Test Failed.
"test_EstimationFromPositionTimeDouble" end time: Oct 27 22:21 ?D1迆㊣那℅?那㊣??
"test_EstimationFromPositionTimeDouble" time elapsed: 00:00:00
----------------------------------------------------------

94/249 Testing: test_EstimationFromPositionTimeLongDouble
94/249 Test: test_EstimationFromPositionTimeLongDouble
Command: "D:/S/tudat/bin/unit_tests/test_EstimationFromPositionTimeLongDouble.exe"
Directory: D:/S/debug/tudat/Tudat/Astrodynamics/OrbitDetermination
"test_EstimationFromPositionTimeLongDouble" start time: Oct 27 22:21 ?D1迆㊣那℅?那㊣??
Output:
----------------------------------------------------------
Running 1 test case...
=============================================== Running Case: 0
Assertion failed!

Program: D:\S\tudat\bin\unit_tests\test_EstimationFromPositionTimeLongDouble.exe
File: D:/S/eigen/Eigen/src/Core/DenseStorage.h, Line 109

Expression: (internal::UIntPtr(eigen_unaligned_array_assert_workaround_gcc47(array)) & (15)) == 0 && "this assertion is explained here: " "http://eigen.tuxfamily.org/dox-devel/group__TopicUnalignedArrayAssert.html" " **** READ THIS WEB PAGE !!! ****"
<end of output>
Test time =   0.09 sec
----------------------------------------------------------
Test Failed.
"test_EstimationFromPositionTimeLongDouble" end time: Oct 27 22:21 ?D1迆㊣那℅?那㊣??
"test_EstimationFromPositionTimeLongDouble" time elapsed: 00:00:00
----------------------------------------------------------

95/249 Testing: test_AccelerationPartials
95/249 Test: test_AccelerationPartials
Command: "D:/S/tudat/bin/unit_tests/test_AccelerationPartials.exe"
Directory: D:/S/debug/tudat/Tudat/Astrodynamics/OrbitDetermination/AccelerationPartials
"test_AccelerationPartials" start time: Oct 27 22:21 ?D1迆㊣那℅?那㊣??
Output:
----------------------------------------------------------
Running 7 test cases...
Assertion failed!

Program: D:\S\tudat\bin\unit_tests\test_AccelerationPartials.exe
File: D:/S/eigen/Eigen/src/Core/DenseStorage.h, Line 109

Expression: (internal::UIntPtr(eigen_unaligned_array_assert_workaround_gcc47(array)) & (15)) == 0 && "this assertion is explained here: " "http://eigen.tuxfamily.org/dox-devel/group__TopicUnalignedArrayAssert.html" " **** READ THIS WEB PAGE !!! ****"
<end of output>
Test time =   0.01 sec
----------------------------------------------------------
Test Failed.
"test_AccelerationPartials" end time: Oct 27 22:21 ?D1迆㊣那℅?那㊣??
"test_AccelerationPartials" time elapsed: 00:00:00
----------------------------------------------------------

96/249 Testing: test_SphericalHarmonicPartials
96/249 Test: test_SphericalHarmonicPartials
Command: "D:/S/tudat/bin/unit_tests/test_SphericalHarmonicPartials.exe"
Directory: D:/S/debug/tudat/Tudat/Astrodynamics/OrbitDetermination/AccelerationPartials
"test_SphericalHarmonicPartials" start time: Oct 27 22:21 ?D1迆㊣那℅?那㊣??
Output:
----------------------------------------------------------
Running 2 test cases...
Assertion failed!

Program: D:\S\tudat\bin\unit_tests\test_SphericalHarmonicPartials.exe
File: D:/S/eigen/Eigen/src/Core/DenseStorage.h, Line 109

Expression: (internal::UIntPtr(eigen_unaligned_array_assert_workaround_gcc47(array)) & (15)) == 0 && "this assertion is explained here: " "http://eigen.tuxfamily.org/dox-devel/group__TopicUnalignedArrayAssert.html" " **** READ THIS WEB PAGE !!! ****"
<end of output>
Test time =   0.08 sec
----------------------------------------------------------
Test Failed.
"test_SphericalHarmonicPartials" end time: Oct 27 22:21 ?D1迆㊣那℅?那㊣??
"test_SphericalHarmonicPartials" time elapsed: 00:00:00
----------------------------------------------------------

97/249 Testing: test_MutualSphericalHarmonicPartials
97/249 Test: test_MutualSphericalHarmonicPartials
Command: "D:/S/tudat/bin/unit_tests/test_MutualSphericalHarmonicPartials.exe"
Directory: D:/S/debug/tudat/Tudat/Astrodynamics/OrbitDetermination/AccelerationPartials
"test_MutualSphericalHarmonicPartials" start time: Oct 27 22:21 ?D1迆㊣那℅?那㊣??
Output:
----------------------------------------------------------
Running 1 test case...
Warning, position of Mars taken as barycenter of that body's planetary system.
Assertion failed!

Program: D:\S\tudat\bin\unit_tests\test_MutualSphericalHarmonicPartials.exe
File: D:/S/eigen/Eigen/src/Core/DenseStorage.h, Line 109

Expression: (internal::UIntPtr(eigen_unaligned_array_assert_workaround_gcc47(array)) & (15)) == 0 && "this assertion is explained here: " "http://eigen.tuxfamily.org/dox-devel/group__TopicUnalignedArrayAssert.html" " **** READ THIS WEB PAGE !!! ****"
<end of output>
Test time =   0.08 sec
----------------------------------------------------------
Test Failed.
"test_MutualSphericalHarmonicPartials" end time: Oct 27 22:21 ?D1迆㊣那℅?那㊣??
"test_MutualSphericalHarmonicPartials" time elapsed: 00:00:00
----------------------------------------------------------

98/249 Testing: test_TorquePartials
98/249 Test: test_TorquePartials
Command: "D:/S/tudat/bin/unit_tests/test_TorquePartials.exe"
Directory: D:/S/debug/tudat/Tudat/Astrodynamics/OrbitDetermination/RotationalDynamicsPartials
"test_TorquePartials" start time: Oct 27 22:21 ?D1迆㊣那℅?那㊣??
Output:
----------------------------------------------------------
Running 3 test cases...
Assertion failed!

Program: D:\S\tudat\bin\unit_tests\test_TorquePartials.exe
File: D:/S/eigen/Eigen/src/Core/DenseStorage.h, Line 109

Expression: (internal::UIntPtr(eigen_unaligned_array_assert_workaround_gcc47(array)) & (15)) == 0 && "this assertion is explained here: " "http://eigen.tuxfamily.org/dox-devel/group__TopicUnalignedArrayAssert.html" " **** READ THIS WEB PAGE !!! ****"
<end of output>
Test time =   0.07 sec
----------------------------------------------------------
Test Failed.
"test_TorquePartials" end time: Oct 27 22:21 ?D1迆㊣那℅?那㊣??
"test_TorquePartials" time elapsed: 00:00:00
----------------------------------------------------------

99/249 Testing: test_OneWayRangePartials
99/249 Test: test_OneWayRangePartials
Command: "D:/S/tudat/bin/unit_tests/test_OneWayRangePartials.exe"
Directory: D:/S/debug/tudat/Tudat/Astrodynamics/OrbitDetermination/ObservationPartials
"test_OneWayRangePartials" start time: Oct 27 22:21 ?D1迆㊣那℅?那㊣??
Output:
----------------------------------------------------------
Running 1 test case...
Assertion failed!

Program: D:\S\tudat\bin\unit_tests\test_OneWayRangePartials.exe
File: D:/S/eigen/Eigen/src/Core/DenseStorage.h, Line 109

Expression: (internal::UIntPtr(eigen_unaligned_array_assert_workaround_gcc47(array)) & (15)) == 0 && "this assertion is explained here: " "http://eigen.tuxfamily.org/dox-devel/group__TopicUnalignedArrayAssert.html" " **** READ THIS WEB PAGE !!! ****"
<end of output>
Test time =   0.06 sec
----------------------------------------------------------
Test Failed.
"test_OneWayRangePartials" end time: Oct 27 22:21 ?D1迆㊣那℅?那㊣??
"test_OneWayRangePartials" time elapsed: 00:00:00
----------------------------------------------------------

100/249 Testing: test_NWayRangePartials
100/249 Test: test_NWayRangePartials
Command: "D:/S/tudat/bin/unit_tests/test_NWayRangePartials.exe"
Directory: D:/S/debug/tudat/Tudat/Astrodynamics/OrbitDetermination/ObservationPartials
"test_NWayRangePartials" start time: Oct 27 22:21 ?D1迆㊣那℅?那㊣??
Output:
----------------------------------------------------------
Running 1 test case...
Assertion failed!

Program: D:\S\tudat\bin\unit_tests\test_NWayRangePartials.exe
File: D:/S/eigen/Eigen/src/Core/DenseStorage.h, Line 109

Expression: (internal::UIntPtr(eigen_unaligned_array_assert_workaround_gcc47(array)) & (15)) == 0 && "this assertion is explained here: " "http://eigen.tuxfamily.org/dox-devel/group__TopicUnalignedArrayAssert.html" " **** READ THIS WEB PAGE !!! ****"
<end of output>
Test time =   0.07 sec
----------------------------------------------------------
Test Failed.
"test_NWayRangePartials" end time: Oct 27 22:21 ?D1迆㊣那℅?那㊣??
"test_NWayRangePartials" time elapsed: 00:00:00
----------------------------------------------------------

101/249 Testing: test_OneWayDifferencedRangePartials
101/249 Test: test_OneWayDifferencedRangePartials
Command: "D:/S/tudat/bin/unit_tests/test_OneWayDifferencedRangePartials.exe"
Directory: D:/S/debug/tudat/Tudat/Astrodynamics/OrbitDetermination/ObservationPartials
"test_OneWayDifferencedRangePartials" start time: Oct 27 22:21 ?D1迆㊣那℅?那㊣??
Output:
----------------------------------------------------------
Running 1 test case...
Assertion failed!

Program: D:\S\tudat\bin\unit_tests\test_OneWayDifferencedRangePartials.exe
File: D:/S/eigen/Eigen/src/Core/DenseStorage.h, Line 109

Expression: (internal::UIntPtr(eigen_unaligned_array_assert_workaround_gcc47(array)) & (15)) == 0 && "this assertion is explained here: " "http://eigen.tuxfamily.org/dox-devel/group__TopicUnalignedArrayAssert.html" " **** READ THIS WEB PAGE !!! ****"
<end of output>
Test time =   0.07 sec
----------------------------------------------------------
Test Failed.
"test_OneWayDifferencedRangePartials" end time: Oct 27 22:21 ?D1迆㊣那℅?那㊣??
"test_OneWayDifferencedRangePartials" time elapsed: 00:00:00
----------------------------------------------------------

102/249 Testing: test_OneWayDopplerPartials
102/249 Test: test_OneWayDopplerPartials
Command: "D:/S/tudat/bin/unit_tests/test_OneWayDopplerPartials.exe"
Directory: D:/S/debug/tudat/Tudat/Astrodynamics/OrbitDetermination/ObservationPartials
"test_OneWayDopplerPartials" start time: Oct 27 22:21 ?D1迆㊣那℅?那㊣??
Output:
----------------------------------------------------------
Running 1 test case...
Assertion failed!

Program: D:\S\tudat\bin\unit_tests\test_OneWayDopplerPartials.exe
File: D:/S/eigen/Eigen/src/Core/DenseStorage.h, Line 109

Expression: (internal::UIntPtr(eigen_unaligned_array_assert_workaround_gcc47(array)) & (15)) == 0 && "this assertion is explained here: " "http://eigen.tuxfamily.org/dox-devel/group__TopicUnalignedArrayAssert.html" " **** READ THIS WEB PAGE !!! ****"
<end of output>
Test time =   0.06 sec
----------------------------------------------------------
Test Failed.
"test_OneWayDopplerPartials" end time: Oct 27 22:21 ?D1迆㊣那℅?那㊣??
"test_OneWayDopplerPartials" time elapsed: 00:00:00
----------------------------------------------------------

103/249 Testing: test_TwoWayDopplerPartials
103/249 Test: test_TwoWayDopplerPartials
Command: "D:/S/tudat/bin/unit_tests/test_TwoWayDopplerPartials.exe"
Directory: D:/S/debug/tudat/Tudat/Astrodynamics/OrbitDetermination/ObservationPartials
"test_TwoWayDopplerPartials" start time: Oct 27 22:21 ?D1迆㊣那℅?那㊣??
Output:
----------------------------------------------------------
Running 1 test case...
Assertion failed!

Program: D:\S\tudat\bin\unit_tests\test_TwoWayDopplerPartials.exe
File: D:/S/eigen/Eigen/src/Core/DenseStorage.h, Line 109

Expression: (internal::UIntPtr(eigen_unaligned_array_assert_workaround_gcc47(array)) & (15)) == 0 && "this assertion is explained here: " "http://eigen.tuxfamily.org/dox-devel/group__TopicUnalignedArrayAssert.html" " **** READ THIS WEB PAGE !!! ****"
<end of output>
Test time =   0.06 sec
----------------------------------------------------------
Test Failed.
"test_TwoWayDopplerPartials" end time: Oct 27 22:21 ?D1迆㊣那℅?那㊣??
"test_TwoWayDopplerPartials" time elapsed: 00:00:00
----------------------------------------------------------

104/249 Testing: test_AngularPositionPartials
104/249 Test: test_AngularPositionPartials
Command: "D:/S/tudat/bin/unit_tests/test_AngularPositionPartials.exe"
Directory: D:/S/debug/tudat/Tudat/Astrodynamics/OrbitDetermination/ObservationPartials
"test_AngularPositionPartials" start time: Oct 27 22:21 ?D1迆㊣那℅?那㊣??
Output:
----------------------------------------------------------
Running 1 test case...
Assertion failed!

Program: D:\S\tudat\bin\unit_tests\test_AngularPositionPartials.exe
File: D:/S/eigen/Eigen/src/Core/DenseStorage.h, Line 109

Expression: (internal::UIntPtr(eigen_unaligned_array_assert_workaround_gcc47(array)) & (15)) == 0 && "this assertion is explained here: " "http://eigen.tuxfamily.org/dox-devel/group__TopicUnalignedArrayAssert.html" " **** READ THIS WEB PAGE !!! ****"
<end of output>
Test time =   0.09 sec
----------------------------------------------------------
Test Failed.
"test_AngularPositionPartials" end time: Oct 27 22:21 ?D1迆㊣那℅?那㊣??
"test_AngularPositionPartials" time elapsed: 00:00:00
----------------------------------------------------------

105/249 Testing: test_PositionPartials
105/249 Test: test_PositionPartials
Command: "D:/S/tudat/bin/unit_tests/test_PositionPartials.exe"
Directory: D:/S/debug/tudat/Tudat/Astrodynamics/OrbitDetermination/ObservationPartials
"test_PositionPartials" start time: Oct 27 22:21 ?D1迆㊣那℅?那㊣??
Output:
----------------------------------------------------------
Running 1 test case...
Assertion failed!

Program: D:\S\tudat\bin\unit_tests\test_PositionPartials.exe
File: D:/S/eigen/Eigen/src/Core/DenseStorage.h, Line 109

Expression: (internal::UIntPtr(eigen_unaligned_array_assert_workaround_gcc47(array)) & (15)) == 0 && "this assertion is explained here: " "http://eigen.tuxfamily.org/dox-devel/group__TopicUnalignedArrayAssert.html" " **** READ THIS WEB PAGE !!! ****"
<end of output>
Test time =   0.07 sec
----------------------------------------------------------
Test Failed.
"test_PositionPartials" end time: Oct 27 22:21 ?D1迆㊣那℅?那㊣??
"test_PositionPartials" time elapsed: 00:00:00
----------------------------------------------------------

106/249 Testing: test_EulerAngleObservationPartials
106/249 Test: test_EulerAngleObservationPartials
Command: "D:/S/tudat/bin/unit_tests/test_EulerAngleObservationPartials.exe"
Directory: D:/S/debug/tudat/Tudat/Astrodynamics/OrbitDetermination/ObservationPartials
"test_EulerAngleObservationPartials" start time: Oct 27 22:21 ?D1迆㊣那℅?那㊣??
Output:
----------------------------------------------------------
Running 1 test case...
 **************************************************************************************** 
Assertion failed!

Program: D:\S\tudat\bin\unit_tests\test_EulerAngleObservationPartials.exe
File: D:/S/eigen/Eigen/src/Core/DenseStorage.h, Line 109

Expression: (internal::UIntPtr(eigen_unaligned_array_assert_workaround_gcc47(array)) & (15)) == 0 && "this assertion is explained here: " "http://eigen.tuxfamily.org/dox-devel/group__TopicUnalignedArrayAssert.html" " **** READ THIS WEB PAGE !!! ****"
<end of output>
Test time =   0.07 sec
----------------------------------------------------------
Test Failed.
"test_EulerAngleObservationPartials" end time: Oct 27 22:21 ?D1迆㊣那℅?那㊣??
"test_EulerAngleObservationPartials" time elapsed: 00:00:00
----------------------------------------------------------

107/249 Testing: test_RotationMatrixPartials
107/249 Test: test_RotationMatrixPartials
Command: "D:/S/tudat/bin/unit_tests/test_RotationMatrixPartials.exe"
Directory: D:/S/debug/tudat/Tudat/Astrodynamics/OrbitDetermination/ObservationPartials
"test_RotationMatrixPartials" start time: Oct 27 22:21 ?D1迆㊣那℅?那㊣??
Output:
----------------------------------------------------------
Running 1 test case...

*** No errors detected
<end of output>
Test time =   0.07 sec
----------------------------------------------------------
Test Passed.
"test_RotationMatrixPartials" end time: Oct 27 22:21 ?D1迆㊣那℅?那㊣??
"test_RotationMatrixPartials" time elapsed: 00:00:00
----------------------------------------------------------

108/249 Testing: test_LightTimeCorrectionPartials
108/249 Test: test_LightTimeCorrectionPartials
Command: "D:/S/tudat/bin/unit_tests/test_LightTimeCorrectionPartials.exe"
Directory: D:/S/debug/tudat/Tudat/Astrodynamics/OrbitDetermination/ObservationPartials
"test_LightTimeCorrectionPartials" start time: Oct 27 22:21 ?D1迆㊣那℅?那㊣??
Output:
----------------------------------------------------------
Running 1 test case...
Assertion failed!

Program: D:\S\tudat\bin\unit_tests\test_LightTimeCorrectionPartials.exe
File: D:/S/eigen/Eigen/src/Core/DenseStorage.h, Line 109

Expression: (internal::UIntPtr(eigen_unaligned_array_assert_workaround_gcc47(array)) & (15)) == 0 && "this assertion is explained here: " "http://eigen.tuxfamily.org/dox-devel/group__TopicUnalignedArrayAssert.html" " **** READ THIS WEB PAGE !!! ****"
<end of output>
Test time =   0.07 sec
----------------------------------------------------------
Test Failed.
"test_LightTimeCorrectionPartials" end time: Oct 27 22:21 ?D1迆㊣那℅?那㊣??
"test_LightTimeCorrectionPartials" time elapsed: 00:00:00
----------------------------------------------------------

109/249 Testing: test_CentralBodyData
109/249 Test: test_CentralBodyData
Command: "D:/S/tudat/bin/unit_tests/test_CentralBodyData.exe"
Directory: D:/S/debug/tudat/Tudat/Astrodynamics/Propagators
"test_CentralBodyData" start time: Oct 27 22:21 ?D1迆㊣那℅?那㊣??
Output:
----------------------------------------------------------
Running 1 test case...

*** No errors detected
<end of output>
Test time =   0.01 sec
----------------------------------------------------------
Test Passed.
"test_CentralBodyData" end time: Oct 27 22:21 ?D1迆㊣那℅?那㊣??
"test_CentralBodyData" time elapsed: 00:00:00
----------------------------------------------------------

110/249 Testing: test_CowellStateDerivative
110/249 Test: test_CowellStateDerivative
Command: "D:/S/tudat/bin/unit_tests/test_CowellStateDerivative.exe"
Directory: D:/S/debug/tudat/Tudat/Astrodynamics/Propagators
"test_CowellStateDerivative" start time: Oct 27 22:21 ?D1迆㊣那℅?那㊣??
Output:
----------------------------------------------------------
Running 2 test cases...
Assertion failed!

Program: D:\S\tudat\bin\unit_tests\test_CowellStateDerivative.exe
File: D:/S/eigen/Eigen/src/Core/DenseStorage.h, Line 109

Expression: (internal::UIntPtr(eigen_unaligned_array_assert_workaround_gcc47(array)) & (15)) == 0 && "this assertion is explained here: " "http://eigen.tuxfamily.org/dox-devel/group__TopicUnalignedArrayAssert.html" " **** READ THIS WEB PAGE !!! ****"
<end of output>
Test time =   0.08 sec
----------------------------------------------------------
Test Failed.
"test_CowellStateDerivative" end time: Oct 27 22:21 ?D1迆㊣那℅?那㊣??
"test_CowellStateDerivative" time elapsed: 00:00:00
----------------------------------------------------------

111/249 Testing: test_EnckeStateDerivative
111/249 Test: test_EnckeStateDerivative
Command: "D:/S/tudat/bin/unit_tests/test_EnckeStateDerivative.exe"
Directory: D:/S/debug/tudat/Tudat/Astrodynamics/Propagators
"test_EnckeStateDerivative" start time: Oct 27 22:21 ?D1迆㊣那℅?那㊣??
Output:
----------------------------------------------------------
Running 3 test cases...
Assertion failed!

Program: D:\S\tudat\bin\unit_tests\test_EnckeStateDerivative.exe
File: D:/S/eigen/Eigen/src/Core/DenseStorage.h, Line 109

Expression: (internal::UIntPtr(eigen_unaligned_array_assert_workaround_gcc47(array)) & (15)) == 0 && "this assertion is explained here: " "http://eigen.tuxfamily.org/dox-devel/group__TopicUnalignedArrayAssert.html" " **** READ THIS WEB PAGE !!! ****"
<end of output>
Test time =   0.08 sec
----------------------------------------------------------
Test Failed.
"test_EnckeStateDerivative" end time: Oct 27 22:21 ?D1迆㊣那℅?那㊣??
"test_EnckeStateDerivative" time elapsed: 00:00:00
----------------------------------------------------------

112/249 Testing: test_GaussStateDerivative
112/249 Test: test_GaussStateDerivative
Command: "D:/S/tudat/bin/unit_tests/test_GaussStateDerivative.exe"
Directory: D:/S/debug/tudat/Tudat/Astrodynamics/Propagators
"test_GaussStateDerivative" start time: Oct 27 22:21 ?D1迆㊣那℅?那㊣??
Output:
----------------------------------------------------------
Running 2 test cases...
Assertion failed!

Program: D:\S\tudat\bin\unit_tests\test_GaussStateDerivative.exe
File: D:/S/eigen/Eigen/src/Core/DenseStorage.h, Line 109

Expression: (internal::UIntPtr(eigen_unaligned_array_assert_workaround_gcc47(array)) & (15)) == 0 && "this assertion is explained here: " "http://eigen.tuxfamily.org/dox-devel/group__TopicUnalignedArrayAssert.html" " **** READ THIS WEB PAGE !!! ****"
<end of output>
Test time =   0.08 sec
----------------------------------------------------------
Test Failed.
"test_GaussStateDerivative" end time: Oct 27 22:21 ?D1迆㊣那℅?那㊣??
"test_GaussStateDerivative" time elapsed: 00:00:00
----------------------------------------------------------

113/249 Testing: test_UnifiedStateModelStateDerivative
113/249 Test: test_UnifiedStateModelStateDerivative
Command: "D:/S/tudat/bin/unit_tests/test_UnifiedStateModelStateDerivative.exe"
Directory: D:/S/debug/tudat/Tudat/Astrodynamics/Propagators
"test_UnifiedStateModelStateDerivative" start time: Oct 27 22:21 ?D1迆㊣那℅?那㊣??
Output:
----------------------------------------------------------
Running 2 test cases...
Assertion failed!

Program: D:\S\tudat\bin\unit_tests\test_UnifiedStateModelStateDerivative.exe
File: D:/S/eigen/Eigen/src/Core/DenseStorage.h, Line 109

Expression: (internal::UIntPtr(eigen_unaligned_array_assert_workaround_gcc47(array)) & (15)) == 0 && "this assertion is explained here: " "http://eigen.tuxfamily.org/dox-devel/group__TopicUnalignedArrayAssert.html" " **** READ THIS WEB PAGE !!! ****"
<end of output>
Test time =   0.09 sec
----------------------------------------------------------
Test Failed.
"test_UnifiedStateModelStateDerivative" end time: Oct 27 22:21 ?D1迆㊣那℅?那㊣??
"test_UnifiedStateModelStateDerivative" time elapsed: 00:00:00
----------------------------------------------------------

114/249 Testing: test_SequentialVariationEquationIntegration
114/249 Test: test_SequentialVariationEquationIntegration
Command: "D:/S/tudat/bin/unit_tests/test_SequentialVariationEquationIntegration.exe"
Directory: D:/S/debug/tudat/Tudat/Astrodynamics/Propagators
"test_SequentialVariationEquationIntegration" start time: Oct 27 22:21 ?D1迆㊣那℅?那㊣??
Output:
----------------------------------------------------------
Running 1 test case...
Assertion failed!

Program: D:\S\tudat\bin\unit_tests\test_SequentialVariationEquationIntegration.exe
File: D:/S/eigen/Eigen/src/Core/DenseStorage.h, Line 109

Expression: (internal::UIntPtr(eigen_unaligned_array_assert_workaround_gcc47(array)) & (15)) == 0 && "this assertion is explained here: " "http://eigen.tuxfamily.org/dox-devel/group__TopicUnalignedArrayAssert.html" " **** READ THIS WEB PAGE !!! ****"
<end of output>
Test time =   0.08 sec
----------------------------------------------------------
Test Failed.
"test_SequentialVariationEquationIntegration" end time: Oct 27 22:21 ?D1迆㊣那℅?那㊣??
"test_SequentialVariationEquationIntegration" time elapsed: 00:00:00
----------------------------------------------------------

115/249 Testing: test_VariationalEquations
115/249 Test: test_VariationalEquations
Command: "D:/S/tudat/bin/unit_tests/test_VariationalEquations.exe"
Directory: D:/S/debug/tudat/Tudat/Astrodynamics/Propagators
"test_VariationalEquations" start time: Oct 27 22:21 ?D1迆㊣那℅?那㊣??
Output:
----------------------------------------------------------
Running 3 test cases...
Assertion failed!

Program: D:\S\tudat\bin\unit_tests\test_VariationalEquations.exe
File: D:/S/eigen/Eigen/src/Core/DenseStorage.h, Line 109

Expression: (internal::UIntPtr(eigen_unaligned_array_assert_workaround_gcc47(array)) & (15)) == 0 && "this assertion is explained here: " "http://eigen.tuxfamily.org/dox-devel/group__TopicUnalignedArrayAssert.html" " **** READ THIS WEB PAGE !!! ****"
<end of output>
Test time =   0.08 sec
----------------------------------------------------------
Test Failed.
"test_VariationalEquations" end time: Oct 27 22:21 ?D1迆㊣那℅?那㊣??
"test_VariationalEquations" time elapsed: 00:00:00
----------------------------------------------------------

116/249 Testing: test_MultiArcVariationalEquations
116/249 Test: test_MultiArcVariationalEquations
Command: "D:/S/tudat/bin/unit_tests/test_MultiArcVariationalEquations.exe"
Directory: D:/S/debug/tudat/Tudat/Astrodynamics/Propagators
"test_MultiArcVariationalEquations" start time: Oct 27 22:21 ?D1迆㊣那℅?那㊣??
Output:
----------------------------------------------------------
Running 1 test case...
Test: 0 0 0
Assertion failed!

Program: D:\S\tudat\bin\unit_tests\test_MultiArcVariationalEquations.exe
File: D:/S/eigen/Eigen/src/Core/DenseStorage.h, Line 109

Expression: (internal::UIntPtr(eigen_unaligned_array_assert_workaround_gcc47(array)) & (15)) == 0 && "this assertion is explained here: " "http://eigen.tuxfamily.org/dox-devel/group__TopicUnalignedArrayAssert.html" " **** READ THIS WEB PAGE !!! ****"
<end of output>
Test time =   0.08 sec
----------------------------------------------------------
Test Failed.
"test_MultiArcVariationalEquations" end time: Oct 27 22:21 ?D1迆㊣那℅?那㊣??
"test_MultiArcVariationalEquations" time elapsed: 00:00:00
----------------------------------------------------------

117/249 Testing: test_HybridArcVariationalEquations
117/249 Test: test_HybridArcVariationalEquations
Command: "D:/S/tudat/bin/unit_tests/test_HybridArcVariationalEquations.exe"
Directory: D:/S/debug/tudat/Tudat/Astrodynamics/Propagators
"test_HybridArcVariationalEquations" start time: Oct 27 22:21 ?D1迆㊣那℅?那㊣??
Output:
----------------------------------------------------------
Running 1 test case...
Propagating state transition: 0  0
Assertion failed!

Program: D:\S\tudat\bin\unit_tests\test_HybridArcVariationalEquations.exe
File: D:/S/eigen/Eigen/src/Core/DenseStorage.h, Line 109

Expression: (internal::UIntPtr(eigen_unaligned_array_assert_workaround_gcc47(array)) & (15)) == 0 && "this assertion is explained here: " "http://eigen.tuxfamily.org/dox-devel/group__TopicUnalignedArrayAssert.html" " **** READ THIS WEB PAGE !!! ****"
<end of output>
Test time =   0.08 sec
----------------------------------------------------------
Test Failed.
"test_HybridArcVariationalEquations" end time: Oct 27 22:21 ?D1迆㊣那℅?那㊣??
"test_HybridArcVariationalEquations" time elapsed: 00:00:00
----------------------------------------------------------

118/249 Testing: test_DependentVariableOutput
118/249 Test: test_DependentVariableOutput
Command: "D:/S/tudat/bin/unit_tests/test_DependentVariableOutput.exe"
Directory: D:/S/debug/tudat/Tudat/Astrodynamics/Propagators
"test_DependentVariableOutput" start time: Oct 27 22:21 ?D1迆㊣那℅?那㊣??
Output:
----------------------------------------------------------
Running 5 test cases...
Assertion failed!

Program: D:\S\tudat\bin\unit_tests\test_DependentVariableOutput.exe
File: D:/S/eigen/Eigen/src/Core/DenseStorage.h, Line 109

Expression: (internal::UIntPtr(eigen_unaligned_array_assert_workaround_gcc47(array)) & (15)) == 0 && "this assertion is explained here: " "http://eigen.tuxfamily.org/dox-devel/group__TopicUnalignedArrayAssert.html" " **** READ THIS WEB PAGE !!! ****"
<end of output>
Test time =   0.08 sec
----------------------------------------------------------
Test Failed.
"test_DependentVariableOutput" end time: Oct 27 22:21 ?D1迆㊣那℅?那㊣??
"test_DependentVariableOutput" time elapsed: 00:00:00
----------------------------------------------------------

119/249 Testing: test_EnvironmentModelComputations
119/249 Test: test_EnvironmentModelComputations
Command: "D:/S/tudat/bin/unit_tests/test_EnvironmentModelComputations.exe"
Directory: D:/S/debug/tudat/Tudat/Astrodynamics/Propagators
"test_EnvironmentModelComputations" start time: Oct 27 22:21 ?D1迆㊣那℅?那㊣??
Output:
----------------------------------------------------------
Running 2 test cases...
Assertion failed!

Program: D:\S\tudat\bin\unit_tests\test_EnvironmentModelComputations.exe
File: D:/S/eigen/Eigen/src/Core/DenseStorage.h, Line 109

Expression: (internal::UIntPtr(eigen_unaligned_array_assert_workaround_gcc47(array)) & (15)) == 0 && "this assertion is explained here: " "http://eigen.tuxfamily.org/dox-devel/group__TopicUnalignedArrayAssert.html" " **** READ THIS WEB PAGE !!! ****"
<end of output>
Test time =   0.08 sec
----------------------------------------------------------
Test Failed.
"test_EnvironmentModelComputations" end time: Oct 27 22:21 ?D1迆㊣那℅?那㊣??
"test_EnvironmentModelComputations" time elapsed: 00:00:00
----------------------------------------------------------

120/249 Testing: test_BodyMassPropagation
120/249 Test: test_BodyMassPropagation
Command: "D:/S/tudat/bin/unit_tests/test_BodyMassPropagation.exe"
Directory: D:/S/debug/tudat/Tudat/Astrodynamics/Propagators
"test_BodyMassPropagation" start time: Oct 27 22:21 ?D1迆㊣那℅?那㊣??
Output:
----------------------------------------------------------
Running 2 test cases...
Assertion failed!

Program: D:\S\tudat\bin\unit_tests\test_BodyMassPropagation.exe
File: D:/S/eigen/Eigen/src/Core/DenseStorage.h, Line 109

Expression: (internal::UIntPtr(eigen_unaligned_array_assert_workaround_gcc47(array)) & (15)) == 0 && "this assertion is explained here: " "http://eigen.tuxfamily.org/dox-devel/group__TopicUnalignedArrayAssert.html" " **** READ THIS WEB PAGE !!! ****"
<end of output>
Test time =   0.02 sec
----------------------------------------------------------
Test Failed.
"test_BodyMassPropagation" end time: Oct 27 22:21 ?D1迆㊣那℅?那㊣??
"test_BodyMassPropagation" time elapsed: 00:00:00
----------------------------------------------------------

121/249 Testing: test_MultiTypeStatePropagation
121/249 Test: test_MultiTypeStatePropagation
Command: "D:/S/tudat/bin/unit_tests/test_MultiTypeStatePropagation.exe"
Directory: D:/S/debug/tudat/Tudat/Astrodynamics/Propagators
"test_MultiTypeStatePropagation" start time: Oct 27 22:21 ?D1迆㊣那℅?那㊣??
Output:
----------------------------------------------------------
Running 1 test case...
Assertion failed!

Program: D:\S\tudat\bin\unit_tests\test_MultiTypeStatePropagation.exe
File: D:/S/eigen/Eigen/src/Core/DenseStorage.h, Line 109

Expression: (internal::UIntPtr(eigen_unaligned_array_assert_workaround_gcc47(array)) & (15)) == 0 && "this assertion is explained here: " "http://eigen.tuxfamily.org/dox-devel/group__TopicUnalignedArrayAssert.html" " **** READ THIS WEB PAGE !!! ****"
<end of output>
Test time =   0.07 sec
----------------------------------------------------------
Test Failed.
"test_MultiTypeStatePropagation" end time: Oct 27 22:21 ?D1迆㊣那℅?那㊣??
"test_MultiTypeStatePropagation" time elapsed: 00:00:00
----------------------------------------------------------

122/249 Testing: test_StoppingConditions
122/249 Test: test_StoppingConditions
Command: "D:/S/tudat/bin/unit_tests/test_StoppingConditions.exe"
Directory: D:/S/debug/tudat/Tudat/Astrodynamics/Propagators
"test_StoppingConditions" start time: Oct 27 22:21 ?D1迆㊣那℅?那㊣??
Output:
----------------------------------------------------------
Running 2 test cases...
Assertion failed!

Program: D:\S\tudat\bin\unit_tests\test_StoppingConditions.exe
File: D:/S/eigen/Eigen/src/Core/DenseStorage.h, Line 109

Expression: (internal::UIntPtr(eigen_unaligned_array_assert_workaround_gcc47(array)) & (15)) == 0 && "this assertion is explained here: " "http://eigen.tuxfamily.org/dox-devel/group__TopicUnalignedArrayAssert.html" " **** READ THIS WEB PAGE !!! ****"
<end of output>
Test time =   0.07 sec
----------------------------------------------------------
Test Failed.
"test_StoppingConditions" end time: Oct 27 22:21 ?D1迆㊣那℅?那㊣??
"test_StoppingConditions" time elapsed: 00:00:00
----------------------------------------------------------

123/249 Testing: test_CustomStatePropagation
123/249 Test: test_CustomStatePropagation
Command: "D:/S/tudat/bin/unit_tests/test_CustomStatePropagation.exe"
Directory: D:/S/debug/tudat/Tudat/Astrodynamics/Propagators
"test_CustomStatePropagation" start time: Oct 27 22:21 ?D1迆㊣那℅?那㊣??
Output:
----------------------------------------------------------
Running 5 test cases...
Assertion failed!

Program: D:\S\tudat\bin\unit_tests\test_CustomStatePropagation.exe
File: D:/S/eigen/Eigen/src/Core/DenseStorage.h, Line 109

Expression: (internal::UIntPtr(eigen_unaligned_array_assert_workaround_gcc47(array)) & (15)) == 0 && "this assertion is explained here: " "http://eigen.tuxfamily.org/dox-devel/group__TopicUnalignedArrayAssert.html" " **** READ THIS WEB PAGE !!! ****"
<end of output>
Test time =   0.16 sec
----------------------------------------------------------
Test Failed.
"test_CustomStatePropagation" end time: Oct 27 22:21 ?D1迆㊣那℅?那㊣??
"test_CustomStatePropagation" time elapsed: 00:00:00
----------------------------------------------------------

124/249 Testing: test_MultiArcDynamics
124/249 Test: test_MultiArcDynamics
Command: "D:/S/tudat/bin/unit_tests/test_MultiArcDynamics.exe"
Directory: D:/S/debug/tudat/Tudat/Astrodynamics/Propagators
"test_MultiArcDynamics" start time: Oct 27 22:21 ?D1迆㊣那℅?那㊣??
Output:
----------------------------------------------------------
Running 1 test case...
Assertion failed!

Program: D:\S\tudat\bin\unit_tests\test_MultiArcDynamics.exe
File: D:/S/eigen/Eigen/src/Core/DenseStorage.h, Line 109

Expression: (internal::UIntPtr(eigen_unaligned_array_assert_workaround_gcc47(array)) & (15)) == 0 && "this assertion is explained here: " "http://eigen.tuxfamily.org/dox-devel/group__TopicUnalignedArrayAssert.html" " **** READ THIS WEB PAGE !!! ****"
<end of output>
Test time =   0.08 sec
----------------------------------------------------------
Test Failed.
"test_MultiArcDynamics" end time: Oct 27 22:21 ?D1迆㊣那℅?那㊣??
"test_MultiArcDynamics" time elapsed: 00:00:00
----------------------------------------------------------

125/249 Testing: test_HybridArcDynamics
125/249 Test: test_HybridArcDynamics
Command: "D:/S/tudat/bin/unit_tests/test_HybridArcDynamics.exe"
Directory: D:/S/debug/tudat/Tudat/Astrodynamics/Propagators
"test_HybridArcDynamics" start time: Oct 27 22:21 ?D1迆㊣那℅?那㊣??
Output:
----------------------------------------------------------
Running 1 test case...
Assertion failed!

Program: D:\S\tudat\bin\unit_tests\test_HybridArcDynamics.exe
File: D:/S/eigen/Eigen/src/Core/DenseStorage.h, Line 109

Expression: (internal::UIntPtr(eigen_unaligned_array_assert_workaround_gcc47(array)) & (15)) == 0 && "this assertion is explained here: " "http://eigen.tuxfamily.org/dox-devel/group__TopicUnalignedArrayAssert.html" " **** READ THIS WEB PAGE !!! ****"
<end of output>
Test time =   0.08 sec
----------------------------------------------------------
Test Failed.
"test_HybridArcDynamics" end time: Oct 27 22:21 ?D1迆㊣那℅?那㊣??
"test_HybridArcDynamics" time elapsed: 00:00:00
----------------------------------------------------------

126/249 Testing: test_PropagationTerminationReason
126/249 Test: test_PropagationTerminationReason
Command: "D:/S/tudat/bin/unit_tests/test_PropagationTerminationReason.exe"
Directory: D:/S/debug/tudat/Tudat/Astrodynamics/Propagators
"test_PropagationTerminationReason" start time: Oct 27 22:21 ?D1迆㊣那℅?那㊣??
Output:
----------------------------------------------------------
Running 3 test cases...
Assertion failed!

Program: D:\S\tudat\bin\unit_tests\test_PropagationTerminationReason.exe
File: D:/S/eigen/Eigen/src/Core/DenseStorage.h, Line 109

Expression: (internal::UIntPtr(eigen_unaligned_array_assert_workaround_gcc47(array)) & (15)) == 0 && "this assertion is explained here: " "http://eigen.tuxfamily.org/dox-devel/group__TopicUnalignedArrayAssert.html" " **** READ THIS WEB PAGE !!! ****"
<end of output>
Test time =   0.08 sec
----------------------------------------------------------
Test Failed.
"test_PropagationTerminationReason" end time: Oct 27 22:21 ?D1迆㊣那℅?那㊣??
"test_PropagationTerminationReason" time elapsed: 00:00:00
----------------------------------------------------------

127/249 Testing: test_RotationalDynamicsPropagation
127/249 Test: test_RotationalDynamicsPropagation
Command: "D:/S/tudat/bin/unit_tests/test_RotationalDynamicsPropagation.exe"
Directory: D:/S/debug/tudat/Tudat/Astrodynamics/Propagators
"test_RotationalDynamicsPropagation" start time: Oct 27 22:21 ?D1迆㊣那℅?那㊣??
Output:
----------------------------------------------------------
Running 4 test cases...
Assertion failed!

Program: D:\S\tudat\bin\unit_tests\test_RotationalDynamicsPropagation.exe
File: D:/S/eigen/Eigen/src/Core/DenseStorage.h, Line 109

Expression: (internal::UIntPtr(eigen_unaligned_array_assert_workaround_gcc47(array)) & (15)) == 0 && "this assertion is explained here: " "http://eigen.tuxfamily.org/dox-devel/group__TopicUnalignedArrayAssert.html" " **** READ THIS WEB PAGE !!! ****"
<end of output>
Test time =   0.07 sec
----------------------------------------------------------
Test Failed.
"test_RotationalDynamicsPropagation" end time: Oct 27 22:21 ?D1迆㊣那℅?那㊣??
"test_RotationalDynamicsPropagation" time elapsed: 00:00:00
----------------------------------------------------------

128/249 Testing: test_CR3BPPropagation
128/249 Test: test_CR3BPPropagation
Command: "D:/S/tudat/bin/unit_tests/test_CR3BPPropagation.exe"
Directory: D:/S/debug/tudat/Tudat/Astrodynamics/Propagators
"test_CR3BPPropagation" start time: Oct 27 22:21 ?D1迆㊣那℅?那㊣??
Output:
----------------------------------------------------------
Running 1 test case...
Assertion failed!

Program: D:\S\tudat\bin\unit_tests\test_CR3BPPropagation.exe
File: D:/S/eigen/Eigen/src/Core/DenseStorage.h, Line 109

Expression: (internal::UIntPtr(eigen_unaligned_array_assert_workaround_gcc47(array)) & (15)) == 0 && "this assertion is explained here: " "http://eigen.tuxfamily.org/dox-devel/group__TopicUnalignedArrayAssert.html" " **** READ THIS WEB PAGE !!! ****"
<end of output>
Test time =   0.01 sec
----------------------------------------------------------
Test Failed.
"test_CR3BPPropagation" end time: Oct 27 22:21 ?D1迆㊣那℅?那㊣??
"test_CR3BPPropagation" time elapsed: 00:00:00
----------------------------------------------------------

129/249 Testing: test_PropagationTerminationCheckOnFinalStep
129/249 Test: test_PropagationTerminationCheckOnFinalStep
Command: "D:/S/tudat/bin/unit_tests/test_PropagationTerminationCheckOnFinalStep.exe"
Directory: D:/S/debug/tudat/Tudat/Astrodynamics/Propagators
"test_PropagationTerminationCheckOnFinalStep" start time: Oct 27 22:21 ?D1迆㊣那℅?那㊣??
Output:
----------------------------------------------------------
Running 2 test cases...
Assertion failed!

Program: D:\S\tudat\bin\unit_tests\test_PropagationTerminationCheckOnFinalStep.exe
File: D:/S/eigen/Eigen/src/Core/DenseStorage.h, Line 109

Expression: (internal::UIntPtr(eigen_unaligned_array_assert_workaround_gcc47(array)) & (15)) == 0 && "this assertion is explained here: " "http://eigen.tuxfamily.org/dox-devel/group__TopicUnalignedArrayAssert.html" " **** READ THIS WEB PAGE !!! ****"
<end of output>
Test time =   0.08 sec
----------------------------------------------------------
Test Failed.
"test_PropagationTerminationCheckOnFinalStep" end time: Oct 27 22:21 ?D1迆㊣那℅?那㊣??
"test_PropagationTerminationCheckOnFinalStep" time elapsed: 00:00:00
----------------------------------------------------------

130/249 Testing: test_GlobalFrameOrigin
130/249 Test: test_GlobalFrameOrigin
Command: "D:/S/tudat/bin/unit_tests/test_GlobalFrameOrigin.exe"
Directory: D:/S/debug/tudat/Tudat/Astrodynamics/Propagators
"test_GlobalFrameOrigin" start time: Oct 27 22:21 ?D1迆㊣那℅?那㊣??
Output:
----------------------------------------------------------
Running 1 test case...
Testing with origin: ************************************** SSB
Assertion failed!

Program: D:\S\tudat\bin\unit_tests\test_GlobalFrameOrigin.exe
File: D:/S/eigen/Eigen/src/Core/DenseStorage.h, Line 109

Expression: (internal::UIntPtr(eigen_unaligned_array_assert_workaround_gcc47(array)) & (15)) == 0 && "this assertion is explained here: " "http://eigen.tuxfamily.org/dox-devel/group__TopicUnalignedArrayAssert.html" " **** READ THIS WEB PAGE !!! ****"
<end of output>
Test time =   0.09 sec
----------------------------------------------------------
Test Failed.
"test_GlobalFrameOrigin" end time: Oct 27 22:21 ?D1迆㊣那℅?那㊣??
"test_GlobalFrameOrigin" time elapsed: 00:00:00
----------------------------------------------------------

131/249 Testing: test_ForwardBackwardIntegration
131/249 Test: test_ForwardBackwardIntegration
Command: "D:/S/tudat/bin/unit_tests/test_ForwardBackwardIntegration.exe"
Directory: D:/S/debug/tudat/Tudat/Astrodynamics/Propagators
"test_ForwardBackwardIntegration" start time: Oct 27 22:21 ?D1迆㊣那℅?那㊣??
Output:
----------------------------------------------------------
Running 1 test case...
Assertion failed!

Program: D:\S\tudat\bin\unit_tests\test_ForwardBackwardIntegration.exe
File: D:/S/eigen/Eigen/src/Core/DenseStorage.h, Line 109

Expression: (internal::UIntPtr(eigen_unaligned_array_assert_workaround_gcc47(array)) & (15)) == 0 && "this assertion is explained here: " "http://eigen.tuxfamily.org/dox-devel/group__TopicUnalignedArrayAssert.html" " **** READ THIS WEB PAGE !!! ****"
<end of output>
Test time =   0.10 sec
----------------------------------------------------------
Test Failed.
"test_ForwardBackwardIntegration" end time: Oct 27 22:22 ?D1迆㊣那℅?那㊣??
"test_ForwardBackwardIntegration" time elapsed: 00:00:00
----------------------------------------------------------

132/249 Testing: test_ExactTermination
132/249 Test: test_ExactTermination
Command: "D:/S/tudat/bin/unit_tests/test_ExactTermination.exe"
Directory: D:/S/debug/tudat/Tudat/Astrodynamics/Propagators
"test_ExactTermination" start time: Oct 27 22:22 ?D1迆㊣那℅?那㊣??
Output:
----------------------------------------------------------
Running 1 test case...
0 0 0
Assertion failed!

Program: D:\S\tudat\bin\unit_tests\test_ExactTermination.exe
File: D:/S/eigen/Eigen/src/Core/DenseStorage.h, Line 109

Expression: (internal::UIntPtr(eigen_unaligned_array_assert_workaround_gcc47(array)) & (15)) == 0 && "this assertion is explained here: " "http://eigen.tuxfamily.org/dox-devel/group__TopicUnalignedArrayAssert.html" " **** READ THIS WEB PAGE !!! ****"
<end of output>
Test time =   0.08 sec
----------------------------------------------------------
Test Failed.
"test_ExactTermination" end time: Oct 27 22:22 ?D1迆㊣那℅?那㊣??
"test_ExactTermination" time elapsed: 00:00:00
----------------------------------------------------------

133/249 Testing: test_StateDerivativeRestrictedThreeBodyProblem
133/249 Test: test_StateDerivativeRestrictedThreeBodyProblem
Command: "D:/S/tudat/bin/unit_tests/test_StateDerivativeRestrictedThreeBodyProblem.exe"
Directory: D:/S/debug/tudat/Tudat/Astrodynamics/Propagators
"test_StateDerivativeRestrictedThreeBodyProblem" start time: Oct 27 22:22 ?D1迆㊣那℅?那㊣??
Output:
----------------------------------------------------------
Running 1 test case...

*** No errors detected
<end of output>
Test time =   0.01 sec
----------------------------------------------------------
Test Passed.
"test_StateDerivativeRestrictedThreeBodyProblem" end time: Oct 27 22:22 ?D1迆㊣那℅?那㊣??
"test_StateDerivativeRestrictedThreeBodyProblem" time elapsed: 00:00:00
----------------------------------------------------------

134/249 Testing: test_ShapiroTimeDelay
134/249 Test: test_ShapiroTimeDelay
Command: "D:/S/tudat/bin/unit_tests/test_ShapiroTimeDelay.exe"
Directory: D:/S/debug/tudat/Tudat/Astrodynamics/Relativity
"test_ShapiroTimeDelay" start time: Oct 27 22:22 ?D1迆㊣那℅?那㊣??
Output:
----------------------------------------------------------
Running 1 test case...

*** No errors detected
<end of output>
Test time =   0.01 sec
----------------------------------------------------------
Test Passed.
"test_ShapiroTimeDelay" end time: Oct 27 22:22 ?D1迆㊣那℅?那㊣??
"test_ShapiroTimeDelay" time elapsed: 00:00:00
----------------------------------------------------------

135/249 Testing: test_RelativisticAccelerationCorrection
135/249 Test: test_RelativisticAccelerationCorrection
Command: "D:/S/tudat/bin/unit_tests/test_RelativisticAccelerationCorrection.exe"
Directory: D:/S/debug/tudat/Tudat/Astrodynamics/Relativity
"test_RelativisticAccelerationCorrection" start time: Oct 27 22:22 ?D1迆㊣那℅?那㊣??
Output:
----------------------------------------------------------
Running 1 test case...
Assertion failed!

Program: D:\S\tudat\bin\unit_tests\test_RelativisticAccelerationCorrection.exe
File: D:/S/eigen/Eigen/src/Core/DenseStorage.h, Line 109

Expression: (internal::UIntPtr(eigen_unaligned_array_assert_workaround_gcc47(array)) & (15)) == 0 && "this assertion is explained here: " "http://eigen.tuxfamily.org/dox-devel/group__TopicUnalignedArrayAssert.html" " **** READ THIS WEB PAGE !!! ****"
<end of output>
Test time =   0.11 sec
----------------------------------------------------------
Test Failed.
"test_RelativisticAccelerationCorrection" end time: Oct 27 22:22 ?D1迆㊣那℅?那㊣??
"test_RelativisticAccelerationCorrection" time elapsed: 00:00:00
----------------------------------------------------------

136/249 Testing: test_CaptureLeg
136/249 Test: test_CaptureLeg
Command: "D:/S/tudat/bin/unit_tests/test_CaptureLeg.exe"
Directory: D:/S/debug/tudat/Tudat/Astrodynamics/TrajectoryDesign
"test_CaptureLeg" start time: Oct 27 22:22 ?D1迆㊣那℅?那㊣??
Output:
----------------------------------------------------------
Running 3 test cases...

*** No errors detected
<end of output>
Test time =   0.01 sec
----------------------------------------------------------
Test Passed.
"test_CaptureLeg" end time: Oct 27 22:22 ?D1迆㊣那℅?那㊣??
"test_CaptureLeg" time elapsed: 00:00:00
----------------------------------------------------------

137/249 Testing: test_DepartureLegMga
137/249 Test: test_DepartureLegMga
Command: "D:/S/tudat/bin/unit_tests/test_DepartureLegMga.exe"
Directory: D:/S/debug/tudat/Tudat/Astrodynamics/TrajectoryDesign
"test_DepartureLegMga" start time: Oct 27 22:22 ?D1迆㊣那℅?那㊣??
Output:
----------------------------------------------------------
Running 3 test cases...

*** No errors detected
<end of output>
Test time =   0.01 sec
----------------------------------------------------------
Test Passed.
"test_DepartureLegMga" end time: Oct 27 22:22 ?D1迆㊣那℅?那㊣??
"test_DepartureLegMga" time elapsed: 00:00:00
----------------------------------------------------------

138/249 Testing: test_DepartureLegMga1DsmPosition
138/249 Test: test_DepartureLegMga1DsmPosition
Command: "D:/S/tudat/bin/unit_tests/test_DepartureLegMga1DsmPosition.exe"
Directory: D:/S/debug/tudat/Tudat/Astrodynamics/TrajectoryDesign
"test_DepartureLegMga1DsmPosition" start time: Oct 27 22:22 ?D1迆㊣那℅?那㊣??
Output:
----------------------------------------------------------
Running 3 test cases...

*** No errors detected
<end of output>
Test time =   0.01 sec
----------------------------------------------------------
Test Passed.
"test_DepartureLegMga1DsmPosition" end time: Oct 27 22:22 ?D1迆㊣那℅?那㊣??
"test_DepartureLegMga1DsmPosition" time elapsed: 00:00:00
----------------------------------------------------------

139/249 Testing: test_DepartureLegMga1DsmVelocity
139/249 Test: test_DepartureLegMga1DsmVelocity
Command: "D:/S/tudat/bin/unit_tests/test_DepartureLegMga1DsmVelocity.exe"
Directory: D:/S/debug/tudat/Tudat/Astrodynamics/TrajectoryDesign
"test_DepartureLegMga1DsmVelocity" start time: Oct 27 22:22 ?D1迆㊣那℅?那㊣??
Output:
----------------------------------------------------------
Running 3 test cases...

*** No errors detected
<end of output>
Test time =   0.01 sec
----------------------------------------------------------
Test Passed.
"test_DepartureLegMga1DsmVelocity" end time: Oct 27 22:22 ?D1迆㊣那℅?那㊣??
"test_DepartureLegMga1DsmVelocity" time elapsed: 00:00:00
----------------------------------------------------------

140/249 Testing: test_SwingbyLegMga
140/249 Test: test_SwingbyLegMga
Command: "D:/S/tudat/bin/unit_tests/test_SwingbyLegMga.exe"
Directory: D:/S/debug/tudat/Tudat/Astrodynamics/TrajectoryDesign
"test_SwingbyLegMga" start time: Oct 27 22:22 ?D1迆㊣那℅?那㊣??
Output:
----------------------------------------------------------
Running 3 test cases...

*** No errors detected
<end of output>
Test time =   0.01 sec
----------------------------------------------------------
Test Passed.
"test_SwingbyLegMga" end time: Oct 27 22:22 ?D1迆㊣那℅?那㊣??
"test_SwingbyLegMga" time elapsed: 00:00:00
----------------------------------------------------------

141/249 Testing: test_SwingbyLegMga1DsmPosition
141/249 Test: test_SwingbyLegMga1DsmPosition
Command: "D:/S/tudat/bin/unit_tests/test_SwingbyLegMga1DsmPosition.exe"
Directory: D:/S/debug/tudat/Tudat/Astrodynamics/TrajectoryDesign
"test_SwingbyLegMga1DsmPosition" start time: Oct 27 22:22 ?D1迆㊣那℅?那㊣??
Output:
----------------------------------------------------------
Running 3 test cases...

*** No errors detected
<end of output>
Test time =   0.01 sec
----------------------------------------------------------
Test Passed.
"test_SwingbyLegMga1DsmPosition" end time: Oct 27 22:22 ?D1迆㊣那℅?那㊣??
"test_SwingbyLegMga1DsmPosition" time elapsed: 00:00:00
----------------------------------------------------------

142/249 Testing: test_SwingbyLegMga1DsmVelocity
142/249 Test: test_SwingbyLegMga1DsmVelocity
Command: "D:/S/tudat/bin/unit_tests/test_SwingbyLegMga1DsmVelocity.exe"
Directory: D:/S/debug/tudat/Tudat/Astrodynamics/TrajectoryDesign
"test_SwingbyLegMga1DsmVelocity" start time: Oct 27 22:22 ?D1迆㊣那℅?那㊣??
Output:
----------------------------------------------------------
Running 4 test cases...

*** No errors detected
<end of output>
Test time =   0.01 sec
----------------------------------------------------------
Test Passed.
"test_SwingbyLegMga1DsmVelocity" end time: Oct 27 22:22 ?D1迆㊣那℅?那㊣??
"test_SwingbyLegMga1DsmVelocity" time elapsed: 00:00:00
----------------------------------------------------------

143/249 Testing: test_Trajectory
143/249 Test: test_Trajectory
Command: "D:/S/tudat/bin/unit_tests/test_Trajectory.exe"
Directory: D:/S/debug/tudat/Tudat/Astrodynamics/TrajectoryDesign
"test_Trajectory" start time: Oct 27 22:22 ?D1迆㊣那℅?那㊣??
Output:
----------------------------------------------------------
Running 5 test cases...
Assertion failed!

Program: D:\S\tudat\bin\unit_tests\test_Trajectory.exe
File: D:/S/eigen/Eigen/src/Core/DenseStorage.h, Line 109

Expression: (internal::UIntPtr(eigen_unaligned_array_assert_workaround_gcc47(array)) & (15)) == 0 && "this assertion is explained here: " "http://eigen.tuxfamily.org/dox-devel/group__TopicUnalignedArrayAssert.html" " **** READ THIS WEB PAGE !!! ****"
<end of output>
Test time =   0.01 sec
----------------------------------------------------------
Test Failed.
"test_Trajectory" end time: Oct 27 22:22 ?D1迆㊣那℅?那㊣??
"test_Trajectory" time elapsed: 00:00:00
----------------------------------------------------------

144/249 Testing: test_ThrustAcceleration
144/249 Test: test_ThrustAcceleration
Command: "D:/S/tudat/bin/unit_tests/test_ThrustAcceleration.exe"
Directory: D:/S/debug/tudat/Tudat/Astrodynamics/Propulsion
"test_ThrustAcceleration" start time: Oct 27 22:22 ?D1迆㊣那℅?那㊣??
Output:
----------------------------------------------------------
Running 9 test cases...
Assertion failed!

Program: D:\S\tudat\bin\unit_tests\test_ThrustAcceleration.exe
File: D:/S/eigen/Eigen/src/Core/DenseStorage.h, Line 109

Expression: (internal::UIntPtr(eigen_unaligned_array_assert_workaround_gcc47(array)) & (15)) == 0 && "this assertion is explained here: " "http://eigen.tuxfamily.org/dox-devel/group__TopicUnalignedArrayAssert.html" " **** READ THIS WEB PAGE !!! ****"
<end of output>
Test time =   1.11 sec
----------------------------------------------------------
Test Failed.
"test_ThrustAcceleration" end time: Oct 27 22:22 ?D1迆㊣那℅?那㊣??
"test_ThrustAcceleration" time elapsed: 00:00:01
----------------------------------------------------------

145/249 Testing: test_GroundStationState
145/249 Test: test_GroundStationState
Command: "D:/S/tudat/bin/unit_tests/test_GroundStationState.exe"
Directory: D:/S/debug/tudat/Tudat/Astrodynamics/GroundStations
"test_GroundStationState" start time: Oct 27 22:22 ?D1迆㊣那℅?那㊣??
Output:
----------------------------------------------------------
Running 2 test cases...
Assertion failed!

Program: D:\S\tudat\bin\unit_tests\test_GroundStationState.exe
File: D:/S/eigen/Eigen/src/Core/DenseStorage.h, Line 109

Expression: (internal::UIntPtr(eigen_unaligned_array_assert_workaround_gcc47(array)) & (15)) == 0 && "this assertion is explained here: " "http://eigen.tuxfamily.org/dox-devel/group__TopicUnalignedArrayAssert.html" " **** READ THIS WEB PAGE !!! ****"
<end of output>
Test time =   0.01 sec
----------------------------------------------------------
Test Failed.
"test_GroundStationState" end time: Oct 27 22:22 ?D1迆㊣那℅?那㊣??
"test_GroundStationState" time elapsed: 00:00:00
----------------------------------------------------------

146/249 Testing: test_PointingAnglesCalculator
146/249 Test: test_PointingAnglesCalculator
Command: "D:/S/tudat/bin/unit_tests/test_PointingAnglesCalculator.exe"
Directory: D:/S/debug/tudat/Tudat/Astrodynamics/GroundStations
"test_PointingAnglesCalculator" start time: Oct 27 22:22 ?D1迆㊣那℅?那㊣??
Output:
----------------------------------------------------------
Running 1 test case...
Assertion failed!

Program: D:\S\tudat\bin\unit_tests\test_PointingAnglesCalculator.exe
File: D:/S/eigen/Eigen/src/Core/DenseStorage.h, Line 109

Expression: (internal::UIntPtr(eigen_unaligned_array_assert_workaround_gcc47(array)) & (15)) == 0 && "this assertion is explained here: " "http://eigen.tuxfamily.org/dox-devel/group__TopicUnalignedArrayAssert.html" " **** READ THIS WEB PAGE !!! ****"
<end of output>
Test time =   0.01 sec
----------------------------------------------------------
Test Failed.
"test_PointingAnglesCalculator" end time: Oct 27 22:22 ?D1迆㊣那℅?那㊣??
"test_PointingAnglesCalculator" time elapsed: 00:00:00
----------------------------------------------------------

147/249 Testing: test_EarthOrientationCalculator
147/249 Test: test_EarthOrientationCalculator
Command: "D:/S/tudat/bin/unit_tests/test_EarthOrientationCalculator.exe"
Directory: D:/S/debug/tudat/Tudat/Astrodynamics/EarthOrientation
"test_EarthOrientationCalculator" start time: Oct 27 22:22 ?D1迆㊣那℅?那㊣??
Output:
----------------------------------------------------------
Running 2 test cases...
Assertion failed!

Program: D:\S\tudat\bin\unit_tests\test_EarthOrientationCalculator.exe
File: D:/S/eigen/Eigen/src/Core/DenseStorage.h, Line 109

Expression: (internal::UIntPtr(eigen_unaligned_array_assert_workaround_gcc47(array)) & (15)) == 0 && "this assertion is explained here: " "http://eigen.tuxfamily.org/dox-devel/group__TopicUnalignedArrayAssert.html" " **** READ THIS WEB PAGE !!! ****"
<end of output>
Test time =   0.01 sec
----------------------------------------------------------
Test Failed.
"test_EarthOrientationCalculator" end time: Oct 27 22:22 ?D1迆㊣那℅?那㊣??
"test_EarthOrientationCalculator" time elapsed: 00:00:00
----------------------------------------------------------

148/249 Testing: test_EopReader
148/249 Test: test_EopReader
Command: "D:/S/tudat/bin/unit_tests/test_EopReader.exe"
Directory: D:/S/debug/tudat/Tudat/Astrodynamics/EarthOrientation
"test_EopReader" start time: Oct 27 22:22 ?D1迆㊣那℅?那㊣??
Output:
----------------------------------------------------------
Running 2 test cases...
Assertion failed!

Program: D:\S\tudat\bin\unit_tests\test_EopReader.exe
File: D:/S/eigen/Eigen/src/Core/DenseStorage.h, Line 109

Expression: (internal::UIntPtr(eigen_unaligned_array_assert_workaround_gcc47(array)) & (15)) == 0 && "this assertion is explained here: " "http://eigen.tuxfamily.org/dox-devel/group__TopicUnalignedArrayAssert.html" " **** READ THIS WEB PAGE !!! ****"
<end of output>
Test time =   0.02 sec
----------------------------------------------------------
Test Failed.
"test_EopReader" end time: Oct 27 22:22 ?D1迆㊣那℅?那㊣??
"test_EopReader" time elapsed: 00:00:00
----------------------------------------------------------

149/249 Testing: test_PolarMotion
149/249 Test: test_PolarMotion
Command: "D:/S/tudat/bin/unit_tests/test_PolarMotion.exe"
Directory: D:/S/debug/tudat/Tudat/Astrodynamics/EarthOrientation
"test_PolarMotion" start time: Oct 27 22:22 ?D1迆㊣那℅?那㊣??
Output:
----------------------------------------------------------
Running 1 test case...
Assertion failed!

Program: D:\S\tudat\bin\unit_tests\test_PolarMotion.exe
File: D:/S/eigen/Eigen/src/Core/DenseStorage.h, Line 109

Expression: (internal::UIntPtr(eigen_unaligned_array_assert_workaround_gcc47(array)) & (15)) == 0 && "this assertion is explained here: " "http://eigen.tuxfamily.org/dox-devel/group__TopicUnalignedArrayAssert.html" " **** READ THIS WEB PAGE !!! ****"
<end of output>
Test time =   0.01 sec
----------------------------------------------------------
Test Failed.
"test_PolarMotion" end time: Oct 27 22:22 ?D1迆㊣那℅?那㊣??
"test_PolarMotion" time elapsed: 00:00:00
----------------------------------------------------------

150/249 Testing: test_TimeScaleConverter
150/249 Test: test_TimeScaleConverter
Command: "D:/S/tudat/bin/unit_tests/test_TimeScaleConverter.exe"
Directory: D:/S/debug/tudat/Tudat/Astrodynamics/EarthOrientation
"test_TimeScaleConverter" start time: Oct 27 22:22 ?D1迆㊣那℅?那㊣??
Output:
----------------------------------------------------------
Running 3 test cases...
Assertion failed!

Program: D:\S\tudat\bin\unit_tests\test_TimeScaleConverter.exe
File: D:/S/eigen/Eigen/src/Core/DenseStorage.h, Line 109

Expression: (internal::UIntPtr(eigen_unaligned_array_assert_workaround_gcc47(array)) & (15)) == 0 && "this assertion is explained here: " "http://eigen.tuxfamily.org/dox-devel/group__TopicUnalignedArrayAssert.html" " **** READ THIS WEB PAGE !!! ****"
<end of output>
Test time =   0.01 sec
----------------------------------------------------------
Test Failed.
"test_TimeScaleConverter" end time: Oct 27 22:22 ?D1迆㊣那℅?那㊣??
"test_TimeScaleConverter" time elapsed: 00:00:00
----------------------------------------------------------

151/249 Testing: test_ShortPeriodEopCorrections
151/249 Test: test_ShortPeriodEopCorrections
Command: "D:/S/tudat/bin/unit_tests/test_ShortPeriodEopCorrections.exe"
Directory: D:/S/debug/tudat/Tudat/Astrodynamics/EarthOrientation
"test_ShortPeriodEopCorrections" start time: Oct 27 22:22 ?D1迆㊣那℅?那㊣??
Output:
----------------------------------------------------------
Running 6 test cases...

*** No errors detected
<end of output>
Test time =   0.03 sec
----------------------------------------------------------
Test Passed.
"test_ShortPeriodEopCorrections" end time: Oct 27 22:22 ?D1迆㊣那℅?那㊣??
"test_ShortPeriodEopCorrections" time elapsed: 00:00:00
----------------------------------------------------------

152/249 Testing: test_TimeTypes
152/249 Test: test_TimeTypes
Command: "D:/S/tudat/bin/unit_tests/test_TimeTypes.exe"
Directory: D:/S/debug/tudat/Tudat/Basics
"test_TimeTypes" start time: Oct 27 22:22 ?D1迆㊣那℅?那㊣??
Output:
----------------------------------------------------------
Running 4 test cases...

*** No errors detected
<end of output>
Test time =   0.01 sec
----------------------------------------------------------
Test Passed.
"test_TimeTypes" end time: Oct 27 22:22 ?D1迆㊣那℅?那㊣??
"test_TimeTypes" time elapsed: 00:00:00
----------------------------------------------------------

153/249 Testing: test_TudatTypeTraits
153/249 Test: test_TudatTypeTraits
Command: "D:/S/tudat/bin/unit_tests/test_TudatTypeTraits.exe"
Directory: D:/S/debug/tudat/Tudat/Basics
"test_TudatTypeTraits" start time: Oct 27 22:22 ?D1迆㊣那℅?那㊣??
Output:
----------------------------------------------------------
Running 1 test case...

*** No errors detected
<end of output>
Test time =   0.01 sec
----------------------------------------------------------
Test Passed.
"test_TudatTypeTraits" end time: Oct 27 22:22 ?D1迆㊣那℅?那㊣??
"test_TudatTypeTraits" time elapsed: 00:00:00
----------------------------------------------------------

154/249 Testing: test_MapTextFileReader
154/249 Test: test_MapTextFileReader
Command: "D:/S/tudat/bin/unit_tests/test_MapTextFileReader.exe"
Directory: D:/S/debug/tudat/Tudat/InputOutput
"test_MapTextFileReader" start time: Oct 27 22:22 ?D1迆㊣那℅?那㊣??
Output:
----------------------------------------------------------
Running 1 test case...

*** No errors detected
<end of output>
Test time =   0.01 sec
----------------------------------------------------------
Test Passed.
"test_MapTextFileReader" end time: Oct 27 22:22 ?D1迆㊣那℅?那㊣??
"test_MapTextFileReader" time elapsed: 00:00:00
----------------------------------------------------------

155/249 Testing: test_MatrixTextFileReader
155/249 Test: test_MatrixTextFileReader
Command: "D:/S/tudat/bin/unit_tests/test_MatrixTextFileReader.exe"
Directory: D:/S/debug/tudat/Tudat/InputOutput
"test_MatrixTextFileReader" start time: Oct 27 22:22 ?D1迆㊣那℅?那㊣??
Output:
----------------------------------------------------------
Running 1 test case...

*** No errors detected
<end of output>
Test time =   0.02 sec
----------------------------------------------------------
Test Passed.
"test_MatrixTextFileReader" end time: Oct 27 22:22 ?D1迆㊣那℅?那㊣??
"test_MatrixTextFileReader" time elapsed: 00:00:00
----------------------------------------------------------

156/249 Testing: test_StreamFilters
156/249 Test: test_StreamFilters
Command: "D:/S/tudat/bin/unit_tests/test_StreamFilters.exe"
Directory: D:/S/debug/tudat/Tudat/InputOutput
"test_StreamFilters" start time: Oct 27 22:22 ?D1迆㊣那℅?那㊣??
Output:
----------------------------------------------------------
Running 8 test cases...

*** No errors detected
<end of output>
Test time =   0.01 sec
----------------------------------------------------------
Test Passed.
"test_StreamFilters" end time: Oct 27 22:22 ?D1迆㊣那℅?那㊣??
"test_StreamFilters" time elapsed: 00:00:00
----------------------------------------------------------

157/249 Testing: test_TwoLineElementsTextFileReader
157/249 Test: test_TwoLineElementsTextFileReader
Command: "D:/S/tudat/bin/unit_tests/test_TwoLineElementsTextFileReader.exe"
Directory: D:/S/debug/tudat/Tudat/InputOutput
"test_TwoLineElementsTextFileReader" start time: Oct 27 22:22 ?D1迆㊣那℅?那㊣??
Output:
----------------------------------------------------------
Running 2 test cases...
Assertion failed!

Program: D:\S\tudat\bin\unit_tests\test_TwoLineElementsTextFileReader.exe
File: D:/S/eigen/Eigen/src/Core/DenseStorage.h, Line 109

Expression: (internal::UIntPtr(eigen_unaligned_array_assert_workaround_gcc47(array)) & (15)) == 0 && "this assertion is explained here: " "http://eigen.tuxfamily.org/dox-devel/group__TopicUnalignedArrayAssert.html" " **** READ THIS WEB PAGE !!! ****"
<end of output>
Test time =   0.01 sec
----------------------------------------------------------
Test Failed.
"test_TwoLineElementsTextFileReader" end time: Oct 27 22:22 ?D1迆㊣那℅?那㊣??
"test_TwoLineElementsTextFileReader" time elapsed: 00:00:00
----------------------------------------------------------

158/249 Testing: test_BasicInputOutput
158/249 Test: test_BasicInputOutput
Command: "D:/S/tudat/bin/unit_tests/test_BasicInputOutput.exe"
Directory: D:/S/debug/tudat/Tudat/InputOutput
"test_BasicInputOutput" start time: Oct 27 22:22 ?D1迆㊣那℅?那㊣??
Output:
----------------------------------------------------------
Running 4 test cases...

*** No errors detected
<end of output>
Test time =   0.03 sec
----------------------------------------------------------
Test Passed.
"test_BasicInputOutput" end time: Oct 27 22:22 ?D1迆㊣那℅?那㊣??
"test_BasicInputOutput" time elapsed: 00:00:00
----------------------------------------------------------

159/249 Testing: test_ParsedDataVectorUtilities
159/249 Test: test_ParsedDataVectorUtilities
Command: "D:/S/tudat/bin/unit_tests/test_ParsedDataVectorUtilities.exe"
Directory: D:/S/debug/tudat/Tudat/InputOutput
"test_ParsedDataVectorUtilities" start time: Oct 27 22:22 ?D1迆㊣那℅?那㊣??
Output:
----------------------------------------------------------
Running 3 test cases...

*** No errors detected
<end of output>
Test time =   0.01 sec
----------------------------------------------------------
Test Passed.
"test_ParsedDataVectorUtilities" end time: Oct 27 22:22 ?D1迆㊣那℅?那㊣??
"test_ParsedDataVectorUtilities" time elapsed: 00:00:00
----------------------------------------------------------

160/249 Testing: test_FieldValue
160/249 Test: test_FieldValue
Command: "D:/S/tudat/bin/unit_tests/test_FieldValue.exe"
Directory: D:/S/debug/tudat/Tudat/InputOutput
"test_FieldValue" start time: Oct 27 22:22 ?D1迆㊣那℅?那㊣??
Output:
----------------------------------------------------------
Running 5 test cases...

*** No errors detected
<end of output>
Test time =   0.01 sec
----------------------------------------------------------
Test Passed.
"test_FieldValue" end time: Oct 27 22:22 ?D1迆㊣那℅?那㊣??
"test_FieldValue" time elapsed: 00:00:00
----------------------------------------------------------

161/249 Testing: test_TextParser
161/249 Test: test_TextParser
Command: "D:/S/tudat/bin/unit_tests/test_TextParser.exe"
Directory: D:/S/debug/tudat/Tudat/InputOutput
"test_TextParser" start time: Oct 27 22:22 ?D1迆㊣那℅?那㊣??
Output:
----------------------------------------------------------
Running 2 test cases...

*** No errors detected
<end of output>
Test time =   0.01 sec
----------------------------------------------------------
Test Passed.
"test_TextParser" end time: Oct 27 22:22 ?D1迆㊣那℅?那㊣??
"test_TextParser" time elapsed: 00:00:00
----------------------------------------------------------

162/249 Testing: test_MissileDatcomReader
162/249 Test: test_MissileDatcomReader
Command: "D:/S/tudat/bin/unit_tests/test_MissileDatcomReader.exe"
Directory: D:/S/debug/tudat/Tudat/InputOutput
"test_MissileDatcomReader" start time: Oct 27 22:22 ?D1迆㊣那℅?那㊣??
Output:
----------------------------------------------------------
Running 1 test case...

*** No errors detected
<end of output>
Test time =   0.02 sec
----------------------------------------------------------
Test Passed.
"test_MissileDatcomReader" end time: Oct 27 22:22 ?D1迆㊣那℅?那㊣??
"test_MissileDatcomReader" time elapsed: 00:00:00
----------------------------------------------------------

163/249 Testing: test_MissileDatcomData
163/249 Test: test_MissileDatcomData
Command: "D:/S/tudat/bin/unit_tests/test_MissileDatcomData.exe"
Directory: D:/S/debug/tudat/Tudat/InputOutput
"test_MissileDatcomData" start time: Oct 27 22:22 ?D1迆㊣那℅?那㊣??
Output:
----------------------------------------------------------
Running 1 test case...

*** No errors detected
<end of output>
Test time =   0.04 sec
----------------------------------------------------------
Test Passed.
"test_MissileDatcomData" end time: Oct 27 22:22 ?D1迆㊣那℅?那㊣??
"test_MissileDatcomData" time elapsed: 00:00:00
----------------------------------------------------------

164/249 Testing: test_DictionaryInputSystem
164/249 Test: test_DictionaryInputSystem
Command: "D:/S/tudat/bin/unit_tests/test_DictionaryInputSystem.exe"
Directory: D:/S/debug/tudat/Tudat/InputOutput
"test_DictionaryInputSystem" start time: Oct 27 22:22 ?D1迆㊣那℅?那㊣??
Output:
----------------------------------------------------------
Running 1 test case...

*** No errors detected
<end of output>
Test time =   0.01 sec
----------------------------------------------------------
Test Passed.
"test_DictionaryInputSystem" end time: Oct 27 22:22 ?D1迆㊣那℅?那㊣??
"test_DictionaryInputSystem" time elapsed: 00:00:00
----------------------------------------------------------

165/249 Testing: test_Extractor
165/249 Test: test_Extractor
Command: "D:/S/tudat/bin/unit_tests/test_Extractor.exe"
Directory: D:/S/debug/tudat/Tudat/InputOutput
"test_Extractor" start time: Oct 27 22:22 ?D1迆㊣那℅?那㊣??
Output:
----------------------------------------------------------
Running 3 test cases...

*** No errors detected
<end of output>
Test time =   0.01 sec
----------------------------------------------------------
Test Passed.
"test_Extractor" end time: Oct 27 22:22 ?D1迆㊣那℅?那㊣??
"test_Extractor" time elapsed: 00:00:00
----------------------------------------------------------

166/249 Testing: test_FixedWidthParser
166/249 Test: test_FixedWidthParser
Command: "D:/S/tudat/bin/unit_tests/test_FixedWidthParser.exe"
Directory: D:/S/debug/tudat/Tudat/InputOutput
"test_FixedWidthParser" start time: Oct 27 22:22 ?D1迆㊣那℅?那㊣??
Output:
----------------------------------------------------------
Running 2 test cases...

*** No errors detected
<end of output>
Test time =   0.01 sec
----------------------------------------------------------
Test Passed.
"test_FixedWidthParser" end time: Oct 27 22:22 ?D1迆㊣那℅?那㊣??
"test_FixedWidthParser" time elapsed: 00:00:00
----------------------------------------------------------

167/249 Testing: test_SeparatedParser
167/249 Test: test_SeparatedParser
Command: "D:/S/tudat/bin/unit_tests/test_SeparatedParser.exe"
Directory: D:/S/debug/tudat/Tudat/InputOutput
"test_SeparatedParser" start time: Oct 27 22:22 ?D1迆㊣那℅?那㊣??
Output:
----------------------------------------------------------
Running 4 test cases...

*** No errors detected
<end of output>
Test time =   0.01 sec
----------------------------------------------------------
Test Passed.
"test_SeparatedParser" end time: Oct 27 22:22 ?D1迆㊣那℅?那㊣??
"test_SeparatedParser" time elapsed: 00:00:00
----------------------------------------------------------

168/249 Testing: test_LinearFieldTransform
168/249 Test: test_LinearFieldTransform
Command: "D:/S/tudat/bin/unit_tests/test_LinearFieldTransform.exe"
Directory: D:/S/debug/tudat/Tudat/InputOutput
"test_LinearFieldTransform" start time: Oct 27 22:22 ?D1迆㊣那℅?那㊣??
Output:
----------------------------------------------------------
Running 4 test cases...

*** No errors detected
<end of output>
Test time =   0.03 sec
----------------------------------------------------------
Test Passed.
"test_LinearFieldTransform" end time: Oct 27 22:22 ?D1迆㊣那℅?那㊣??
"test_LinearFieldTransform" time elapsed: 00:00:00
----------------------------------------------------------

169/249 Testing: test_SolarActivityData
169/249 Test: test_SolarActivityData
Command: "D:/S/tudat/bin/unit_tests/test_SolarActivityData.exe"
Directory: D:/S/debug/tudat/Tudat/InputOutput
"test_SolarActivityData" start time: Oct 27 22:22 ?D1迆㊣那℅?那㊣??
Output:
----------------------------------------------------------
Running 2 test cases...

*** No errors detected
<end of output>
Test time =   2.70 sec
----------------------------------------------------------
Test Passed.
"test_SolarActivityData" end time: Oct 27 22:22 ?D1迆㊣那℅?那㊣??
"test_SolarActivityData" time elapsed: 00:00:02
----------------------------------------------------------

170/249 Testing: test_MultiArrayReader
170/249 Test: test_MultiArrayReader
Command: "D:/S/tudat/bin/unit_tests/test_MultiArrayReader.exe"
Directory: D:/S/debug/tudat/Tudat/InputOutput
"test_MultiArrayReader" start time: Oct 27 22:22 ?D1迆㊣那℅?那㊣??
Output:
----------------------------------------------------------
Running 1 test case...

*** No errors detected
<end of output>
Test time =   0.02 sec
----------------------------------------------------------
Test Passed.
"test_MultiArrayReader" end time: Oct 27 22:22 ?D1迆㊣那℅?那㊣??
"test_MultiArrayReader" time elapsed: 00:00:00
----------------------------------------------------------

171/249 Testing: test_MultiArrayWriter
171/249 Test: test_MultiArrayWriter
Command: "D:/S/tudat/bin/unit_tests/test_MultiArrayWriter.exe"
Directory: D:/S/debug/tudat/Tudat/InputOutput
"test_MultiArrayWriter" start time: Oct 27 22:22 ?D1迆㊣那℅?那㊣??
Output:
----------------------------------------------------------
Running 2 test cases...

*** No errors detected
<end of output>
Test time =   0.04 sec
----------------------------------------------------------
Test Passed.
"test_MultiArrayWriter" end time: Oct 27 22:22 ?D1迆㊣那℅?那㊣??
"test_MultiArrayWriter" time elapsed: 00:00:00
----------------------------------------------------------

172/249 Testing: test_AerodynamicCoefficientReader
172/249 Test: test_AerodynamicCoefficientReader
Command: "D:/S/tudat/bin/unit_tests/test_AerodynamicCoefficientReader.exe"
Directory: D:/S/debug/tudat/Tudat/InputOutput
"test_AerodynamicCoefficientReader" start time: Oct 27 22:22 ?D1迆㊣那℅?那㊣??
Output:
----------------------------------------------------------
Running 1 test case...

*** No errors detected
<end of output>
Test time =   0.02 sec
----------------------------------------------------------
Test Passed.
"test_AerodynamicCoefficientReader" end time: Oct 27 22:22 ?D1迆㊣那℅?那㊣??
"test_AerodynamicCoefficientReader" time elapsed: 00:00:00
----------------------------------------------------------

173/249 Testing: test_MathematicalConstants
173/249 Test: test_MathematicalConstants
Command: "D:/S/tudat/bin/unit_tests/test_MathematicalConstants.exe"
Directory: D:/S/debug/tudat/Tudat/Mathematics/BasicMathematics
"test_MathematicalConstants" start time: Oct 27 22:22 ?D1迆㊣那℅?那㊣??
Output:
----------------------------------------------------------
Running 5 test cases...

*** No errors detected
<end of output>
Test time =   0.01 sec
----------------------------------------------------------
Test Passed.
"test_MathematicalConstants" end time: Oct 27 22:22 ?D1迆㊣那℅?那㊣??
"test_MathematicalConstants" time elapsed: 00:00:00
----------------------------------------------------------

174/249 Testing: test_LinearAlgebra
174/249 Test: test_LinearAlgebra
Command: "D:/S/tudat/bin/unit_tests/test_LinearAlgebra.exe"
Directory: D:/S/debug/tudat/Tudat/Mathematics/BasicMathematics
"test_LinearAlgebra" start time: Oct 27 22:22 ?D1迆㊣那℅?那㊣??
Output:
----------------------------------------------------------
Running 3 test cases...

*** No errors detected
<end of output>
Test time =   0.01 sec
----------------------------------------------------------
Test Passed.
"test_LinearAlgebra" end time: Oct 27 22:22 ?D1迆㊣那℅?那㊣??
"test_LinearAlgebra" time elapsed: 00:00:00
----------------------------------------------------------

175/249 Testing: test_CoordinateConversions
175/249 Test: test_CoordinateConversions
Command: "D:/S/tudat/bin/unit_tests/test_CoordinateConversions.exe"
Directory: D:/S/debug/tudat/Tudat/Mathematics/BasicMathematics
"test_CoordinateConversions" start time: Oct 27 22:22 ?D1迆㊣那℅?那㊣??
Output:
----------------------------------------------------------
Running 10 test cases...

*** No errors detected
<end of output>
Test time =   0.01 sec
----------------------------------------------------------
Test Passed.
"test_CoordinateConversions" end time: Oct 27 22:22 ?D1迆㊣那℅?那㊣??
"test_CoordinateConversions" time elapsed: 00:00:00
----------------------------------------------------------

176/249 Testing: test_NearestNeighbourSearch
176/249 Test: test_NearestNeighbourSearch
Command: "D:/S/tudat/bin/unit_tests/test_NearestNeighbourSearch.exe"
Directory: D:/S/debug/tudat/Tudat/Mathematics/BasicMathematics
"test_NearestNeighbourSearch" start time: Oct 27 22:22 ?D1迆㊣那℅?那㊣??
Output:
----------------------------------------------------------
Running 1 test case...

*** No errors detected
<end of output>
Test time =   0.01 sec
----------------------------------------------------------
Test Passed.
"test_NearestNeighbourSearch" end time: Oct 27 22:22 ?D1迆㊣那℅?那㊣??
"test_NearestNeighbourSearch" time elapsed: 00:00:00
----------------------------------------------------------

177/249 Testing: test_NumericalDerivative
177/249 Test: test_NumericalDerivative
Command: "D:/S/tudat/bin/unit_tests/test_NumericalDerivative.exe"
Directory: D:/S/debug/tudat/Tudat/Mathematics/BasicMathematics
"test_NumericalDerivative" start time: Oct 27 22:22 ?D1迆㊣那℅?那㊣??
Output:
----------------------------------------------------------
Running 1 test case...

*** No errors detected
<end of output>
Test time =   0.01 sec
----------------------------------------------------------
Test Passed.
"test_NumericalDerivative" end time: Oct 27 22:22 ?D1迆㊣那℅?那㊣??
"test_NumericalDerivative" time elapsed: 00:00:00
----------------------------------------------------------

178/249 Testing: test_LegendrePolynomials
178/249 Test: test_LegendrePolynomials
Command: "D:/S/tudat/bin/unit_tests/test_LegendrePolynomials.exe"
Directory: D:/S/debug/tudat/Tudat/Mathematics/BasicMathematics
"test_LegendrePolynomials" start time: Oct 27 22:22 ?D1迆㊣那℅?那㊣??
Output:
----------------------------------------------------------
Running 4 test cases...

*** No errors detected
<end of output>
Test time =   0.01 sec
----------------------------------------------------------
Test Passed.
"test_LegendrePolynomials" end time: Oct 27 22:22 ?D1迆㊣那℅?那㊣??
"test_LegendrePolynomials" time elapsed: 00:00:00
----------------------------------------------------------

179/249 Testing: test_SphericalHarmonics
179/249 Test: test_SphericalHarmonics
Command: "D:/S/tudat/bin/unit_tests/test_SphericalHarmonics.exe"
Directory: D:/S/debug/tudat/Tudat/Mathematics/BasicMathematics
"test_SphericalHarmonics" start time: Oct 27 22:22 ?D1迆㊣那℅?那㊣??
Output:
----------------------------------------------------------
Running 1 test case...

*** No errors detected
<end of output>
Test time =   0.01 sec
----------------------------------------------------------
Test Passed.
"test_SphericalHarmonics" end time: Oct 27 22:22 ?D1迆㊣那℅?那㊣??
"test_SphericalHarmonics" time elapsed: 00:00:00
----------------------------------------------------------

180/249 Testing: test_RotationAboutArbitraryAxis
180/249 Test: test_RotationAboutArbitraryAxis
Command: "D:/S/tudat/bin/unit_tests/test_RotationAboutArbitraryAxis.exe"
Directory: D:/S/debug/tudat/Tudat/Mathematics/BasicMathematics
"test_RotationAboutArbitraryAxis" start time: Oct 27 22:22 ?D1迆㊣那℅?那㊣??
Output:
----------------------------------------------------------
Running 5 test cases...

*** No errors detected
<end of output>
Test time =   0.01 sec
----------------------------------------------------------
Test Passed.
"test_RotationAboutArbitraryAxis" end time: Oct 27 22:22 ?D1迆㊣那℅?那㊣??
"test_RotationAboutArbitraryAxis" time elapsed: 00:00:00
----------------------------------------------------------

181/249 Testing: test_RotationPartials
181/249 Test: test_RotationPartials
Command: "D:/S/tudat/bin/unit_tests/test_RotationPartials.exe"
Directory: D:/S/debug/tudat/Tudat/Mathematics/BasicMathematics
"test_RotationPartials" start time: Oct 27 22:22 ?D1迆㊣那℅?那㊣??
Output:
----------------------------------------------------------
Running 3 test cases...
D:/S/tudat/Tudat/Mathematics/BasicMathematics/UnitTests/unitTestRotationPartials.cpp(273): error: in "test_rotation_partials/testEulerAnglePartials": absolute value of std::fabs( eulerAnglePartial( i, j ) - eulerAnglePartial2( i, j ) ){1.865174681370263e-014} exceeds 1e-014
D:/S/tudat/Tudat/Mathematics/BasicMathematics/UnitTests/unitTestRotationPartials.cpp(273): error: in "test_rotation_partials/testEulerAnglePartials": absolute value of std::fabs( eulerAnglePartial( i, j ) - eulerAnglePartial2( i, j ) ){1.865174681370263e-014} exceeds 1e-014

*** 2 failures are detected in the test module "Master Test Suite"
<end of output>
Test time =   0.01 sec
----------------------------------------------------------
Test Failed.
"test_RotationPartials" end time: Oct 27 22:22 ?D1迆㊣那℅?那㊣??
"test_RotationPartials" time elapsed: 00:00:00
----------------------------------------------------------

182/249 Testing: test_LawgsSurfaceGeometry
182/249 Test: test_LawgsSurfaceGeometry
Command: "D:/S/tudat/bin/unit_tests/test_LawgsSurfaceGeometry.exe"
Directory: D:/S/debug/tudat/Tudat/Mathematics/GeometricShapes
"test_LawgsSurfaceGeometry" start time: Oct 27 22:22 ?D1迆㊣那℅?那㊣??
Output:
----------------------------------------------------------
Running 1 test case...

*** No errors detected
<end of output>
Test time =   0.01 sec
----------------------------------------------------------
Test Passed.
"test_LawgsSurfaceGeometry" end time: Oct 27 22:22 ?D1迆㊣那℅?那㊣??
"test_LawgsSurfaceGeometry" time elapsed: 00:00:00
----------------------------------------------------------

183/249 Testing: test_CubicSplineInterpolator
183/249 Test: test_CubicSplineInterpolator
Command: "D:/S/tudat/bin/unit_tests/test_CubicSplineInterpolator.exe"
Directory: D:/S/debug/tudat/Tudat/Mathematics/Interpolators
"test_CubicSplineInterpolator" start time: Oct 27 22:22 ?D1迆㊣那℅?那㊣??
Output:
----------------------------------------------------------
Running 5 test cases...
Warning in interpolator, requesting data point outside of boundaries, requested data at -5 but limit values are -3 and 3, taking boundary value instead.
Warning in interpolator, requesting data point outside of boundaries, requested data at 5 but limit values are -3 and 3, taking boundary value instead.
Warning in interpolator, requesting data point outside of boundaries, requested data at -5 but limit values are -3 and 3, applying extrapolation instead.
Warning in interpolator, requesting data point outside of boundaries, requested data at 5 but limit values are -3 and 3, applying extrapolation instead.

*** No errors detected
<end of output>
Test time =   0.06 sec
----------------------------------------------------------
Test Passed.
"test_CubicSplineInterpolator" end time: Oct 27 22:22 ?D1迆㊣那℅?那㊣??
"test_CubicSplineInterpolator" time elapsed: 00:00:00
----------------------------------------------------------

184/249 Testing: test_HermiteCubicSplineInterpolator
184/249 Test: test_HermiteCubicSplineInterpolator
Command: "D:/S/tudat/bin/unit_tests/test_HermiteCubicSplineInterpolator.exe"
Directory: D:/S/debug/tudat/Tudat/Mathematics/Interpolators
"test_HermiteCubicSplineInterpolator" start time: Oct 27 22:22 ?D1迆㊣那℅?那㊣??
Output:
----------------------------------------------------------
Running 2 test cases...

*** No errors detected
<end of output>
Test time =   0.01 sec
----------------------------------------------------------
Test Passed.
"test_HermiteCubicSplineInterpolator" end time: Oct 27 22:22 ?D1迆㊣那℅?那㊣??
"test_HermiteCubicSplineInterpolator" time elapsed: 00:00:00
----------------------------------------------------------

185/249 Testing: test_LinearInterpolator
185/249 Test: test_LinearInterpolator
Command: "D:/S/tudat/bin/unit_tests/test_LinearInterpolator.exe"
Directory: D:/S/debug/tudat/Tudat/Mathematics/Interpolators
"test_LinearInterpolator" start time: Oct 27 22:22 ?D1迆㊣那℅?那㊣??
Output:
----------------------------------------------------------
Running 6 test cases...
Warning in interpolator, requesting data point outside of boundaries, requested data at -5 but limit values are -3 and 3, taking boundary value instead.
Warning in interpolator, requesting data point outside of boundaries, requested data at 5 but limit values are -3 and 3, taking boundary value instead.
Warning in interpolator, requesting data point outside of boundaries, requested data at -5 but limit values are -3 and 3, applying extrapolation instead.
Warning in interpolator, requesting data point outside of boundaries, requested data at 5 but limit values are -3 and 3, applying extrapolation instead.
Warning in interpolator, requesting data point outside of boundaries, requested data at -5 but limit values are -3 and 3, taking default value instead.
Warning in interpolator, requesting data point outside of boundaries, requested data at 5 but limit values are -3 and 3, taking default value instead.
Warning in interpolator, requesting data point outside of boundaries, requested data at -5 but limit values are -3 and 3, taking default value instead.
Warning in interpolator, requesting data point outside of boundaries, requested data at 5 but limit values are -3 and 3, taking default value instead.
Warning in interpolator, requesting data point outside of boundaries, requested data at -5 but limit values are -3 and 3, taking default value instead.
Warning in interpolator, requesting data point outside of boundaries, requested data at 5 but limit values are -3 and 3, taking default value instead.
Warning in interpolator, requesting data point outside of boundaries, requested data at -5 but limit values are -3 and 3, taking default value instead.
Warning in interpolator, requesting data point outside of boundaries, requested data at 5 but limit values are -3 and 3, taking default value instead.
Warning in interpolator, requesting data point outside of boundaries, requested data at -5 but limit values are -3 and 3, taking default value instead.
Warning in interpolator, requesting data point outside of boundaries, requested data at 5 but limit values are -3 and 3, taking default value instead.
Warning in interpolator, requesting data point outside of boundaries, requested data at -5 but limit values are -3 and 3, taking default value instead.
Warning in interpolator, requesting data point outside of boundaries, requested data at 5 but limit values are -3 and 3, taking default value instead.
Warning in interpolator, requesting data point outside of boundaries, requested data at -5 but limit values are -3 and 3, taking default value instead.
Warning in interpolator, requesting data point outside of boundaries, requested data at 5 but limit values are -3 and 3, taking default value instead.

*** No errors detected
<end of output>
Test time =   0.05 sec
----------------------------------------------------------
Test Passed.
"test_LinearInterpolator" end time: Oct 27 22:22 ?D1迆㊣那℅?那㊣??
"test_LinearInterpolator" time elapsed: 00:00:00
----------------------------------------------------------

186/249 Testing: test_MultiLinearInterpolator
186/249 Test: test_MultiLinearInterpolator
Command: "D:/S/tudat/bin/unit_tests/test_MultiLinearInterpolator.exe"
Directory: D:/S/debug/tudat/Tudat/Mathematics/Interpolators
"test_MultiLinearInterpolator" start time: Oct 27 22:22 ?D1迆㊣那℅?那㊣??
Output:
----------------------------------------------------------
Running 6 test cases...
Warning in interpolator, requesting data point outside of boundaries, requested data of dimension 0 at 1940.000000 but limit values are 1950.000000 and 1990.000000, taking boundary value instead.
Warning in interpolator, requesting data point outside of boundaries, requested data of dimension 0 at 2000.000000 but limit values are 1950.000000 and 1990.000000, taking boundary value instead.
Warning in interpolator, requesting data point outside of boundaries, requested data of dimension 1 at 7.500000 but limit values are 10.000000 and 30.000000, taking boundary value instead.
Warning in interpolator, requesting data point outside of boundaries, requested data of dimension 1 at 32.500000 but limit values are 10.000000 and 30.000000, taking boundary value instead.
Warning in interpolator, requesting data point outside of boundaries, requested data of dimension 0 at 1940.000000 but limit values are 1950.000000 and 1990.000000, taking boundary value instead.
Warning in interpolator, requesting data point outside of boundaries, requested data of dimension 1 at 32.500000 but limit values are 10.000000 and 30.000000, taking boundary value instead.
Warning in interpolator, requesting data point outside of boundaries, requested data of dimension 0 at 1940.000000 but limit values are 1950.000000 and 1990.000000, applying extrapolation instead.
Warning in interpolator, requesting data point outside of boundaries, requested data of dimension 0 at 2000.000000 but limit values are 1950.000000 and 1990.000000, applying extrapolation instead.
Warning in interpolator, requesting data point outside of boundaries, requested data of dimension 1 at 7.500000 but limit values are 10.000000 and 30.000000, applying extrapolation instead.
Warning in interpolator, requesting data point outside of boundaries, requested data of dimension 1 at 32.500000 but limit values are 10.000000 and 30.000000, applying extrapolation instead.
Warning in interpolator, requesting data point outside of boundaries, requested data of dimension 0 at 1940.000000 but limit values are 1950.000000 and 1990.000000, applying extrapolation instead.
Warning in interpolator, requesting data point outside of boundaries, requested data of dimension 1 at 32.500000 but limit values are 10.000000 and 30.000000, applying extrapolation instead.
Warning in interpolator, requesting data point outside of boundaries, requested data of dimension 0 at 1940.000000 but limit values are 1950.000000 and 1990.000000, taking default value instead.
Warning in interpolator, requesting data point outside of boundaries, requested data of dimension 0 at 2000.000000 but limit values are 1950.000000 and 1990.000000, taking default value instead.
Warning in interpolator, requesting data point outside of boundaries, requested data of dimension 1 at 7.500000 but limit values are 10.000000 and 30.000000, taking default value instead.
Warning in interpolator, requesting data point outside of boundaries, requested data of dimension 1 at 32.500000 but limit values are 10.000000 and 30.000000, taking default value instead.
Warning in interpolator, requesting data point outside of boundaries, requested data of dimension 0 at 1940.000000 but limit values are 1950.000000 and 1990.000000, taking default value instead.
Warning in interpolator, requesting data point outside of boundaries, requested data at -5 but limit values are -3 and 3, taking boundary value instead.
Warning in interpolator, requesting data point outside of boundaries, requested data of dimension 0 at -5.000000 but limit values are -3.000000 and 3.000000, taking boundary value instead.
Warning in interpolator, requesting data point outside of boundaries, requested data at 5 but limit values are -3 and 3, taking boundary value instead.
Warning in interpolator, requesting data point outside of boundaries, requested data of dimension 0 at 5.000000 but limit values are -3.000000 and 3.000000, taking boundary value instead.
Warning in interpolator, requesting data point outside of boundaries, requested data at -5 but limit values are -3 and 3, applying extrapolation instead.
Warning in interpolator, requesting data point outside of boundaries, requested data of dimension 0 at -5.000000 but limit values are -3.000000 and 3.000000, applying extrapolation instead.
Warning in interpolator, requesting data point outside of boundaries, requested data at 5 but limit values are -3 and 3, applying extrapolation instead.
Warning in interpolator, requesting data point outside of boundaries, requested data of dimension 0 at 5.000000 but limit values are -3.000000 and 3.000000, applying extrapolation instead.
Warning in interpolator, requesting data point outside of boundaries, requested data of dimension 0 at 1940.000000 but limit values are 1950.000000 and 1990.000000, taking default value instead.
Warning in interpolator, requesting data point outside of boundaries, requested data of dimension 0 at 1940.000000 but limit values are 1950.000000 and 1990.000000, taking default value instead.
Warning in interpolator, requesting data point outside of boundaries, requested data of dimension 0 at 1940.000000 but limit values are 1950.000000 and 1990.000000, taking default value instead.
Warning in interpolator, requesting data point outside of boundaries, requested data of dimension 0 at 1940.000000 but limit values are 1950.000000 and 1990.000000, taking default value instead.
Warning in interpolator, requesting data point outside of boundaries, requested data of dimension 0 at 1940.000000 but limit values are 1950.000000 and 1990.000000, taking default value instead.
Warning in interpolator, requesting data point outside of boundaries, requested data of dimension 0 at 1940.000000 but limit values are 1950.000000 and 1990.000000, taking default value instead.
Warning in interpolator, requesting data point outside of boundaries, requested data of dimension 0 at 1940.000000 but limit values are 1950.000000 and 1990.000000, taking default value instead.
Warning in interpolator, requesting data point outside of boundaries, requested data of dimension 0 at 1940.000000 but limit values are 1950.000000 and 1990.000000, taking default value instead.
Warning in interpolator, requesting data point outside of boundaries, requested data of dimension 0 at 1940.000000 but limit values are 1950.000000 and 1990.000000, taking default value instead.
Warning in interpolator, requesting data point outside of boundaries, requested data of dimension 0 at 1940.000000 but limit values are 1950.000000 and 1990.000000, taking default value instead.
Warning in interpolator, requesting data point outside of boundaries, requested data of dimension 0 at 1940.000000 but limit values are 1950.000000 and 1990.000000, taking default value instead.
Warning in interpolator, requesting data point outside of boundaries, requested data of dimension 0 at 1940.000000 but limit values are 1950.000000 and 1990.000000, taking default value instead.

*** No errors detected
<end of output>
Test time =   0.02 sec
----------------------------------------------------------
Test Passed.
"test_MultiLinearInterpolator" end time: Oct 27 22:22 ?D1迆㊣那℅?那㊣??
"test_MultiLinearInterpolator" time elapsed: 00:00:00
----------------------------------------------------------

187/249 Testing: test_LagrangeInterpolator
187/249 Test: test_LagrangeInterpolator
Command: "D:/S/tudat/bin/unit_tests/test_LagrangeInterpolator.exe"
Directory: D:/S/debug/tudat/Tudat/Mathematics/Interpolators
"test_LagrangeInterpolator" start time: Oct 27 22:22 ?D1迆㊣那℅?那㊣??
Output:
----------------------------------------------------------
Running 3 test cases...

*** No errors detected
<end of output>
Test time =   0.02 sec
----------------------------------------------------------
Test Passed.
"test_LagrangeInterpolator" end time: Oct 27 22:22 ?D1迆㊣那℅?那㊣??
"test_LagrangeInterpolator" time elapsed: 00:00:00
----------------------------------------------------------

188/249 Testing: test_LinearKalmanFilter
188/249 Test: test_LinearKalmanFilter
Command: "D:/S/tudat/bin/unit_tests/test_LinearKalmanFilter.exe"
Directory: D:/S/debug/tudat/Tudat/Mathematics/Filters
"test_LinearKalmanFilter" start time: Oct 27 22:22 ?D1迆㊣那℅?那㊣??
Output:
----------------------------------------------------------
Running 1 test case...

*** No errors detected
<end of output>
Test time =   0.01 sec
----------------------------------------------------------
Test Passed.
"test_LinearKalmanFilter" end time: Oct 27 22:22 ?D1迆㊣那℅?那㊣??
"test_LinearKalmanFilter" time elapsed: 00:00:00
----------------------------------------------------------

189/249 Testing: test_ExtendedKalmanFilter
189/249 Test: test_ExtendedKalmanFilter
Command: "D:/S/tudat/bin/unit_tests/test_ExtendedKalmanFilter.exe"
Directory: D:/S/debug/tudat/Tudat/Mathematics/Filters
"test_ExtendedKalmanFilter" start time: Oct 27 22:22 ?D1迆㊣那℅?那㊣??
Output:
----------------------------------------------------------
Running 2 test cases...
Assertion failed!

Program: D:\S\tudat\bin\unit_tests\test_ExtendedKalmanFilter.exe
File: D:/S/eigen/Eigen/src/Core/DenseStorage.h, Line 109

Expression: (internal::UIntPtr(eigen_unaligned_array_assert_workaround_gcc47(array)) & (15)) == 0 && "this assertion is explained here: " "http://eigen.tuxfamily.org/dox-devel/group__TopicUnalignedArrayAssert.html" " **** READ THIS WEB PAGE !!! ****"
<end of output>
Test time =   0.03 sec
----------------------------------------------------------
Test Failed.
"test_ExtendedKalmanFilter" end time: Oct 27 22:22 ?D1迆㊣那℅?那㊣??
"test_ExtendedKalmanFilter" time elapsed: 00:00:00
----------------------------------------------------------

190/249 Testing: test_UnscentedKalmanFilter
190/249 Test: test_UnscentedKalmanFilter
Command: "D:/S/tudat/bin/unit_tests/test_UnscentedKalmanFilter.exe"
Directory: D:/S/debug/tudat/Tudat/Mathematics/Filters
"test_UnscentedKalmanFilter" start time: Oct 27 22:22 ?D1迆㊣那℅?那㊣??
Output:
----------------------------------------------------------
Running 3 test cases...
Assertion failed!

Program: D:\S\tudat\bin\unit_tests\test_UnscentedKalmanFilter.exe
File: D:/S/eigen/Eigen/src/Core/DenseStorage.h, Line 109

Expression: (internal::UIntPtr(eigen_unaligned_array_assert_workaround_gcc47(array)) & (15)) == 0 && "this assertion is explained here: " "http://eigen.tuxfamily.org/dox-devel/group__TopicUnalignedArrayAssert.html" " **** READ THIS WEB PAGE !!! ****"
<end of output>
Test time =   0.01 sec
----------------------------------------------------------
Test Failed.
"test_UnscentedKalmanFilter" end time: Oct 27 22:22 ?D1迆㊣那℅?那㊣??
"test_UnscentedKalmanFilter" time elapsed: 00:00:00
----------------------------------------------------------

191/249 Testing: test_AdamsBashforthMoultonIntegrator
191/249 Test: test_AdamsBashforthMoultonIntegrator
Command: "D:/S/tudat/bin/unit_tests/test_AdamsBashforthMoultonIntegrator.exe"
Directory: D:/S/debug/tudat/Tudat/Mathematics/NumericalIntegrators
"test_AdamsBashforthMoultonIntegrator" start time: Oct 27 22:22 ?D1迆㊣那℅?那㊣??
Output:
----------------------------------------------------------
Running 3 test cases...

*** No errors detected
<end of output>
Test time =   0.02 sec
----------------------------------------------------------
Test Passed.
"test_AdamsBashforthMoultonIntegrator" end time: Oct 27 22:22 ?D1迆㊣那℅?那㊣??
"test_AdamsBashforthMoultonIntegrator" time elapsed: 00:00:00
----------------------------------------------------------

192/249 Testing: test_EulerIntegrator
192/249 Test: test_EulerIntegrator
Command: "D:/S/tudat/bin/unit_tests/test_EulerIntegrator.exe"
Directory: D:/S/debug/tudat/Tudat/Mathematics/NumericalIntegrators
"test_EulerIntegrator" start time: Oct 27 22:22 ?D1迆㊣那℅?那㊣??
Output:
----------------------------------------------------------
Running 1 test case...

*** No errors detected
<end of output>
Test time =   0.02 sec
----------------------------------------------------------
Test Passed.
"test_EulerIntegrator" end time: Oct 27 22:22 ?D1迆㊣那℅?那㊣??
"test_EulerIntegrator" time elapsed: 00:00:00
----------------------------------------------------------

193/249 Testing: test_NumericalIntegrator
193/249 Test: test_NumericalIntegrator
Command: "D:/S/tudat/bin/unit_tests/test_NumericalIntegrator.exe"
Directory: D:/S/debug/tudat/Tudat/Mathematics/NumericalIntegrators
"test_NumericalIntegrator" start time: Oct 27 22:22 ?D1迆㊣那℅?那㊣??
Output:
----------------------------------------------------------
Running 1 test case...

*** No errors detected
<end of output>
Test time =   0.01 sec
----------------------------------------------------------
Test Passed.
"test_NumericalIntegrator" end time: Oct 27 22:22 ?D1迆㊣那℅?那㊣??
"test_NumericalIntegrator" time elapsed: 00:00:00
----------------------------------------------------------

194/249 Testing: test_RungeKutta4Integrator
194/249 Test: test_RungeKutta4Integrator
Command: "D:/S/tudat/bin/unit_tests/test_RungeKutta4Integrator.exe"
Directory: D:/S/debug/tudat/Tudat/Mathematics/NumericalIntegrators
"test_RungeKutta4Integrator" start time: Oct 27 22:22 ?D1迆㊣那℅?那㊣??
Output:
----------------------------------------------------------
Running 1 test case...

*** No errors detected
<end of output>
Test time =   0.02 sec
----------------------------------------------------------
Test Passed.
"test_RungeKutta4Integrator" end time: Oct 27 22:22 ?D1迆㊣那℅?那㊣??
"test_RungeKutta4Integrator" time elapsed: 00:00:00
----------------------------------------------------------

195/249 Testing: test_RungeKuttaVariableStepSizeIntegrator
195/249 Test: test_RungeKuttaVariableStepSizeIntegrator
Command: "D:/S/tudat/bin/unit_tests/test_RungeKuttaVariableStepSizeIntegrator.exe"
Directory: D:/S/debug/tudat/Tudat/Mathematics/NumericalIntegrators
"test_RungeKuttaVariableStepSizeIntegrator" start time: Oct 27 22:22 ?D1迆㊣那℅?那㊣??
Output:
----------------------------------------------------------
Running 4 test cases...

*** No errors detected
<end of output>
Test time =   0.01 sec
----------------------------------------------------------
Test Passed.
"test_RungeKuttaVariableStepSizeIntegrator" end time: Oct 27 22:22 ?D1迆㊣那℅?那㊣??
"test_RungeKuttaVariableStepSizeIntegrator" time elapsed: 00:00:00
----------------------------------------------------------

196/249 Testing: test_RungeKuttaCoefficients
196/249 Test: test_RungeKuttaCoefficients
Command: "D:/S/tudat/bin/unit_tests/test_RungeKuttaCoefficients.exe"
Directory: D:/S/debug/tudat/Tudat/Mathematics/NumericalIntegrators
"test_RungeKuttaCoefficients" start time: Oct 27 22:22 ?D1迆㊣那℅?那㊣??
Output:
----------------------------------------------------------
Running 3 test cases...

*** No errors detected
<end of output>
Test time =   0.01 sec
----------------------------------------------------------
Test Passed.
"test_RungeKuttaCoefficients" end time: Oct 27 22:22 ?D1迆㊣那℅?那㊣??
"test_RungeKuttaCoefficients" time elapsed: 00:00:00
----------------------------------------------------------

197/249 Testing: test_RungeKuttaFehlberg45Integrator
197/249 Test: test_RungeKuttaFehlberg45Integrator
Command: "D:/S/tudat/bin/unit_tests/test_RungeKuttaFehlberg45Integrator.exe"
Directory: D:/S/debug/tudat/Tudat/Mathematics/NumericalIntegrators
"test_RungeKuttaFehlberg45Integrator" start time: Oct 27 22:22 ?D1迆㊣那℅?那㊣??
Output:
----------------------------------------------------------
Running 2 test cases...

*** No errors detected
<end of output>
Test time =   0.06 sec
----------------------------------------------------------
Test Passed.
"test_RungeKuttaFehlberg45Integrator" end time: Oct 27 22:22 ?D1迆㊣那℅?那㊣??
"test_RungeKuttaFehlberg45Integrator" time elapsed: 00:00:00
----------------------------------------------------------

198/249 Testing: test_RungeKuttaFehlberg56Integrator
198/249 Test: test_RungeKuttaFehlberg56Integrator
Command: "D:/S/tudat/bin/unit_tests/test_RungeKuttaFehlberg56Integrator.exe"
Directory: D:/S/debug/tudat/Tudat/Mathematics/NumericalIntegrators
"test_RungeKuttaFehlberg56Integrator" start time: Oct 27 22:22 ?D1迆㊣那℅?那㊣??
Output:
----------------------------------------------------------
Running 4 test cases...

*** No errors detected
<end of output>
Test time =   0.05 sec
----------------------------------------------------------
Test Passed.
"test_RungeKuttaFehlberg56Integrator" end time: Oct 27 22:22 ?D1迆㊣那℅?那㊣??
"test_RungeKuttaFehlberg56Integrator" time elapsed: 00:00:00
----------------------------------------------------------

199/249 Testing: test_RungeKuttaFehlberg78Integrator
199/249 Test: test_RungeKuttaFehlberg78Integrator
Command: "D:/S/tudat/bin/unit_tests/test_RungeKuttaFehlberg78Integrator.exe"
Directory: D:/S/debug/tudat/Tudat/Mathematics/NumericalIntegrators
"test_RungeKuttaFehlberg78Integrator" start time: Oct 27 22:22 ?D1迆㊣那℅?那㊣??
Output:
----------------------------------------------------------
Running 2 test cases...

*** No errors detected
<end of output>
Test time =   0.02 sec
----------------------------------------------------------
Test Passed.
"test_RungeKuttaFehlberg78Integrator" end time: Oct 27 22:22 ?D1迆㊣那℅?那㊣??
"test_RungeKuttaFehlberg78Integrator" time elapsed: 00:00:00
----------------------------------------------------------

200/249 Testing: test_RungeKutta87DormandPrinceIntegrator
200/249 Test: test_RungeKutta87DormandPrinceIntegrator
Command: "D:/S/tudat/bin/unit_tests/test_RungeKutta87DormandPrinceIntegrator.exe"
Directory: D:/S/debug/tudat/Tudat/Mathematics/NumericalIntegrators
"test_RungeKutta87DormandPrinceIntegrator" start time: Oct 27 22:22 ?D1迆㊣那℅?那㊣??
Output:
----------------------------------------------------------
Running 1 test case...

*** No errors detected
<end of output>
Test time =   0.02 sec
----------------------------------------------------------
Test Passed.
"test_RungeKutta87DormandPrinceIntegrator" end time: Oct 27 22:22 ?D1迆㊣那℅?那㊣??
"test_RungeKutta87DormandPrinceIntegrator" time elapsed: 00:00:00
----------------------------------------------------------

201/249 Testing: test_BulirschStoerVariableStepSizeIntegrator
201/249 Test: test_BulirschStoerVariableStepSizeIntegrator
Command: "D:/S/tudat/bin/unit_tests/test_BulirschStoerVariableStepSizeIntegrator.exe"
Directory: D:/S/debug/tudat/Tudat/Mathematics/NumericalIntegrators
"test_BulirschStoerVariableStepSizeIntegrator" start time: Oct 27 22:22 ?D1迆㊣那℅?那㊣??
Output:
----------------------------------------------------------
Running 3 test cases...

*** No errors detected
<end of output>
Test time =   0.01 sec
----------------------------------------------------------
Test Passed.
"test_BulirschStoerVariableStepSizeIntegrator" end time: Oct 27 22:22 ?D1迆㊣那℅?那㊣??
"test_BulirschStoerVariableStepSizeIntegrator" time elapsed: 00:00:00
----------------------------------------------------------

202/249 Testing: test_RootFinders
202/249 Test: test_RootFinders
Command: "D:/S/tudat/bin/unit_tests/test_RootFinders.exe"
Directory: D:/S/debug/tudat/Tudat/Mathematics/RootFinders
"test_RootFinders" start time: Oct 27 22:22 ?D1迆㊣那℅?那㊣??
Output:
----------------------------------------------------------
Running 19 test cases...

*** No errors detected
<end of output>
Test time =   0.01 sec
----------------------------------------------------------
Test Passed.
"test_RootFinders" end time: Oct 27 22:22 ?D1迆㊣那℅?那㊣??
"test_RootFinders" time elapsed: 00:00:00
----------------------------------------------------------

203/249 Testing: test_SimpleLinearRegression
203/249 Test: test_SimpleLinearRegression
Command: "D:/S/tudat/bin/unit_tests/test_SimpleLinearRegression.exe"
Directory: D:/S/debug/tudat/Tudat/Mathematics/Statistics
"test_SimpleLinearRegression" start time: Oct 27 22:22 ?D1迆㊣那℅?那㊣??
Output:
----------------------------------------------------------
Running 3 test cases...

*** No errors detected
<end of output>
Test time =   0.01 sec
----------------------------------------------------------
Test Passed.
"test_SimpleLinearRegression" end time: Oct 27 22:22 ?D1迆㊣那℅?那㊣??
"test_SimpleLinearRegression" time elapsed: 00:00:00
----------------------------------------------------------

204/249 Testing: test_BasicStatistics
204/249 Test: test_BasicStatistics
Command: "D:/S/tudat/bin/unit_tests/test_BasicStatistics.exe"
Directory: D:/S/debug/tudat/Tudat/Mathematics/Statistics
"test_BasicStatistics" start time: Oct 27 22:22 ?D1迆㊣那℅?那㊣??
Output:
----------------------------------------------------------
Running 3 test cases...

*** No errors detected
<end of output>
Test time =   0.01 sec
----------------------------------------------------------
Test Passed.
"test_BasicStatistics" end time: Oct 27 22:22 ?D1迆㊣那℅?那㊣??
"test_BasicStatistics" time elapsed: 00:00:00
----------------------------------------------------------

205/249 Testing: test_MultiVariateProbabilityDistributions
205/249 Test: test_MultiVariateProbabilityDistributions
Command: "D:/S/tudat/bin/unit_tests/test_MultiVariateProbabilityDistributions.exe"
Directory: D:/S/debug/tudat/Tudat/Mathematics/Statistics
"test_MultiVariateProbabilityDistributions" start time: Oct 27 22:22 ?D1迆㊣那℅?那㊣??
Output:
----------------------------------------------------------
Running 2 test cases...

*** No errors detected
<end of output>
Test time =   0.03 sec
----------------------------------------------------------
Test Passed.
"test_MultiVariateProbabilityDistributions" end time: Oct 27 22:22 ?D1迆㊣那℅?那㊣??
"test_MultiVariateProbabilityDistributions" time elapsed: 00:00:00
----------------------------------------------------------

206/249 Testing: test_BoostDistributions
206/249 Test: test_BoostDistributions
Command: "D:/S/tudat/bin/unit_tests/test_BoostDistributions.exe"
Directory: D:/S/debug/tudat/Tudat/Mathematics/Statistics
"test_BoostDistributions" start time: Oct 27 22:22 ?D1迆㊣那℅?那㊣??
Output:
----------------------------------------------------------
Running 1 test case...

*** No errors detected
<end of output>
Test time =   0.02 sec
----------------------------------------------------------
Test Passed.
"test_BoostDistributions" end time: Oct 27 22:22 ?D1迆㊣那℅?那㊣??
"test_BoostDistributions" time elapsed: 00:00:00
----------------------------------------------------------

207/249 Testing: test_KernelDensityDistribution
207/249 Test: test_KernelDensityDistribution
Command: "D:/S/tudat/bin/unit_tests/test_KernelDensityDistribution.exe"
Directory: D:/S/debug/tudat/Tudat/Mathematics/Statistics
"test_KernelDensityDistribution" start time: Oct 27 22:22 ?D1迆㊣那℅?那㊣??
Output:
----------------------------------------------------------
Running 7 test cases...

*** No errors detected
<end of output>
Test time =   2.82 sec
----------------------------------------------------------
Test Passed.
"test_KernelDensityDistribution" end time: Oct 27 22:22 ?D1迆㊣那℅?那㊣??
"test_KernelDensityDistribution" time elapsed: 00:00:02
----------------------------------------------------------

208/249 Testing: test_RandomSampling
208/249 Test: test_RandomSampling
Command: "D:/S/tudat/bin/unit_tests/test_RandomSampling.exe"
Directory: D:/S/debug/tudat/Tudat/Mathematics/Statistics
"test_RandomSampling" start time: Oct 27 22:22 ?D1迆㊣那℅?那㊣??
Output:
----------------------------------------------------------
Running 2 test cases...

*** No errors detected
<end of output>
Test time =   1.54 sec
----------------------------------------------------------
Test Passed.
"test_RandomSampling" end time: Oct 27 22:22 ?D1迆㊣那℅?那㊣??
"test_RandomSampling" time elapsed: 00:00:01
----------------------------------------------------------

209/249 Testing: test_TrapezoidalIntegrator
209/249 Test: test_TrapezoidalIntegrator
Command: "D:/S/tudat/bin/unit_tests/test_TrapezoidalIntegrator.exe"
Directory: D:/S/debug/tudat/Tudat/Mathematics/NumericalQuadrature
"test_TrapezoidalIntegrator" start time: Oct 27 22:22 ?D1迆㊣那℅?那㊣??
Output:
----------------------------------------------------------
Running 2 test cases...

*** No errors detected
<end of output>
Test time =   0.13 sec
----------------------------------------------------------
Test Passed.
"test_TrapezoidalIntegrator" end time: Oct 27 22:22 ?D1迆㊣那℅?那㊣??
"test_TrapezoidalIntegrator" time elapsed: 00:00:00
----------------------------------------------------------

210/249 Testing: test_GaussianQuadrature
210/249 Test: test_GaussianQuadrature
Command: "D:/S/tudat/bin/unit_tests/test_GaussianQuadrature.exe"
Directory: D:/S/debug/tudat/Tudat/Mathematics/NumericalQuadrature
"test_GaussianQuadrature" start time: Oct 27 22:22 ?D1迆㊣那℅?那㊣??
Output:
----------------------------------------------------------
Running 3 test cases...

*** No errors detected
<end of output>
Test time =   0.05 sec
----------------------------------------------------------
Test Passed.
"test_GaussianQuadrature" end time: Oct 27 22:22 ?D1迆㊣那℅?那㊣??
"test_GaussianQuadrature" time elapsed: 00:00:00
----------------------------------------------------------

211/249 Testing: test_SofaEarthOrientation
211/249 Test: test_SofaEarthOrientation
Command: "D:/S/tudat/bin/unit_tests/test_SofaEarthOrientation.exe"
Directory: D:/S/debug/tudat/Tudat/External/SofaInterface
"test_SofaEarthOrientation" start time: Oct 27 22:22 ?D1迆㊣那℅?那㊣??
Output:
----------------------------------------------------------
Running 2 test cases...

*** No errors detected
<end of output>
Test time =   0.01 sec
----------------------------------------------------------
Test Passed.
"test_SofaEarthOrientation" end time: Oct 27 22:22 ?D1迆㊣那℅?那㊣??
"test_SofaEarthOrientation" time elapsed: 00:00:00
----------------------------------------------------------

212/249 Testing: test_SofaFundamentalArguments
212/249 Test: test_SofaFundamentalArguments
Command: "D:/S/tudat/bin/unit_tests/test_SofaFundamentalArguments.exe"
Directory: D:/S/debug/tudat/Tudat/External/SofaInterface
"test_SofaFundamentalArguments" start time: Oct 27 22:22 ?D1迆㊣那℅?那㊣??
Output:
----------------------------------------------------------
Running 1 test case...

*** No errors detected
<end of output>
Test time =   0.02 sec
----------------------------------------------------------
Test Passed.
"test_SofaFundamentalArguments" end time: Oct 27 22:22 ?D1迆㊣那℅?那㊣??
"test_SofaFundamentalArguments" time elapsed: 00:00:00
----------------------------------------------------------

213/249 Testing: test_SofaTimeConversions
213/249 Test: test_SofaTimeConversions
Command: "D:/S/tudat/bin/unit_tests/test_SofaTimeConversions.exe"
Directory: D:/S/debug/tudat/Tudat/External/SofaInterface
"test_SofaTimeConversions" start time: Oct 27 22:22 ?D1迆㊣那℅?那㊣??
Output:
----------------------------------------------------------
Running 2 test cases...

*** No errors detected
<end of output>
Test time =   0.01 sec
----------------------------------------------------------
Test Passed.
"test_SofaTimeConversions" end time: Oct 27 22:22 ?D1迆㊣那℅?那㊣??
"test_SofaTimeConversions" time elapsed: 00:00:00
----------------------------------------------------------

214/249 Testing: test_SpiceInterface
214/249 Test: test_SpiceInterface
Command: "D:/S/tudat/bin/unit_tests/test_SpiceInterface.exe"
Directory: D:/S/debug/tudat/Tudat/External/SpiceInterface
"test_SpiceInterface" start time: Oct 27 22:22 ?D1迆㊣那℅?那㊣??
Output:
----------------------------------------------------------
Running 7 test cases...

*** No errors detected
<end of output>
Test time =   0.11 sec
----------------------------------------------------------
Test Passed.
"test_SpiceInterface" end time: Oct 27 22:22 ?D1迆㊣那℅?那㊣??
"test_SpiceInterface" time elapsed: 00:00:00
----------------------------------------------------------

215/249 Testing: test_EnvironmentCreation
215/249 Test: test_EnvironmentCreation
Command: "D:/S/tudat/bin/unit_tests/test_EnvironmentCreation.exe"
Directory: D:/S/debug/tudat/Tudat/SimulationSetup
"test_EnvironmentCreation" start time: Oct 27 22:22 ?D1迆㊣那℅?那㊣??
Output:
----------------------------------------------------------
Running 11 test cases...
Assertion failed!

Program: D:\S\tudat\bin\unit_tests\test_EnvironmentCreation.exe
File: D:/S/eigen/Eigen/src/Core/DenseStorage.h, Line 109

Expression: (internal::UIntPtr(eigen_unaligned_array_assert_workaround_gcc47(array)) & (15)) == 0 && "this assertion is explained here: " "http://eigen.tuxfamily.org/dox-devel/group__TopicUnalignedArrayAssert.html" " **** READ THIS WEB PAGE !!! ****"
<end of output>
Test time =   5.37 sec
----------------------------------------------------------
Test Failed.
"test_EnvironmentCreation" end time: Oct 27 22:22 ?D1迆㊣那℅?那㊣??
"test_EnvironmentCreation" time elapsed: 00:00:05
----------------------------------------------------------

216/249 Testing: test_AccelerationModelCreation
216/249 Test: test_AccelerationModelCreation
Command: "D:/S/tudat/bin/unit_tests/test_AccelerationModelCreation.exe"
Directory: D:/S/debug/tudat/Tudat/SimulationSetup
"test_AccelerationModelCreation" start time: Oct 27 22:22 ?D1迆㊣那℅?那㊣??
Output:
----------------------------------------------------------
Running 5 test cases...
Assertion failed!

Program: D:\S\tudat\bin\unit_tests\test_AccelerationModelCreation.exe
File: D:/S/eigen/Eigen/src/Core/DenseStorage.h, Line 109

Expression: (internal::UIntPtr(eigen_unaligned_array_assert_workaround_gcc47(array)) & (15)) == 0 && "this assertion is explained here: " "http://eigen.tuxfamily.org/dox-devel/group__TopicUnalignedArrayAssert.html" " **** READ THIS WEB PAGE !!! ****"
<end of output>
Test time =   0.06 sec
----------------------------------------------------------
Test Failed.
"test_AccelerationModelCreation" end time: Oct 27 22:22 ?D1迆㊣那℅?那㊣??
"test_AccelerationModelCreation" time elapsed: 00:00:00
----------------------------------------------------------

217/249 Testing: test_JsonInterfaceAcceleration
217/249 Test: test_JsonInterfaceAcceleration
Command: "D:/S/tudat/bin/unit_tests/test_JsonInterfaceAcceleration.exe"
Directory: D:/S/debug/tudat/Tudat/JsonInterface
"test_JsonInterfaceAcceleration" start time: Oct 27 22:22 ?D1迆㊣那℅?那㊣??
Output:
----------------------------------------------------------
Running 5 test cases...

*** No errors detected
<end of output>
Test time =   0.02 sec
----------------------------------------------------------
Test Passed.
"test_JsonInterfaceAcceleration" end time: Oct 27 22:22 ?D1迆㊣那℅?那㊣??
"test_JsonInterfaceAcceleration" time elapsed: 00:00:00
----------------------------------------------------------

218/249 Testing: test_JsonInterfaceAerodynamics
218/249 Test: test_JsonInterfaceAerodynamics
Command: "D:/S/tudat/bin/unit_tests/test_JsonInterfaceAerodynamics.exe"
Directory: D:/S/debug/tudat/Tudat/JsonInterface
"test_JsonInterfaceAerodynamics" start time: Oct 27 22:22 ?D1迆㊣那℅?那㊣??
Output:
----------------------------------------------------------
Running 6 test cases...

*** No errors detected
<end of output>
Test time =   0.04 sec
----------------------------------------------------------
Test Passed.
"test_JsonInterfaceAerodynamics" end time: Oct 27 22:22 ?D1迆㊣那℅?那㊣??
"test_JsonInterfaceAerodynamics" time elapsed: 00:00:00
----------------------------------------------------------

219/249 Testing: test_JsonInterfaceAtmosphere
219/249 Test: test_JsonInterfaceAtmosphere
Command: "D:/S/tudat/bin/unit_tests/test_JsonInterfaceAtmosphere.exe"
Directory: D:/S/debug/tudat/Tudat/JsonInterface
"test_JsonInterfaceAtmosphere" start time: Oct 27 22:22 ?D1迆㊣那℅?那㊣??
Output:
----------------------------------------------------------
Running 5 test cases...

*** No errors detected
<end of output>
Test time =   0.02 sec
----------------------------------------------------------
Test Passed.
"test_JsonInterfaceAtmosphere" end time: Oct 27 22:22 ?D1迆㊣那℅?那㊣??
"test_JsonInterfaceAtmosphere" time elapsed: 00:00:00
----------------------------------------------------------

220/249 Testing: test_JsonInterfaceBody
220/249 Test: test_JsonInterfaceBody
Command: "D:/S/tudat/bin/unit_tests/test_JsonInterfaceBody.exe"
Directory: D:/S/debug/tudat/Tudat/JsonInterface
"test_JsonInterfaceBody" start time: Oct 27 22:22 ?D1迆㊣那℅?那㊣??
Output:
----------------------------------------------------------
Running 1 test case...

*** No errors detected
<end of output>
Test time =   0.03 sec
----------------------------------------------------------
Test Passed.
"test_JsonInterfaceBody" end time: Oct 27 22:22 ?D1迆㊣那℅?那㊣??
"test_JsonInterfaceBody" time elapsed: 00:00:00
----------------------------------------------------------

221/249 Testing: test_JsonInterfaceDeserialization
221/249 Test: test_JsonInterfaceDeserialization
Command: "D:/S/tudat/bin/unit_tests/test_JsonInterfaceDeserialization.exe"
Directory: D:/S/debug/tudat/Tudat/JsonInterface
"test_JsonInterfaceDeserialization" start time: Oct 27 22:22 ?D1迆㊣那℅?那㊣??
Output:
----------------------------------------------------------
Running 3 test cases...

*** No errors detected
<end of output>
Test time =   0.03 sec
----------------------------------------------------------
Test Passed.
"test_JsonInterfaceDeserialization" end time: Oct 27 22:22 ?D1迆㊣那℅?那㊣??
"test_JsonInterfaceDeserialization" time elapsed: 00:00:00
----------------------------------------------------------

222/249 Testing: test_JsonInterfaceEphemeris
222/249 Test: test_JsonInterfaceEphemeris
Command: "D:/S/tudat/bin/unit_tests/test_JsonInterfaceEphemeris.exe"
Directory: D:/S/debug/tudat/Tudat/JsonInterface
"test_JsonInterfaceEphemeris" start time: Oct 27 22:22 ?D1迆㊣那℅?那㊣??
Output:
----------------------------------------------------------
Running 8 test cases...
Assertion failed!

Program: D:\S\tudat\bin\unit_tests\test_JsonInterfaceEphemeris.exe
File: D:/S/eigen/Eigen/src/Core/DenseStorage.h, Line 109

Expression: (internal::UIntPtr(eigen_unaligned_array_assert_workaround_gcc47(array)) & (15)) == 0 && "this assertion is explained here: " "http://eigen.tuxfamily.org/dox-devel/group__TopicUnalignedArrayAssert.html" " **** READ THIS WEB PAGE !!! ****"
<end of output>
Test time =   0.02 sec
----------------------------------------------------------
Test Failed.
"test_JsonInterfaceEphemeris" end time: Oct 27 22:22 ?D1迆㊣那℅?那㊣??
"test_JsonInterfaceEphemeris" time elapsed: 00:00:00
----------------------------------------------------------

223/249 Testing: test_JsonInterfaceExport
223/249 Test: test_JsonInterfaceExport
Command: "D:/S/tudat/bin/unit_tests/test_JsonInterfaceExport.exe"
Directory: D:/S/debug/tudat/Tudat/JsonInterface
"test_JsonInterfaceExport" start time: Oct 27 22:22 ?D1迆㊣那℅?那㊣??
Output:
----------------------------------------------------------
Running 2 test cases...

*** No errors detected
<end of output>
Test time =   0.02 sec
----------------------------------------------------------
Test Passed.
"test_JsonInterfaceExport" end time: Oct 27 22:22 ?D1迆㊣那℅?那㊣??
"test_JsonInterfaceExport" time elapsed: 00:00:00
----------------------------------------------------------

224/249 Testing: test_JsonInterfaceGravityField
224/249 Test: test_JsonInterfaceGravityField
Command: "D:/S/tudat/bin/unit_tests/test_JsonInterfaceGravityField.exe"
Directory: D:/S/debug/tudat/Tudat/JsonInterface
"test_JsonInterfaceGravityField" start time: Oct 27 22:22 ?D1迆㊣那℅?那㊣??
Output:
----------------------------------------------------------
Running 8 test cases...

*** No errors detected
<end of output>
Test time =   0.04 sec
----------------------------------------------------------
Test Passed.
"test_JsonInterfaceGravityField" end time: Oct 27 22:22 ?D1迆㊣那℅?那㊣??
"test_JsonInterfaceGravityField" time elapsed: 00:00:00
----------------------------------------------------------

225/249 Testing: test_JsonInterfaceGravityFieldVariation
225/249 Test: test_JsonInterfaceGravityFieldVariation
Command: "D:/S/tudat/bin/unit_tests/test_JsonInterfaceGravityFieldVariation.exe"
Directory: D:/S/debug/tudat/Tudat/JsonInterface
"test_JsonInterfaceGravityFieldVariation" start time: Oct 27 22:22 ?D1迆㊣那℅?那㊣??
Output:
----------------------------------------------------------
Running 3 test cases...

*** No errors detected
<end of output>
Test time =   0.02 sec
----------------------------------------------------------
Test Passed.
"test_JsonInterfaceGravityFieldVariation" end time: Oct 27 22:22 ?D1迆㊣那℅?那㊣??
"test_JsonInterfaceGravityFieldVariation" time elapsed: 00:00:00
----------------------------------------------------------

226/249 Testing: test_JsonInterfaceGroundStation
226/249 Test: test_JsonInterfaceGroundStation
Command: "D:/S/tudat/bin/unit_tests/test_JsonInterfaceGroundStation.exe"
Directory: D:/S/debug/tudat/Tudat/JsonInterface
"test_JsonInterfaceGroundStation" start time: Oct 27 22:22 ?D1迆㊣那℅?那㊣??
Output:
----------------------------------------------------------
Running 1 test case...

*** No errors detected
<end of output>
Test time =   0.02 sec
----------------------------------------------------------
Test Passed.
"test_JsonInterfaceGroundStation" end time: Oct 27 22:22 ?D1迆㊣那℅?那㊣??
"test_JsonInterfaceGroundStation" time elapsed: 00:00:00
----------------------------------------------------------

227/249 Testing: test_JsonInterfaceIntegrator
227/249 Test: test_JsonInterfaceIntegrator
Command: "D:/S/tudat/bin/unit_tests/test_JsonInterfaceIntegrator.exe"
Directory: D:/S/debug/tudat/Tudat/JsonInterface
"test_JsonInterfaceIntegrator" start time: Oct 27 22:22 ?D1迆㊣那℅?那㊣??
Output:
----------------------------------------------------------
Running 7 test cases...

*** No errors detected
<end of output>
Test time =   0.04 sec
----------------------------------------------------------
Test Passed.
"test_JsonInterfaceIntegrator" end time: Oct 27 22:22 ?D1迆㊣那℅?那㊣??
"test_JsonInterfaceIntegrator" time elapsed: 00:00:00
----------------------------------------------------------

228/249 Testing: test_JsonInterfaceInterpolation
228/249 Test: test_JsonInterfaceInterpolation
Command: "D:/S/tudat/bin/unit_tests/test_JsonInterfaceInterpolation.exe"
Directory: D:/S/debug/tudat/Tudat/JsonInterface
"test_JsonInterfaceInterpolation" start time: Oct 27 22:22 ?D1迆㊣那℅?那㊣??
Output:
----------------------------------------------------------
Running 11 test cases...
Assertion failed!

Program: D:\S\tudat\bin\unit_tests\test_JsonInterfaceInterpolation.exe
File: D:/S/eigen/Eigen/src/Core/DenseStorage.h, Line 109

Expression: (internal::UIntPtr(eigen_unaligned_array_assert_workaround_gcc47(array)) & (15)) == 0 && "this assertion is explained here: " "http://eigen.tuxfamily.org/dox-devel/group__TopicUnalignedArrayAssert.html" " **** READ THIS WEB PAGE !!! ****"
<end of output>
Test time =   0.02 sec
----------------------------------------------------------
Test Failed.
"test_JsonInterfaceInterpolation" end time: Oct 27 22:22 ?D1迆㊣那℅?那㊣??
"test_JsonInterfaceInterpolation" time elapsed: 00:00:00
----------------------------------------------------------

229/249 Testing: test_JsonInterfaceMassRateModel
229/249 Test: test_JsonInterfaceMassRateModel
Command: "D:/S/tudat/bin/unit_tests/test_JsonInterfaceMassRateModel.exe"
Directory: D:/S/debug/tudat/Tudat/JsonInterface
"test_JsonInterfaceMassRateModel" start time: Oct 27 22:22 ?D1迆㊣那℅?那㊣??
Output:
----------------------------------------------------------
Running 2 test cases...

*** No errors detected
<end of output>
Test time =   0.02 sec
----------------------------------------------------------
Test Passed.
"test_JsonInterfaceMassRateModel" end time: Oct 27 22:22 ?D1迆㊣那℅?那㊣??
"test_JsonInterfaceMassRateModel" time elapsed: 00:00:00
----------------------------------------------------------

230/249 Testing: test_JsonInterfacePropagator
230/249 Test: test_JsonInterfacePropagator
Command: "D:/S/tudat/bin/unit_tests/test_JsonInterfacePropagator.exe"
Directory: D:/S/debug/tudat/Tudat/JsonInterface
"test_JsonInterfacePropagator" start time: Oct 27 22:22 ?D1迆㊣那℅?那㊣??
Output:
----------------------------------------------------------
Running 5 test cases...

*** No errors detected
<end of output>
Test time =   0.05 sec
----------------------------------------------------------
Test Passed.
"test_JsonInterfacePropagator" end time: Oct 27 22:22 ?D1迆㊣那℅?那㊣??
"test_JsonInterfacePropagator" time elapsed: 00:00:00
----------------------------------------------------------

231/249 Testing: test_JsonInterfaceRadiationPressure
231/249 Test: test_JsonInterfaceRadiationPressure
Command: "D:/S/tudat/bin/unit_tests/test_JsonInterfaceRadiationPressure.exe"
Directory: D:/S/debug/tudat/Tudat/JsonInterface
"test_JsonInterfaceRadiationPressure" start time: Oct 27 22:22 ?D1迆㊣那℅?那㊣??
Output:
----------------------------------------------------------
Running 2 test cases...

*** No errors detected
<end of output>
Test time =   0.02 sec
----------------------------------------------------------
Test Passed.
"test_JsonInterfaceRadiationPressure" end time: Oct 27 22:22 ?D1迆㊣那℅?那㊣??
"test_JsonInterfaceRadiationPressure" time elapsed: 00:00:00
----------------------------------------------------------

232/249 Testing: test_JsonInterfaceReferenceFrames
232/249 Test: test_JsonInterfaceReferenceFrames
Command: "D:/S/tudat/bin/unit_tests/test_JsonInterfaceReferenceFrames.exe"
Directory: D:/S/debug/tudat/Tudat/JsonInterface
"test_JsonInterfaceReferenceFrames" start time: Oct 27 22:22 ?D1迆㊣那℅?那㊣??
Output:
----------------------------------------------------------
Running 2 test cases...

*** No errors detected
<end of output>
Test time =   0.02 sec
----------------------------------------------------------
Test Passed.
"test_JsonInterfaceReferenceFrames" end time: Oct 27 22:22 ?D1迆㊣那℅?那㊣??
"test_JsonInterfaceReferenceFrames" time elapsed: 00:00:00
----------------------------------------------------------

233/249 Testing: test_JsonInterfaceRotationModel
233/249 Test: test_JsonInterfaceRotationModel
Command: "D:/S/tudat/bin/unit_tests/test_JsonInterfaceRotationModel.exe"
Directory: D:/S/debug/tudat/Tudat/JsonInterface
"test_JsonInterfaceRotationModel" start time: Oct 27 22:22 ?D1迆㊣那℅?那㊣??
Output:
----------------------------------------------------------
Running 4 test cases...
Warning when writing GCRS to ITRS rotation model to JSON, only precession-nutation theory and base frame are saved, rest is kept at default values
The value "gcrsToItrs" for tudat::simulation_setup::RotationModelType is marked as supported by `json_interface`, but no implementation was found.
This is an internal bug of Tudat. Please, report it by using this link: 

https://github.com/Tudat/tudat/issues/new?title=Missing%20implementation%20for%20%22gcrsToItrs%22%20in%20json_interface&body=The%20value%20%22gcrsToItrs%22%20for%20%60tudat%3A%3Asimulation_setup%3A%3ARotationModelType%60%20is%20marked%20as%20supported%20by%20%60json_interface%60%2C%20but%20no%20implementation%20was%20found.%0A

Warning when writing GCRS to ITRS rotation model to JSON, only precession-nutation theory and base frame are saved, rest is kept at default values
The value "gcrsToItrs" for tudat::simulation_setup::RotationModelType is marked as supported by `json_interface`, but no implementation was found.
This is an internal bug of Tudat. Please, report it by using this link: 

https://github.com/Tudat/tudat/issues/new?title=Missing%20implementation%20for%20%22gcrsToItrs%22%20in%20json_interface&body=The%20value%20%22gcrsToItrs%22%20for%20%60tudat%3A%3Asimulation_setup%3A%3ARotationModelType%60%20is%20marked%20as%20supported%20by%20%60json_interface%60%2C%20but%20no%20implementation%20was%20found.%0A


*** No errors detected
<end of output>
Test time =   0.10 sec
----------------------------------------------------------
Test Passed.
"test_JsonInterfaceRotationModel" end time: Oct 27 22:22 ?D1迆㊣那℅?那㊣??
"test_JsonInterfaceRotationModel" time elapsed: 00:00:00
----------------------------------------------------------

234/249 Testing: test_JsonInterfaceShapeModel
234/249 Test: test_JsonInterfaceShapeModel
Command: "D:/S/tudat/bin/unit_tests/test_JsonInterfaceShapeModel.exe"
Directory: D:/S/debug/tudat/Tudat/JsonInterface
"test_JsonInterfaceShapeModel" start time: Oct 27 22:22 ?D1迆㊣那℅?那㊣??
Output:
----------------------------------------------------------
Running 4 test cases...

*** No errors detected
<end of output>
Test time =   0.02 sec
----------------------------------------------------------
Test Passed.
"test_JsonInterfaceShapeModel" end time: Oct 27 22:22 ?D1迆㊣那℅?那㊣??
"test_JsonInterfaceShapeModel" time elapsed: 00:00:00
----------------------------------------------------------

235/249 Testing: test_JsonInterfaceSimulationSingleSatellite
235/249 Test: test_JsonInterfaceSimulationSingleSatellite
Command: "D:/S/tudat/bin/unit_tests/test_JsonInterfaceSimulationSingleSatellite.exe"
Directory: D:/S/debug/tudat/Tudat/JsonInterface
"test_JsonInterfaceSimulationSingleSatellite" start time: Oct 27 22:22 ?D1迆㊣那℅?那㊣??
Output:
----------------------------------------------------------
Running 1 test case...
Assertion failed!

Program: D:\S\tudat\bin\unit_tests\test_JsonInterfaceSimulationSingleSatellite.exe
File: D:/S/eigen/Eigen/src/Core/DenseStorage.h, Line 109

Expression: (internal::UIntPtr(eigen_unaligned_array_assert_workaround_gcc47(array)) & (15)) == 0 && "this assertion is explained here: " "http://eigen.tuxfamily.org/dox-devel/group__TopicUnalignedArrayAssert.html" " **** READ THIS WEB PAGE !!! ****"
<end of output>
Test time =   0.09 sec
----------------------------------------------------------
Test Failed.
"test_JsonInterfaceSimulationSingleSatellite" end time: Oct 27 22:22 ?D1迆㊣那℅?那㊣??
"test_JsonInterfaceSimulationSingleSatellite" time elapsed: 00:00:00
----------------------------------------------------------

236/249 Testing: test_JsonInterfaceSimulationSinglePerturbedSatellite
236/249 Test: test_JsonInterfaceSimulationSinglePerturbedSatellite
Command: "D:/S/tudat/bin/unit_tests/test_JsonInterfaceSimulationSinglePerturbedSatellite.exe"
Directory: D:/S/debug/tudat/Tudat/JsonInterface
"test_JsonInterfaceSimulationSinglePerturbedSatellite" start time: Oct 27 22:22 ?D1迆㊣那℅?那㊣??
Output:
----------------------------------------------------------
Running 1 test case...
Assertion failed!

Program: D:\S\tudat\bin\unit_tests\test_JsonInterfaceSimulationSinglePerturbedSatellite.exe
File: D:/S/eigen/Eigen/src/Core/DenseStorage.h, Line 109

Expression: (internal::UIntPtr(eigen_unaligned_array_assert_workaround_gcc47(array)) & (15)) == 0 && "this assertion is explained here: " "http://eigen.tuxfamily.org/dox-devel/group__TopicUnalignedArrayAssert.html" " **** READ THIS WEB PAGE !!! ****"
<end of output>
Test time =   0.12 sec
----------------------------------------------------------
Test Failed.
"test_JsonInterfaceSimulationSinglePerturbedSatellite" end time: Oct 27 22:22 ?D1迆㊣那℅?那㊣??
"test_JsonInterfaceSimulationSinglePerturbedSatellite" time elapsed: 00:00:00
----------------------------------------------------------

237/249 Testing: test_JsonInterfaceSimulationInnerSolarSystem
237/249 Test: test_JsonInterfaceSimulationInnerSolarSystem
Command: "D:/S/tudat/bin/unit_tests/test_JsonInterfaceSimulationInnerSolarSystem.exe"
Directory: D:/S/debug/tudat/Tudat/JsonInterface
"test_JsonInterfaceSimulationInnerSolarSystem" start time: Oct 27 22:22 ?D1迆㊣那℅?那㊣??
Output:
----------------------------------------------------------
Running 2 test cases...
Assertion failed!

Program: D:\S\tudat\bin\unit_tests\test_JsonInterfaceSimulationInnerSolarSystem.exe
File: D:/S/eigen/Eigen/src/Core/DenseStorage.h, Line 109

Expression: (internal::UIntPtr(eigen_unaligned_array_assert_workaround_gcc47(array)) & (15)) == 0 && "this assertion is explained here: " "http://eigen.tuxfamily.org/dox-devel/group__TopicUnalignedArrayAssert.html" " **** READ THIS WEB PAGE !!! ****"
<end of output>
Test time =   0.13 sec
----------------------------------------------------------
Test Failed.
"test_JsonInterfaceSimulationInnerSolarSystem" end time: Oct 27 22:22 ?D1迆㊣那℅?那㊣??
"test_JsonInterfaceSimulationInnerSolarSystem" time elapsed: 00:00:00
----------------------------------------------------------

238/249 Testing: test_JsonInterfaceSimulationGalileoConstellation
238/249 Test: test_JsonInterfaceSimulationGalileoConstellation
Command: "D:/S/tudat/bin/unit_tests/test_JsonInterfaceSimulationGalileoConstellation.exe"
Directory: D:/S/debug/tudat/Tudat/JsonInterface
"test_JsonInterfaceSimulationGalileoConstellation" start time: Oct 27 22:22 ?D1迆㊣那℅?那㊣??
Output:
----------------------------------------------------------
Running 1 test case...
Assertion failed!

Program: D:\S\tudat\bin\unit_tests\test_JsonInterfaceSimulationGalileoConstellation.exe
File: D:/S/eigen/Eigen/src/Core/DenseStorage.h, Line 109

Expression: (internal::UIntPtr(eigen_unaligned_array_assert_workaround_gcc47(array)) & (15)) == 0 && "this assertion is explained here: " "http://eigen.tuxfamily.org/dox-devel/group__TopicUnalignedArrayAssert.html" " **** READ THIS WEB PAGE !!! ****"
<end of output>
Test time =   0.44 sec
----------------------------------------------------------
Test Failed.
"test_JsonInterfaceSimulationGalileoConstellation" end time: Oct 27 22:22 ?D1迆㊣那℅?那㊣??
"test_JsonInterfaceSimulationGalileoConstellation" time elapsed: 00:00:00
----------------------------------------------------------

239/249 Testing: test_JsonInterfaceSimulationThrustAlongVelocityVector
239/249 Test: test_JsonInterfaceSimulationThrustAlongVelocityVector
Command: "D:/S/tudat/bin/unit_tests/test_JsonInterfaceSimulationThrustAlongVelocityVector.exe"
Directory: D:/S/debug/tudat/Tudat/JsonInterface
"test_JsonInterfaceSimulationThrustAlongVelocityVector" start time: Oct 27 22:22 ?D1迆㊣那℅?那㊣??
Output:
----------------------------------------------------------
Running 1 test case...
Assertion failed!

Program: D:\S\tudat\bin\unit_tests\test_JsonInterfaceSimulationThrustAlongVelocityVector.exe
File: D:/S/eigen/Eigen/src/Core/DenseStorage.h, Line 109

Expression: (internal::UIntPtr(eigen_unaligned_array_assert_workaround_gcc47(array)) & (15)) == 0 && "this assertion is explained here: " "http://eigen.tuxfamily.org/dox-devel/group__TopicUnalignedArrayAssert.html" " **** READ THIS WEB PAGE !!! ****"
<end of output>
Test time =   0.10 sec
----------------------------------------------------------
Test Failed.
"test_JsonInterfaceSimulationThrustAlongVelocityVector" end time: Oct 27 22:22 ?D1迆㊣那℅?那㊣??
"test_JsonInterfaceSimulationThrustAlongVelocityVector" time elapsed: 00:00:00
----------------------------------------------------------

240/249 Testing: test_JsonInterfaceSimulationThrustAccelerationFromFile
240/249 Test: test_JsonInterfaceSimulationThrustAccelerationFromFile
Command: "D:/S/tudat/bin/unit_tests/test_JsonInterfaceSimulationThrustAccelerationFromFile.exe"
Directory: D:/S/debug/tudat/Tudat/JsonInterface
"test_JsonInterfaceSimulationThrustAccelerationFromFile" start time: Oct 27 22:22 ?D1迆㊣那℅?那㊣??
Output:
----------------------------------------------------------
Running 1 test case...
Assertion failed!

Program: D:\S\tudat\bin\unit_tests\test_JsonInterfaceSimulationThrustAccelerationFromFile.exe
File: D:/S/eigen/Eigen/src/Core/DenseStorage.h, Line 109

Expression: (internal::UIntPtr(eigen_unaligned_array_assert_workaround_gcc47(array)) & (15)) == 0 && "this assertion is explained here: " "http://eigen.tuxfamily.org/dox-devel/group__TopicUnalignedArrayAssert.html" " **** READ THIS WEB PAGE !!! ****"
<end of output>
Test time =   0.10 sec
----------------------------------------------------------
Test Failed.
"test_JsonInterfaceSimulationThrustAccelerationFromFile" end time: Oct 27 22:22 ?D1迆㊣那℅?那㊣??
"test_JsonInterfaceSimulationThrustAccelerationFromFile" time elapsed: 00:00:00
----------------------------------------------------------

241/249 Testing: test_JsonInterfaceSpice
241/249 Test: test_JsonInterfaceSpice
Command: "D:/S/tudat/bin/unit_tests/test_JsonInterfaceSpice.exe"
Directory: D:/S/debug/tudat/Tudat/JsonInterface
"test_JsonInterfaceSpice" start time: Oct 27 22:22 ?D1迆㊣那℅?那㊣??
Output:
----------------------------------------------------------
Running 3 test cases...

*** No errors detected
<end of output>
Test time =   0.02 sec
----------------------------------------------------------
Test Passed.
"test_JsonInterfaceSpice" end time: Oct 27 22:22 ?D1迆㊣那℅?那㊣??
"test_JsonInterfaceSpice" time elapsed: 00:00:00
----------------------------------------------------------

242/249 Testing: test_JsonInterfaceState
242/249 Test: test_JsonInterfaceState
Command: "D:/S/tudat/bin/unit_tests/test_JsonInterfaceState.exe"
Directory: D:/S/debug/tudat/Tudat/JsonInterface
"test_JsonInterfaceState" start time: Oct 27 22:22 ?D1迆㊣那℅?那㊣??
Output:
----------------------------------------------------------
Running 5 test cases...

*** No errors detected
<end of output>
Test time =   0.12 sec
----------------------------------------------------------
Test Passed.
"test_JsonInterfaceState" end time: Oct 27 22:22 ?D1迆㊣那℅?那㊣??
"test_JsonInterfaceState" time elapsed: 00:00:00
----------------------------------------------------------

243/249 Testing: test_JsonInterfaceTermination
243/249 Test: test_JsonInterfaceTermination
Command: "D:/S/tudat/bin/unit_tests/test_JsonInterfaceTermination.exe"
Directory: D:/S/debug/tudat/Tudat/JsonInterface
"test_JsonInterfaceTermination" start time: Oct 27 22:22 ?D1迆㊣那℅?那㊣??
Output:
----------------------------------------------------------
Running 4 test cases...

*** No errors detected
<end of output>
Test time =   0.04 sec
----------------------------------------------------------
Test Passed.
"test_JsonInterfaceTermination" end time: Oct 27 22:22 ?D1迆㊣那℅?那㊣??
"test_JsonInterfaceTermination" time elapsed: 00:00:00
----------------------------------------------------------

244/249 Testing: test_JsonInterfaceThrust
244/249 Test: test_JsonInterfaceThrust
Command: "D:/S/tudat/bin/unit_tests/test_JsonInterfaceThrust.exe"
Directory: D:/S/debug/tudat/Tudat/JsonInterface
"test_JsonInterfaceThrust" start time: Oct 27 22:22 ?D1迆㊣那℅?那㊣??
Output:
----------------------------------------------------------
Running 5 test cases...

*** No errors detected
<end of output>
Test time =   0.02 sec
----------------------------------------------------------
Test Passed.
"test_JsonInterfaceThrust" end time: Oct 27 22:22 ?D1迆㊣那℅?那㊣??
"test_JsonInterfaceThrust" time elapsed: 00:00:00
----------------------------------------------------------

245/249 Testing: test_JsonInterfaceTorque
245/249 Test: test_JsonInterfaceTorque
Command: "D:/S/tudat/bin/unit_tests/test_JsonInterfaceTorque.exe"
Directory: D:/S/debug/tudat/Tudat/JsonInterface
"test_JsonInterfaceTorque" start time: Oct 27 22:22 ?D1迆㊣那℅?那㊣??
Output:
----------------------------------------------------------
Running 3 test cases...

*** No errors detected
<end of output>
Test time =   0.02 sec
----------------------------------------------------------
Test Passed.
"test_JsonInterfaceTorque" end time: Oct 27 22:22 ?D1迆㊣那℅?那㊣??
"test_JsonInterfaceTorque" time elapsed: 00:00:00
----------------------------------------------------------

246/249 Testing: test_JsonInterfaceVariable
246/249 Test: test_JsonInterfaceVariable
Command: "D:/S/tudat/bin/unit_tests/test_JsonInterfaceVariable.exe"
Directory: D:/S/debug/tudat/Tudat/JsonInterface
"test_JsonInterfaceVariable" start time: Oct 27 22:22 ?D1迆㊣那℅?那㊣??
Output:
----------------------------------------------------------
Running 11 test cases...

*** No errors detected
<end of output>
Test time =   0.03 sec
----------------------------------------------------------
Test Passed.
"test_JsonInterfaceVariable" end time: Oct 27 22:22 ?D1迆㊣那℅?那㊣??
"test_JsonInterfaceVariable" time elapsed: 00:00:00
----------------------------------------------------------

247/249 Testing: test_JsonInterfaceObservation
247/249 Test: test_JsonInterfaceObservation
Command: "D:/S/tudat/bin/unit_tests/test_JsonInterfaceObservation.exe"
Directory: D:/S/debug/tudat/Tudat/JsonInterface
"test_JsonInterfaceObservation" start time: Oct 27 22:22 ?D1迆㊣那℅?那㊣??
Output:
----------------------------------------------------------
Running 1 test case...
Warning, assuming constant integration time of 1-way differenced range when parsing to JSON, correctness not ensured
Warning, assuming constant integration time of 1-way differenced range when parsing to JSON, correctness not ensured
Warning, assuming constant integration time of 1-way differenced range when parsing to JSON, correctness not ensured
Warning, assuming constant integration time of 1-way differenced range when parsing to JSON, correctness not ensured
Warning, assuming constant integration time of 1-way differenced range when parsing to JSON, correctness not ensured

*** No errors detected
<end of output>
Test time =   0.14 sec
----------------------------------------------------------
Test Passed.
"test_JsonInterfaceObservation" end time: Oct 27 22:22 ?D1迆㊣那℅?那㊣??
"test_JsonInterfaceObservation" time elapsed: 00:00:00
----------------------------------------------------------

248/249 Testing: test_JsonInterfaceParameter
248/249 Test: test_JsonInterfaceParameter
Command: "D:/S/tudat/bin/unit_tests/test_JsonInterfaceParameter.exe"
Directory: D:/S/debug/tudat/Tudat/JsonInterface
"test_JsonInterfaceParameter" start time: Oct 27 22:22 ?D1迆㊣那℅?那㊣??
Output:
----------------------------------------------------------
Running 1 test case...
D:/S/tudat/Tudat/JsonInterface/UnitTests/unitTestSupport.h(62): error: in "test_json_observation/test_json_acceleration_sphericalHarmonicGravity": check fromFile == manual has failed [[
  {
    "associatedBody": "Earth",
    "centralBody": "Sun",
    "frameOrientation": "ECLIPJ2000",
    "initialStateValue": [
      [
        -121328597860.406
      ],
      [
        -89136317860.3463
      ],
      [
        302293.104215725
      ],
      [
        17142.7089896454
      ],
      [
        -24123.894413147
      ],
      [
        1.06644083113397
      ]
    ],
    "parameterType": "initialBodyState"
  },
  {
    "arcStartTimes": [
      10000000.0,
      27452800.0,
      44905600.0
    ],
    "associatedBody": "Mars",
    "centralBody": "Sun",
    "frameOrientation": "ECLIPJ2000",
    "initialStateValue": [
      [
        89168784213.3471
      ],
      [
        207896122338.366
      ],
      [
        2163042294.27056
      ],
      [
        -21346.7391339686
      ],
      [
        11611.2327950273
      ],
      [
        767.943938244597
      ],
      [
        89168784213.3471
      ],
      [
        207896122338.366
      ],
      [
        2163042294.27056
      ],
      [
        -21346.7391339686
      ],
      [
        11611.2327950273
      ],
      [
        767.943938244597
      ],
      [
        89168784213.3471
      ],
      [
        207896122338.366
      ],
      [
        2163042294.27056
      ],
      [
        -21346.7391339686
      ],
      [
        11611.2327950273
      ],
      [
        767.943938244597
      ]
    ],
    "parameterType": "arcWiseInitialBodyState"
  },
  {
    "associatedBody": "global_metric",
    "parameterType": "ppnParameterGamma"
  },
  {
    "associatedBody": "Vehicle",
    "parameterType": "radiationPressureCoefficient"
  },
  {
    "associatedBody": "Vehicle",
    "parameterType": "constantDragCoefficient"
  },
  {
    "associatedBody": "Earth",
    "parameterType": "constantRotationRate"
  },
  {
    "associatedBody": "Earth",
    "parameterType": "rotationPolePosition"
  },
  {
    "associatedBody": "Earth",
    "parameterType": "groundStationPosition",
    "secondaryIdentifier": "Station1"
  },
  {
    "associatedBody": "Earth",
    "parameterType": "groundStationPosition",
    "secondaryIdentifier": "Station2"
  },
  {
    "associatedBody": "Vehicle",
    "linkEnds": {
      "receiver": [
        "Earth",
        "Station1"
      ],
      "transmitter": [
        "Vehicle",
        ""
      ]
    },
    "observableType": "oneWayRange",
    "parameterType": "constantAdditiveObservationBias"
  },
  {
    "associatedBody": "Earth",
    "linkEnds": {
      "receiver": [
        "Vehicle",
        ""
      ],
      "transmitter": [
        "Earth",
        "Station1"
      ]
    },
    "observableType": "oneWayRange",
    "parameterType": "constantRelativeObservationBias",
    "secondaryIdentifier": "Station1"
  },
  {
    "arcStartTimes": [
      10000000.0,
      27452800.0,
      44905600.0
    ],
    "associatedBody": "Earth",
    "linkEnds": {
      "receiver": [
        "Vehicle",
        ""
      ],
      "transmitter": [
        "Earth",
        "Station1"
      ]
    },
    "observableType": "oneWayRange",
    "parameterType": "arcwiseConstantAdditiveObservationBias",
    "referenceLinkEnd": "receiver",
    "secondaryIdentifier": "Station1"
  },
  {
    "arcStartTimes": [
      10000000.0,
      27452800.0,
      44905600.0
    ],
    "associatedBody": "Vehicle",
    "linkEnds": {
      "receiver": [
        "Earth",
        "Station1"
      ],
      "transmitter": [
        "Vehicle",
        ""
      ]
    },
    "observableType": "oneWayRange",
    "parameterType": "arcwiseConstantRelativeObservationBias",
    "referenceLinkEnd": "reflector1"
  },
  {
    "associatedBody": "Earth",
    "maximumDegree": 8,
    "maximumOrder": 8,
    "minimumDegree": 2,
    "minimumOrder": 0,
    "parameterType": "sphericalHarmonicsCosineCoefficientBlock"
  },
  {
    "associatedBody": "Earth",
    "maximumDegree": 8,
    "maximumOrder": 8,
    "minimumDegree": 2,
    "minimumOrder": 1,
    "parameterType": "sphericalHarmonicsSineCoefficientBlock"
  },
  {
    "associatedBody": "Sun",
    "coefficientIndices": [
      [
        2,
        0
      ],
      [
        2,
        2
      ]
    ],
    "parameterType": "sphericalHarmonicsCosineCoefficientBlock"
  },
  {
    "associatedBody": "Sun",
    "coefficientIndices": [
      [
        2,
        0
      ],
      [
        2,
        2
      ]
    ],
    "parameterType": "sphericalHarmonicsSineCoefficientBlock"
  },
  {
    "arcStartTimes": [
      10000000.0,
      35920000.0
    ],
    "associatedBody": "Vehicle",
    "centralBody": "Earth",
    "componentsToEstimate": {
      "acrossTrack": [
        "cosine",
        "constant"
      ],
      "alongTrack": [
        "cosine",
        "sine"
      ],
      "radial": [
        "sine"
      ]
    },
    "parameterType": "arcWiseEmpiricalAccelerationCoefficients"
  },
  {
    "associatedBody": "Vehicle",
    "centralBody": "Earth",
    "componentsToEstimate": {
      "acrossTrack": [
        "cosine",
        "constant"
      ],
      "alongTrack": [
        "cosine",
        "sine"
      ],
      "radial": [
        "sine"
      ]
    },
    "parameterType": "empiricalAccelerationCoefficients"
  },
  {
    "arcStartTimes": [
      10000000.0,
      27452800.0,
      44905600.0
    ],
    "associatedBody": "Vehicle",
    "parameterType": "arcWiseRadiationPressureCoefficient"
  },
  {
    "associatedBody": "Earth",
    "deformingBodies": [
      "Sun"
    ],
    "degree": 2,
    "parameterType": "fullDegreeTidalLoveNumber",
    "useComplexValue": false
  },
  {
    "associatedBody": "Earth",
    "deformingBodies": [
      "Sun",
      "Moon"
    ],
    "degree": 2,
    "parameterType": "fullDegreeTidalLoveNumber",
    "useComplexValue": true
  },
  {
    "associatedBody": "Earth",
    "deformingBodies": [
      "Sun"
    ],
    "degree": 2,
    "orders": [
      0,
      2
    ],
    "parameterType": "singleDegreeVariableTidalLoveNumber",
    "useComplexValue": true
  },
  {
    "associatedBody": "Earth",
    "deformingBodies": [
      "Sun",
      "Moon"
    ],
    "degree": 2,
    "orders": [
      0,
      2
    ],
    "parameterType": "singleDegreeVariableTidalLoveNumber",
    "useComplexValue": false
  },
  {
    "associatedBody": "Earth",
    "deformingBodies": [
      "Sun",
      "Moon"
    ],
    "parameterType": "directDissipationTidalTimeLag"
  },
  {
    "associatedBody": "Earth",
    "deformingBodies": [
      "Sun"
    ],
    "parameterType": "directDissipationTidalTimeLag"
  }
] != [
  {
    "associatedBody": "Earth",
    "centralBody": "Sun",
    "frameOrientation": "ECLIPJ2000",
    "initialStateValue": [
      [
        -121328597860.406
      ],
      [
        -89136317860.3463
      ],
      [
        302293.104216456
      ],
      [
        17142.7089896454
      ],
      [
        -24123.894413147
      ],
      [
        1.06644083113316
      ]
    ],
    "parameterType": "initialBodyState"
  },
  {
    "arcStartTimes": [
      10000000.0,
      27452800.0,
      44905600.0
    ],
    "associatedBody": "Mars",
    "centralBody": "Sun",
    "frameOrientation": "ECLIPJ2000",
    "initialStateValue": [
      [
        89168784213.3471
      ],
      [
        207896122338.366
      ],
      [
        2163042294.27056
      ],
      [
        -21346.7391339686
      ],
      [
        11611.2327950273
      ],
      [
        767.943938244597
      ],
      [
        89168784213.3471
      ],
      [
        207896122338.366
      ],
      [
        2163042294.27056
      ],
      [
        -21346.7391339686
      ],
      [
        11611.2327950273
      ],
      [
        767.943938244597
      ],
      [
        89168784213.3471
      ],
      [
        207896122338.366
      ],
      [
        2163042294.27056
      ],
      [
        -21346.7391339686
      ],
      [
        11611.2327950273
      ],
      [
        767.943938244597
      ]
    ],
    "parameterType": "arcWiseInitialBodyState"
  },
  {
    "associatedBody": "global_metric",
    "parameterType": "ppnParameterGamma"
  },
  {
    "associatedBody": "Vehicle",
    "parameterType": "radiationPressureCoefficient"
  },
  {
    "associatedBody": "Vehicle",
    "parameterType": "constantDragCoefficient"
  },
  {
    "associatedBody": "Earth",
    "parameterType": "constantRotationRate"
  },
  {
    "associatedBody": "Earth",
    "parameterType": "rotationPolePosition"
  },
  {
    "associatedBody": "Earth",
    "parameterType": "groundStationPosition",
    "secondaryIdentifier": "Station1"
  },
  {
    "associatedBody": "Earth",
    "parameterType": "groundStationPosition",
    "secondaryIdentifier": "Station2"
  },
  {
    "associatedBody": "Vehicle",
    "linkEnds": {
      "receiver": [
        "Earth",
        "Station1"
      ],
      "transmitter": [
        "Vehicle",
        ""
      ]
    },
    "observableType": "oneWayRange",
    "parameterType": "constantAdditiveObservationBias"
  },
  {
    "associatedBody": "Earth",
    "linkEnds": {
      "receiver": [
        "Vehicle",
        ""
      ],
      "transmitter": [
        "Earth",
        "Station1"
      ]
    },
    "observableType": "oneWayRange",
    "parameterType": "constantRelativeObservationBias",
    "secondaryIdentifier": "Station1"
  },
  {
    "arcStartTimes": [
      10000000.0,
      27452800.0,
      44905600.0
    ],
    "associatedBody": "Earth",
    "linkEnds": {
      "receiver": [
        "Vehicle",
        ""
      ],
      "transmitter": [
        "Earth",
        "Station1"
      ]
    },
    "observableType": "oneWayRange",
    "parameterType": "arcwiseConstantAdditiveObservationBias",
    "referenceLinkEnd": "receiver",
    "secondaryIdentifier": "Station1"
  },
  {
    "arcStartTimes": [
      10000000.0,
      27452800.0,
      44905600.0
    ],
    "associatedBody": "Vehicle",
    "linkEnds": {
      "receiver": [
        "Earth",
        "Station1"
      ],
      "transmitter": [
        "Vehicle",
        ""
      ]
    },
    "observableType": "oneWayRange",
    "parameterType": "arcwiseConstantRelativeObservationBias",
    "referenceLinkEnd": "reflector1"
  },
  {
    "associatedBody": "Earth",
    "maximumDegree": 8,
    "maximumOrder": 8,
    "minimumDegree": 2,
    "minimumOrder": 0,
    "parameterType": "sphericalHarmonicsCosineCoefficientBlock"
  },
  {
    "associatedBody": "Earth",
    "maximumDegree": 8,
    "maximumOrder": 8,
    "minimumDegree": 2,
    "minimumOrder": 1,
    "parameterType": "sphericalHarmonicsSineCoefficientBlock"
  },
  {
    "associatedBody": "Sun",
    "coefficientIndices": [
      [
        2,
        0
      ],
      [
        2,
        2
      ]
    ],
    "parameterType": "sphericalHarmonicsCosineCoefficientBlock"
  },
  {
    "associatedBody": "Sun",
    "coefficientIndices": [
      [
        2,
        0
      ],
      [
        2,
        2
      ]
    ],
    "parameterType": "sphericalHarmonicsSineCoefficientBlock"
  },
  {
    "arcStartTimes": [
      10000000.0,
      35920000.0
    ],
    "associatedBody": "Vehicle",
    "centralBody": "Earth",
    "componentsToEstimate": {
      "acrossTrack": [
        "cosine",
        "constant"
      ],
      "alongTrack": [
        "cosine",
        "sine"
      ],
      "radial": [
        "sine"
      ]
    },
    "parameterType": "arcWiseEmpiricalAccelerationCoefficients"
  },
  {
    "associatedBody": "Vehicle",
    "centralBody": "Earth",
    "componentsToEstimate": {
      "acrossTrack": [
        "cosine",
        "constant"
      ],
      "alongTrack": [
        "cosine",
        "sine"
      ],
      "radial": [
        "sine"
      ]
    },
    "parameterType": "empiricalAccelerationCoefficients"
  },
  {
    "arcStartTimes": [
      10000000.0,
      27452800.0,
      44905600.0
    ],
    "associatedBody": "Vehicle",
    "parameterType": "arcWiseRadiationPressureCoefficient"
  },
  {
    "associatedBody": "Earth",
    "deformingBodies": [
      "Sun"
    ],
    "degree": 2,
    "parameterType": "fullDegreeTidalLoveNumber",
    "useComplexValue": false
  },
  {
    "associatedBody": "Earth",
    "deformingBodies": [
      "Sun",
      "Moon"
    ],
    "degree": 2,
    "parameterType": "fullDegreeTidalLoveNumber",
    "useComplexValue": true
  },
  {
    "associatedBody": "Earth",
    "deformingBodies": [
      "Sun"
    ],
    "degree": 2,
    "orders": [
      0,
      2
    ],
    "parameterType": "singleDegreeVariableTidalLoveNumber",
    "useComplexValue": true
  },
  {
    "associatedBody": "Earth",
    "deformingBodies": [
      "Sun",
      "Moon"
    ],
    "degree": 2,
    "orders": [
      0,
      2
    ],
    "parameterType": "singleDegreeVariableTidalLoveNumber",
    "useComplexValue": false
  },
  {
    "associatedBody": "Earth",
    "deformingBodies": [
      "Sun",
      "Moon"
    ],
    "parameterType": "directDissipationTidalTimeLag"
  },
  {
    "associatedBody": "Earth",
    "deformingBodies": [
      "Sun"
    ],
    "parameterType": "directDissipationTidalTimeLag"
  }
]]

*** 1 failure is detected in the test module "Master Test Suite"
<end of output>
Test time =   0.11 sec
----------------------------------------------------------
Test Failed.
"test_JsonInterfaceParameter" end time: Oct 27 22:22 ?D1迆㊣那℅?那㊣??
"test_JsonInterfaceParameter" time elapsed: 00:00:00
----------------------------------------------------------

249/249 Testing: test_JsonInterfaceSimulationSingleSatelliteVariational
249/249 Test: test_JsonInterfaceSimulationSingleSatelliteVariational
Command: "D:/S/tudat/bin/unit_tests/test_JsonInterfaceSimulationSingleSatelliteVariational.exe"
Directory: D:/S/debug/tudat/Tudat/JsonInterface
"test_JsonInterfaceSimulationSingleSatelliteVariational" start time: Oct 27 22:22 ?D1迆㊣那℅?那㊣??
Output:
----------------------------------------------------------
Running 1 test case...
Assertion failed!

Program: D:\S\tudat\bin\unit_tests\test_JsonInterfaceSimulationSingleSatelliteVariational.exe
File: D:/S/eigen/Eigen/src/Core/DenseStorage.h, Line 109

Expression: (internal::UIntPtr(eigen_unaligned_array_assert_workaround_gcc47(array)) & (15)) == 0 && "this assertion is explained here: " "http://eigen.tuxfamily.org/dox-devel/group__TopicUnalignedArrayAssert.html" " **** READ THIS WEB PAGE !!! ****"
<end of output>
Test time =   0.09 sec
----------------------------------------------------------
Test Failed.
"test_JsonInterfaceSimulationSingleSatelliteVariational" end time: Oct 27 22:22 ?D1迆㊣那℅?那㊣??
"test_JsonInterfaceSimulationSingleSatelliteVariational" time elapsed: 00:00:00
----------------------------------------------------------

End testing: Oct 27 22:22 ?D1迆㊣那℅?那㊣??
